<?xml version="1.0" encoding="UTF-8"?>
<!-- Generated by org.testng.reporters.JUnitXMLReporter -->
<testsuite ignored="0" hostname="LAPTOP-IF2LQPSQ" failures="79" tests="79" name="Test" time="24.978" errors="0" timestamp="2024-09-25T07:25:27 IST">
  <testcase classname="io.cucumber.testng.AbstractTestNGCucumberTests" name="runScenario" time="0.098">
    <failure type="io.cucumber.testng.UndefinedStepException" message="The step &amp;apos;In plan type All&amp;apos; and 3 other step(s) are undefined.
You can implement these steps using the snippet(s) below:

@Given(&amp;quot;In plan type All&amp;quot;)
public void in_plan_type_all() {
    // Write code here that turns the phrase above into concrete actions
    throw new io.cucumber.java.PendingException();
}
@When(&amp;quot;Verify if Total Messages value exist&amp;quot;)
public void verify_if_total_messages_value_exist() {
    // Write code here that turns the phrase above into concrete actions
    throw new io.cucumber.java.PendingException();
}
@When(&amp;quot;Verify if Graph not exist when Total Messages &amp;lt;={int}&amp;quot;)
public void verify_if_graph_not_exist_when_total_messages(Integer int1) {
    // Write code here that turns the phrase above into concrete actions
    throw new io.cucumber.java.PendingException();
}
@When(&amp;quot;Verify if Graph exist when Total Total Messages &amp;gt;{int}&amp;quot;)
public void verify_if_graph_exist_when_total_total_messages(Integer int1) {
    // Write code here that turns the phrase above into concrete actions
    throw new io.cucumber.java.PendingException();
}
">
      <![CDATA[io.cucumber.testng.UndefinedStepException: The step 'In plan type All' and 3 other step(s) are undefined.
You can implement these steps using the snippet(s) below:

@Given("In plan type All")
public void in_plan_type_all() {
    // Write code here that turns the phrase above into concrete actions
    throw new io.cucumber.java.PendingException();
}
@When("Verify if Total Messages value exist")
public void verify_if_total_messages_value_exist() {
    // Write code here that turns the phrase above into concrete actions
    throw new io.cucumber.java.PendingException();
}
@When("Verify if Graph not exist when Total Messages <={int}")
public void verify_if_graph_not_exist_when_total_messages(Integer int1) {
    // Write code here that turns the phrase above into concrete actions
    throw new io.cucumber.java.PendingException();
}
@When("Verify if Graph exist when Total Total Messages >{int}")
public void verify_if_graph_exist_when_total_total_messages(Integer int1) {
    // Write code here that turns the phrase above into concrete actions
    throw new io.cucumber.java.PendingException();
}

at io.cucumber.core.runtime.TestCaseResultObserver.assertTestCasePassed(TestCaseResultObserver.java:69)
at io.cucumber.testng.TestCaseResultObserver.assertTestCasePassed(TestCaseResultObserver.java:23)
at io.cucumber.testng.TestNGCucumberRunner.lambda$runScenario$1(TestNGCucumberRunner.java:133)
at io.cucumber.core.runtime.CucumberExecutionContext.lambda$runTestCase$5(CucumberExecutionContext.java:136)
at io.cucumber.core.runtime.RethrowingThrowableCollector.executeAndThrow(RethrowingThrowableCollector.java:23)
at io.cucumber.core.runtime.CucumberExecutionContext.runTestCase(CucumberExecutionContext.java:136)
at io.cucumber.testng.TestNGCucumberRunner.runScenario(TestNGCucumberRunner.java:129)
at io.cucumber.testng.AbstractTestNGCucumberTests.runScenario(AbstractTestNGCucumberTests.java:35)
at java.base/java.util.ArrayList.forEach(ArrayList.java:1596)
... Removed 25 stack frames]]>
    </failure>
  </testcase> <!-- runScenario -->
  <testcase classname="io.cucumber.testng.AbstractTestNGCucumberTests" name="runScenario" time="0.01">
    <failure type="io.cucumber.testng.UndefinedStepException" message="The step &amp;apos;In plan type All&amp;apos; and 3 other step(s) are undefined.
You can implement these steps using the snippet(s) below:

@Given(&amp;quot;In plan type All&amp;quot;)
public void in_plan_type_all() {
    // Write code here that turns the phrase above into concrete actions
    throw new io.cucumber.java.PendingException();
}
@When(&amp;quot;Verify if Total Voice Calls value exist&amp;quot;)
public void verify_if_total_voice_calls_value_exist() {
    // Write code here that turns the phrase above into concrete actions
    throw new io.cucumber.java.PendingException();
}
@When(&amp;quot;Verify if Graph not exist when Total Voice Calls &amp;lt;={int}&amp;quot;)
public void verify_if_graph_not_exist_when_total_voice_calls(Integer int1) {
    // Write code here that turns the phrase above into concrete actions
    throw new io.cucumber.java.PendingException();
}
@When(&amp;quot;Verify if Graph exist when Total Total Voice Calls &amp;gt;{int}&amp;quot;)
public void verify_if_graph_exist_when_total_total_voice_calls(Integer int1) {
    // Write code here that turns the phrase above into concrete actions
    throw new io.cucumber.java.PendingException();
}
">
      <![CDATA[io.cucumber.testng.UndefinedStepException: The step 'In plan type All' and 3 other step(s) are undefined.
You can implement these steps using the snippet(s) below:

@Given("In plan type All")
public void in_plan_type_all() {
    // Write code here that turns the phrase above into concrete actions
    throw new io.cucumber.java.PendingException();
}
@When("Verify if Total Voice Calls value exist")
public void verify_if_total_voice_calls_value_exist() {
    // Write code here that turns the phrase above into concrete actions
    throw new io.cucumber.java.PendingException();
}
@When("Verify if Graph not exist when Total Voice Calls <={int}")
public void verify_if_graph_not_exist_when_total_voice_calls(Integer int1) {
    // Write code here that turns the phrase above into concrete actions
    throw new io.cucumber.java.PendingException();
}
@When("Verify if Graph exist when Total Total Voice Calls >{int}")
public void verify_if_graph_exist_when_total_total_voice_calls(Integer int1) {
    // Write code here that turns the phrase above into concrete actions
    throw new io.cucumber.java.PendingException();
}

at io.cucumber.core.runtime.TestCaseResultObserver.assertTestCasePassed(TestCaseResultObserver.java:69)
at io.cucumber.testng.TestCaseResultObserver.assertTestCasePassed(TestCaseResultObserver.java:23)
at io.cucumber.testng.TestNGCucumberRunner.lambda$runScenario$1(TestNGCucumberRunner.java:133)
at io.cucumber.core.runtime.CucumberExecutionContext.lambda$runTestCase$5(CucumberExecutionContext.java:136)
at io.cucumber.core.runtime.RethrowingThrowableCollector.executeAndThrow(RethrowingThrowableCollector.java:23)
at io.cucumber.core.runtime.CucumberExecutionContext.runTestCase(CucumberExecutionContext.java:136)
at io.cucumber.testng.TestNGCucumberRunner.runScenario(TestNGCucumberRunner.java:129)
at io.cucumber.testng.AbstractTestNGCucumberTests.runScenario(AbstractTestNGCucumberTests.java:35)
at java.base/java.util.ArrayList.forEach(ArrayList.java:1596)
... Removed 25 stack frames]]>
    </failure>
  </testcase> <!-- runScenario -->
  <testcase classname="io.cucumber.testng.AbstractTestNGCucumberTests" name="runScenario" time="0.011">
    <failure type="io.cucumber.testng.UndefinedStepException" message="The step &amp;apos;In plan type All&amp;apos; and 3 other step(s) are undefined.
You can implement these steps using the snippet(s) below:

@Given(&amp;quot;In plan type All&amp;quot;)
public void in_plan_type_all() {
    // Write code here that turns the phrase above into concrete actions
    throw new io.cucumber.java.PendingException();
}
@When(&amp;quot;Verify if Total Video Cals value exist&amp;quot;)
public void verify_if_total_video_cals_value_exist() {
    // Write code here that turns the phrase above into concrete actions
    throw new io.cucumber.java.PendingException();
}
@When(&amp;quot;Verify if Graph not exist when Total Video Cals &amp;lt;={int}&amp;quot;)
public void verify_if_graph_not_exist_when_total_video_cals(Integer int1) {
    // Write code here that turns the phrase above into concrete actions
    throw new io.cucumber.java.PendingException();
}
@When(&amp;quot;Verify if Graph exist when Total Total Video Cals &amp;gt;{int}&amp;quot;)
public void verify_if_graph_exist_when_total_total_video_cals(Integer int1) {
    // Write code here that turns the phrase above into concrete actions
    throw new io.cucumber.java.PendingException();
}
">
      <![CDATA[io.cucumber.testng.UndefinedStepException: The step 'In plan type All' and 3 other step(s) are undefined.
You can implement these steps using the snippet(s) below:

@Given("In plan type All")
public void in_plan_type_all() {
    // Write code here that turns the phrase above into concrete actions
    throw new io.cucumber.java.PendingException();
}
@When("Verify if Total Video Cals value exist")
public void verify_if_total_video_cals_value_exist() {
    // Write code here that turns the phrase above into concrete actions
    throw new io.cucumber.java.PendingException();
}
@When("Verify if Graph not exist when Total Video Cals <={int}")
public void verify_if_graph_not_exist_when_total_video_cals(Integer int1) {
    // Write code here that turns the phrase above into concrete actions
    throw new io.cucumber.java.PendingException();
}
@When("Verify if Graph exist when Total Total Video Cals >{int}")
public void verify_if_graph_exist_when_total_total_video_cals(Integer int1) {
    // Write code here that turns the phrase above into concrete actions
    throw new io.cucumber.java.PendingException();
}

at io.cucumber.core.runtime.TestCaseResultObserver.assertTestCasePassed(TestCaseResultObserver.java:69)
at io.cucumber.testng.TestCaseResultObserver.assertTestCasePassed(TestCaseResultObserver.java:23)
at io.cucumber.testng.TestNGCucumberRunner.lambda$runScenario$1(TestNGCucumberRunner.java:133)
at io.cucumber.core.runtime.CucumberExecutionContext.lambda$runTestCase$5(CucumberExecutionContext.java:136)
at io.cucumber.core.runtime.RethrowingThrowableCollector.executeAndThrow(RethrowingThrowableCollector.java:23)
at io.cucumber.core.runtime.CucumberExecutionContext.runTestCase(CucumberExecutionContext.java:136)
at io.cucumber.testng.TestNGCucumberRunner.runScenario(TestNGCucumberRunner.java:129)
at io.cucumber.testng.AbstractTestNGCucumberTests.runScenario(AbstractTestNGCucumberTests.java:35)
at java.base/java.util.ArrayList.forEach(ArrayList.java:1596)
... Removed 25 stack frames]]>
    </failure>
  </testcase> <!-- runScenario -->
  <testcase classname="io.cucumber.testng.AbstractTestNGCucumberTests" name="runScenario" time="0.012">
    <failure type="io.cucumber.testng.UndefinedStepException" message="The step &amp;apos;In plan type All&amp;apos; and 3 other step(s) are undefined.
You can implement these steps using the snippet(s) below:

@Given(&amp;quot;In plan type All&amp;quot;)
public void in_plan_type_all() {
    // Write code here that turns the phrase above into concrete actions
    throw new io.cucumber.java.PendingException();
}
@When(&amp;quot;Verify if Total Messages value exist&amp;quot;)
public void verify_if_total_messages_value_exist() {
    // Write code here that turns the phrase above into concrete actions
    throw new io.cucumber.java.PendingException();
}
@When(&amp;quot;Verify if Graph not exist when Total Messages &amp;lt;={int}&amp;quot;)
public void verify_if_graph_not_exist_when_total_messages(Integer int1) {
    // Write code here that turns the phrase above into concrete actions
    throw new io.cucumber.java.PendingException();
}
@When(&amp;quot;Verify if Graph exist when Total Total Messages &amp;gt;{int}&amp;quot;)
public void verify_if_graph_exist_when_total_total_messages(Integer int1) {
    // Write code here that turns the phrase above into concrete actions
    throw new io.cucumber.java.PendingException();
}
">
      <![CDATA[io.cucumber.testng.UndefinedStepException: The step 'In plan type All' and 3 other step(s) are undefined.
You can implement these steps using the snippet(s) below:

@Given("In plan type All")
public void in_plan_type_all() {
    // Write code here that turns the phrase above into concrete actions
    throw new io.cucumber.java.PendingException();
}
@When("Verify if Total Messages value exist")
public void verify_if_total_messages_value_exist() {
    // Write code here that turns the phrase above into concrete actions
    throw new io.cucumber.java.PendingException();
}
@When("Verify if Graph not exist when Total Messages <={int}")
public void verify_if_graph_not_exist_when_total_messages(Integer int1) {
    // Write code here that turns the phrase above into concrete actions
    throw new io.cucumber.java.PendingException();
}
@When("Verify if Graph exist when Total Total Messages >{int}")
public void verify_if_graph_exist_when_total_total_messages(Integer int1) {
    // Write code here that turns the phrase above into concrete actions
    throw new io.cucumber.java.PendingException();
}

at io.cucumber.core.runtime.TestCaseResultObserver.assertTestCasePassed(TestCaseResultObserver.java:69)
at io.cucumber.testng.TestCaseResultObserver.assertTestCasePassed(TestCaseResultObserver.java:23)
at io.cucumber.testng.TestNGCucumberRunner.lambda$runScenario$1(TestNGCucumberRunner.java:133)
at io.cucumber.core.runtime.CucumberExecutionContext.lambda$runTestCase$5(CucumberExecutionContext.java:136)
at io.cucumber.core.runtime.RethrowingThrowableCollector.executeAndThrow(RethrowingThrowableCollector.java:23)
at io.cucumber.core.runtime.CucumberExecutionContext.runTestCase(CucumberExecutionContext.java:136)
at io.cucumber.testng.TestNGCucumberRunner.runScenario(TestNGCucumberRunner.java:129)
at io.cucumber.testng.AbstractTestNGCucumberTests.runScenario(AbstractTestNGCucumberTests.java:35)
at java.base/java.util.ArrayList.forEach(ArrayList.java:1596)
... Removed 25 stack frames]]>
    </failure>
  </testcase> <!-- runScenario -->
  <testcase classname="io.cucumber.testng.AbstractTestNGCucumberTests" name="runScenario" time="0.008">
    <failure type="io.cucumber.testng.UndefinedStepException" message="The step &amp;apos;In plan type All&amp;apos; and 3 other step(s) are undefined.
You can implement these steps using the snippet(s) below:

@Given(&amp;quot;In plan type All&amp;quot;)
public void in_plan_type_all() {
    // Write code here that turns the phrase above into concrete actions
    throw new io.cucumber.java.PendingException();
}
@When(&amp;quot;Verify if Total Voice Calls value exist&amp;quot;)
public void verify_if_total_voice_calls_value_exist() {
    // Write code here that turns the phrase above into concrete actions
    throw new io.cucumber.java.PendingException();
}
@When(&amp;quot;Verify if Graph not exist when Total Voice Calls &amp;lt;={int}&amp;quot;)
public void verify_if_graph_not_exist_when_total_voice_calls(Integer int1) {
    // Write code here that turns the phrase above into concrete actions
    throw new io.cucumber.java.PendingException();
}
@When(&amp;quot;Verify if Graph exist when Total Total Voice Calls &amp;gt;{int}&amp;quot;)
public void verify_if_graph_exist_when_total_total_voice_calls(Integer int1) {
    // Write code here that turns the phrase above into concrete actions
    throw new io.cucumber.java.PendingException();
}
">
      <![CDATA[io.cucumber.testng.UndefinedStepException: The step 'In plan type All' and 3 other step(s) are undefined.
You can implement these steps using the snippet(s) below:

@Given("In plan type All")
public void in_plan_type_all() {
    // Write code here that turns the phrase above into concrete actions
    throw new io.cucumber.java.PendingException();
}
@When("Verify if Total Voice Calls value exist")
public void verify_if_total_voice_calls_value_exist() {
    // Write code here that turns the phrase above into concrete actions
    throw new io.cucumber.java.PendingException();
}
@When("Verify if Graph not exist when Total Voice Calls <={int}")
public void verify_if_graph_not_exist_when_total_voice_calls(Integer int1) {
    // Write code here that turns the phrase above into concrete actions
    throw new io.cucumber.java.PendingException();
}
@When("Verify if Graph exist when Total Total Voice Calls >{int}")
public void verify_if_graph_exist_when_total_total_voice_calls(Integer int1) {
    // Write code here that turns the phrase above into concrete actions
    throw new io.cucumber.java.PendingException();
}

at io.cucumber.core.runtime.TestCaseResultObserver.assertTestCasePassed(TestCaseResultObserver.java:69)
at io.cucumber.testng.TestCaseResultObserver.assertTestCasePassed(TestCaseResultObserver.java:23)
at io.cucumber.testng.TestNGCucumberRunner.lambda$runScenario$1(TestNGCucumberRunner.java:133)
at io.cucumber.core.runtime.CucumberExecutionContext.lambda$runTestCase$5(CucumberExecutionContext.java:136)
at io.cucumber.core.runtime.RethrowingThrowableCollector.executeAndThrow(RethrowingThrowableCollector.java:23)
at io.cucumber.core.runtime.CucumberExecutionContext.runTestCase(CucumberExecutionContext.java:136)
at io.cucumber.testng.TestNGCucumberRunner.runScenario(TestNGCucumberRunner.java:129)
at io.cucumber.testng.AbstractTestNGCucumberTests.runScenario(AbstractTestNGCucumberTests.java:35)
at java.base/java.util.ArrayList.forEach(ArrayList.java:1596)
... Removed 25 stack frames]]>
    </failure>
  </testcase> <!-- runScenario -->
  <testcase classname="io.cucumber.testng.AbstractTestNGCucumberTests" name="runScenario" time="0.007">
    <failure type="io.cucumber.testng.UndefinedStepException" message="The step &amp;apos;In plan type All&amp;apos; and 3 other step(s) are undefined.
You can implement these steps using the snippet(s) below:

@Given(&amp;quot;In plan type All&amp;quot;)
public void in_plan_type_all() {
    // Write code here that turns the phrase above into concrete actions
    throw new io.cucumber.java.PendingException();
}
@When(&amp;quot;Verify if Total Video Cals value exist&amp;quot;)
public void verify_if_total_video_cals_value_exist() {
    // Write code here that turns the phrase above into concrete actions
    throw new io.cucumber.java.PendingException();
}
@When(&amp;quot;Verify if Graph not exist when Total Video Cals &amp;lt;={int}&amp;quot;)
public void verify_if_graph_not_exist_when_total_video_cals(Integer int1) {
    // Write code here that turns the phrase above into concrete actions
    throw new io.cucumber.java.PendingException();
}
@When(&amp;quot;Verify if Graph exist when Total Total Video Cals &amp;gt;{int}&amp;quot;)
public void verify_if_graph_exist_when_total_total_video_cals(Integer int1) {
    // Write code here that turns the phrase above into concrete actions
    throw new io.cucumber.java.PendingException();
}
">
      <![CDATA[io.cucumber.testng.UndefinedStepException: The step 'In plan type All' and 3 other step(s) are undefined.
You can implement these steps using the snippet(s) below:

@Given("In plan type All")
public void in_plan_type_all() {
    // Write code here that turns the phrase above into concrete actions
    throw new io.cucumber.java.PendingException();
}
@When("Verify if Total Video Cals value exist")
public void verify_if_total_video_cals_value_exist() {
    // Write code here that turns the phrase above into concrete actions
    throw new io.cucumber.java.PendingException();
}
@When("Verify if Graph not exist when Total Video Cals <={int}")
public void verify_if_graph_not_exist_when_total_video_cals(Integer int1) {
    // Write code here that turns the phrase above into concrete actions
    throw new io.cucumber.java.PendingException();
}
@When("Verify if Graph exist when Total Total Video Cals >{int}")
public void verify_if_graph_exist_when_total_total_video_cals(Integer int1) {
    // Write code here that turns the phrase above into concrete actions
    throw new io.cucumber.java.PendingException();
}

at io.cucumber.core.runtime.TestCaseResultObserver.assertTestCasePassed(TestCaseResultObserver.java:69)
at io.cucumber.testng.TestCaseResultObserver.assertTestCasePassed(TestCaseResultObserver.java:23)
at io.cucumber.testng.TestNGCucumberRunner.lambda$runScenario$1(TestNGCucumberRunner.java:133)
at io.cucumber.core.runtime.CucumberExecutionContext.lambda$runTestCase$5(CucumberExecutionContext.java:136)
at io.cucumber.core.runtime.RethrowingThrowableCollector.executeAndThrow(RethrowingThrowableCollector.java:23)
at io.cucumber.core.runtime.CucumberExecutionContext.runTestCase(CucumberExecutionContext.java:136)
at io.cucumber.testng.TestNGCucumberRunner.runScenario(TestNGCucumberRunner.java:129)
at io.cucumber.testng.AbstractTestNGCucumberTests.runScenario(AbstractTestNGCucumberTests.java:35)
at java.base/java.util.ArrayList.forEach(ArrayList.java:1596)
... Removed 25 stack frames]]>
    </failure>
  </testcase> <!-- runScenario -->
  <testcase classname="io.cucumber.testng.AbstractTestNGCucumberTests" name="runScenario" time="0.007">
    <failure type="io.cucumber.testng.UndefinedStepException" message="The step &amp;apos;In plan type All&amp;apos; and 3 other step(s) are undefined.
You can implement these steps using the snippet(s) below:

@Given(&amp;quot;In plan type All&amp;quot;)
public void in_plan_type_all() {
    // Write code here that turns the phrase above into concrete actions
    throw new io.cucumber.java.PendingException();
}
@When(&amp;quot;Verify if Total Messages value exist&amp;quot;)
public void verify_if_total_messages_value_exist() {
    // Write code here that turns the phrase above into concrete actions
    throw new io.cucumber.java.PendingException();
}
@When(&amp;quot;Verify if Graph not exist when Total Messages &amp;lt;={int}&amp;quot;)
public void verify_if_graph_not_exist_when_total_messages(Integer int1) {
    // Write code here that turns the phrase above into concrete actions
    throw new io.cucumber.java.PendingException();
}
@When(&amp;quot;Verify if Graph exist when Total Total Messages &amp;gt;{int}&amp;quot;)
public void verify_if_graph_exist_when_total_total_messages(Integer int1) {
    // Write code here that turns the phrase above into concrete actions
    throw new io.cucumber.java.PendingException();
}
">
      <![CDATA[io.cucumber.testng.UndefinedStepException: The step 'In plan type All' and 3 other step(s) are undefined.
You can implement these steps using the snippet(s) below:

@Given("In plan type All")
public void in_plan_type_all() {
    // Write code here that turns the phrase above into concrete actions
    throw new io.cucumber.java.PendingException();
}
@When("Verify if Total Messages value exist")
public void verify_if_total_messages_value_exist() {
    // Write code here that turns the phrase above into concrete actions
    throw new io.cucumber.java.PendingException();
}
@When("Verify if Graph not exist when Total Messages <={int}")
public void verify_if_graph_not_exist_when_total_messages(Integer int1) {
    // Write code here that turns the phrase above into concrete actions
    throw new io.cucumber.java.PendingException();
}
@When("Verify if Graph exist when Total Total Messages >{int}")
public void verify_if_graph_exist_when_total_total_messages(Integer int1) {
    // Write code here that turns the phrase above into concrete actions
    throw new io.cucumber.java.PendingException();
}

at io.cucumber.core.runtime.TestCaseResultObserver.assertTestCasePassed(TestCaseResultObserver.java:69)
at io.cucumber.testng.TestCaseResultObserver.assertTestCasePassed(TestCaseResultObserver.java:23)
at io.cucumber.testng.TestNGCucumberRunner.lambda$runScenario$1(TestNGCucumberRunner.java:133)
at io.cucumber.core.runtime.CucumberExecutionContext.lambda$runTestCase$5(CucumberExecutionContext.java:136)
at io.cucumber.core.runtime.RethrowingThrowableCollector.executeAndThrow(RethrowingThrowableCollector.java:23)
at io.cucumber.core.runtime.CucumberExecutionContext.runTestCase(CucumberExecutionContext.java:136)
at io.cucumber.testng.TestNGCucumberRunner.runScenario(TestNGCucumberRunner.java:129)
at io.cucumber.testng.AbstractTestNGCucumberTests.runScenario(AbstractTestNGCucumberTests.java:35)
at java.base/java.util.ArrayList.forEach(ArrayList.java:1596)
... Removed 25 stack frames]]>
    </failure>
  </testcase> <!-- runScenario -->
  <testcase classname="io.cucumber.testng.AbstractTestNGCucumberTests" name="runScenario" time="0.007">
    <failure type="io.cucumber.testng.UndefinedStepException" message="The step &amp;apos;In plan type All&amp;apos; and 3 other step(s) are undefined.
You can implement these steps using the snippet(s) below:

@Given(&amp;quot;In plan type All&amp;quot;)
public void in_plan_type_all() {
    // Write code here that turns the phrase above into concrete actions
    throw new io.cucumber.java.PendingException();
}
@When(&amp;quot;Verify if Total Voice Calls value exist&amp;quot;)
public void verify_if_total_voice_calls_value_exist() {
    // Write code here that turns the phrase above into concrete actions
    throw new io.cucumber.java.PendingException();
}
@When(&amp;quot;Verify if Graph not exist when Total Voice Calls &amp;lt;={int}&amp;quot;)
public void verify_if_graph_not_exist_when_total_voice_calls(Integer int1) {
    // Write code here that turns the phrase above into concrete actions
    throw new io.cucumber.java.PendingException();
}
@When(&amp;quot;Verify if Graph exist when Total Total Voice Calls &amp;gt;{int}&amp;quot;)
public void verify_if_graph_exist_when_total_total_voice_calls(Integer int1) {
    // Write code here that turns the phrase above into concrete actions
    throw new io.cucumber.java.PendingException();
}
">
      <![CDATA[io.cucumber.testng.UndefinedStepException: The step 'In plan type All' and 3 other step(s) are undefined.
You can implement these steps using the snippet(s) below:

@Given("In plan type All")
public void in_plan_type_all() {
    // Write code here that turns the phrase above into concrete actions
    throw new io.cucumber.java.PendingException();
}
@When("Verify if Total Voice Calls value exist")
public void verify_if_total_voice_calls_value_exist() {
    // Write code here that turns the phrase above into concrete actions
    throw new io.cucumber.java.PendingException();
}
@When("Verify if Graph not exist when Total Voice Calls <={int}")
public void verify_if_graph_not_exist_when_total_voice_calls(Integer int1) {
    // Write code here that turns the phrase above into concrete actions
    throw new io.cucumber.java.PendingException();
}
@When("Verify if Graph exist when Total Total Voice Calls >{int}")
public void verify_if_graph_exist_when_total_total_voice_calls(Integer int1) {
    // Write code here that turns the phrase above into concrete actions
    throw new io.cucumber.java.PendingException();
}

at io.cucumber.core.runtime.TestCaseResultObserver.assertTestCasePassed(TestCaseResultObserver.java:69)
at io.cucumber.testng.TestCaseResultObserver.assertTestCasePassed(TestCaseResultObserver.java:23)
at io.cucumber.testng.TestNGCucumberRunner.lambda$runScenario$1(TestNGCucumberRunner.java:133)
at io.cucumber.core.runtime.CucumberExecutionContext.lambda$runTestCase$5(CucumberExecutionContext.java:136)
at io.cucumber.core.runtime.RethrowingThrowableCollector.executeAndThrow(RethrowingThrowableCollector.java:23)
at io.cucumber.core.runtime.CucumberExecutionContext.runTestCase(CucumberExecutionContext.java:136)
at io.cucumber.testng.TestNGCucumberRunner.runScenario(TestNGCucumberRunner.java:129)
at io.cucumber.testng.AbstractTestNGCucumberTests.runScenario(AbstractTestNGCucumberTests.java:35)
at java.base/java.util.ArrayList.forEach(ArrayList.java:1596)
... Removed 25 stack frames]]>
    </failure>
  </testcase> <!-- runScenario -->
  <testcase classname="io.cucumber.testng.AbstractTestNGCucumberTests" name="runScenario" time="0.007">
    <failure type="io.cucumber.testng.UndefinedStepException" message="The step &amp;apos;In plan type All&amp;apos; and 3 other step(s) are undefined.
You can implement these steps using the snippet(s) below:

@Given(&amp;quot;In plan type All&amp;quot;)
public void in_plan_type_all() {
    // Write code here that turns the phrase above into concrete actions
    throw new io.cucumber.java.PendingException();
}
@When(&amp;quot;Verify if Total Video Cals value exist&amp;quot;)
public void verify_if_total_video_cals_value_exist() {
    // Write code here that turns the phrase above into concrete actions
    throw new io.cucumber.java.PendingException();
}
@When(&amp;quot;Verify if Graph not exist when Total Video Cals &amp;lt;={int}&amp;quot;)
public void verify_if_graph_not_exist_when_total_video_cals(Integer int1) {
    // Write code here that turns the phrase above into concrete actions
    throw new io.cucumber.java.PendingException();
}
@When(&amp;quot;Verify if Graph exist when Total Total Video Cals &amp;gt;{int}&amp;quot;)
public void verify_if_graph_exist_when_total_total_video_cals(Integer int1) {
    // Write code here that turns the phrase above into concrete actions
    throw new io.cucumber.java.PendingException();
}
">
      <![CDATA[io.cucumber.testng.UndefinedStepException: The step 'In plan type All' and 3 other step(s) are undefined.
You can implement these steps using the snippet(s) below:

@Given("In plan type All")
public void in_plan_type_all() {
    // Write code here that turns the phrase above into concrete actions
    throw new io.cucumber.java.PendingException();
}
@When("Verify if Total Video Cals value exist")
public void verify_if_total_video_cals_value_exist() {
    // Write code here that turns the phrase above into concrete actions
    throw new io.cucumber.java.PendingException();
}
@When("Verify if Graph not exist when Total Video Cals <={int}")
public void verify_if_graph_not_exist_when_total_video_cals(Integer int1) {
    // Write code here that turns the phrase above into concrete actions
    throw new io.cucumber.java.PendingException();
}
@When("Verify if Graph exist when Total Total Video Cals >{int}")
public void verify_if_graph_exist_when_total_total_video_cals(Integer int1) {
    // Write code here that turns the phrase above into concrete actions
    throw new io.cucumber.java.PendingException();
}

at io.cucumber.core.runtime.TestCaseResultObserver.assertTestCasePassed(TestCaseResultObserver.java:69)
at io.cucumber.testng.TestCaseResultObserver.assertTestCasePassed(TestCaseResultObserver.java:23)
at io.cucumber.testng.TestNGCucumberRunner.lambda$runScenario$1(TestNGCucumberRunner.java:133)
at io.cucumber.core.runtime.CucumberExecutionContext.lambda$runTestCase$5(CucumberExecutionContext.java:136)
at io.cucumber.core.runtime.RethrowingThrowableCollector.executeAndThrow(RethrowingThrowableCollector.java:23)
at io.cucumber.core.runtime.CucumberExecutionContext.runTestCase(CucumberExecutionContext.java:136)
at io.cucumber.testng.TestNGCucumberRunner.runScenario(TestNGCucumberRunner.java:129)
at io.cucumber.testng.AbstractTestNGCucumberTests.runScenario(AbstractTestNGCucumberTests.java:35)
at java.base/java.util.ArrayList.forEach(ArrayList.java:1596)
... Removed 25 stack frames]]>
    </failure>
  </testcase> <!-- runScenario -->
  <testcase classname="io.cucumber.testng.AbstractTestNGCucumberTests" name="runScenario" time="0.008">
    <failure type="io.cucumber.testng.UndefinedStepException" message="The step &amp;apos;In plan type Trial&amp;apos; and 3 other step(s) are undefined.
You can implement these steps using the snippet(s) below:

@Given(&amp;quot;In plan type Trial&amp;quot;)
public void in_plan_type_trial() {
    // Write code here that turns the phrase above into concrete actions
    throw new io.cucumber.java.PendingException();
}
@When(&amp;quot;Verify if Total Messages value exist&amp;quot;)
public void verify_if_total_messages_value_exist() {
    // Write code here that turns the phrase above into concrete actions
    throw new io.cucumber.java.PendingException();
}
@When(&amp;quot;Verify if Graph not exist when Total Messages &amp;lt;={int}&amp;quot;)
public void verify_if_graph_not_exist_when_total_messages(Integer int1) {
    // Write code here that turns the phrase above into concrete actions
    throw new io.cucumber.java.PendingException();
}
@When(&amp;quot;Verify if Graph exist when Total Total Messages &amp;gt;{int}&amp;quot;)
public void verify_if_graph_exist_when_total_total_messages(Integer int1) {
    // Write code here that turns the phrase above into concrete actions
    throw new io.cucumber.java.PendingException();
}
">
      <![CDATA[io.cucumber.testng.UndefinedStepException: The step 'In plan type Trial' and 3 other step(s) are undefined.
You can implement these steps using the snippet(s) below:

@Given("In plan type Trial")
public void in_plan_type_trial() {
    // Write code here that turns the phrase above into concrete actions
    throw new io.cucumber.java.PendingException();
}
@When("Verify if Total Messages value exist")
public void verify_if_total_messages_value_exist() {
    // Write code here that turns the phrase above into concrete actions
    throw new io.cucumber.java.PendingException();
}
@When("Verify if Graph not exist when Total Messages <={int}")
public void verify_if_graph_not_exist_when_total_messages(Integer int1) {
    // Write code here that turns the phrase above into concrete actions
    throw new io.cucumber.java.PendingException();
}
@When("Verify if Graph exist when Total Total Messages >{int}")
public void verify_if_graph_exist_when_total_total_messages(Integer int1) {
    // Write code here that turns the phrase above into concrete actions
    throw new io.cucumber.java.PendingException();
}

at io.cucumber.core.runtime.TestCaseResultObserver.assertTestCasePassed(TestCaseResultObserver.java:69)
at io.cucumber.testng.TestCaseResultObserver.assertTestCasePassed(TestCaseResultObserver.java:23)
at io.cucumber.testng.TestNGCucumberRunner.lambda$runScenario$1(TestNGCucumberRunner.java:133)
at io.cucumber.core.runtime.CucumberExecutionContext.lambda$runTestCase$5(CucumberExecutionContext.java:136)
at io.cucumber.core.runtime.RethrowingThrowableCollector.executeAndThrow(RethrowingThrowableCollector.java:23)
at io.cucumber.core.runtime.CucumberExecutionContext.runTestCase(CucumberExecutionContext.java:136)
at io.cucumber.testng.TestNGCucumberRunner.runScenario(TestNGCucumberRunner.java:129)
at io.cucumber.testng.AbstractTestNGCucumberTests.runScenario(AbstractTestNGCucumberTests.java:35)
at java.base/java.util.ArrayList.forEach(ArrayList.java:1596)
... Removed 25 stack frames]]>
    </failure>
  </testcase> <!-- runScenario -->
  <testcase classname="io.cucumber.testng.AbstractTestNGCucumberTests" name="runScenario" time="0.006">
    <failure type="io.cucumber.testng.UndefinedStepException" message="The step &amp;apos;In plan type Trial&amp;apos; and 3 other step(s) are undefined.
You can implement these steps using the snippet(s) below:

@Given(&amp;quot;In plan type Trial&amp;quot;)
public void in_plan_type_trial() {
    // Write code here that turns the phrase above into concrete actions
    throw new io.cucumber.java.PendingException();
}
@When(&amp;quot;Verify if Total Voice Calls value exist&amp;quot;)
public void verify_if_total_voice_calls_value_exist() {
    // Write code here that turns the phrase above into concrete actions
    throw new io.cucumber.java.PendingException();
}
@When(&amp;quot;Verify if Graph not exist when Total Voice Calls &amp;lt;={int}&amp;quot;)
public void verify_if_graph_not_exist_when_total_voice_calls(Integer int1) {
    // Write code here that turns the phrase above into concrete actions
    throw new io.cucumber.java.PendingException();
}
@When(&amp;quot;Verify if Graph exist when Total Total Voice Calls &amp;gt;{int}&amp;quot;)
public void verify_if_graph_exist_when_total_total_voice_calls(Integer int1) {
    // Write code here that turns the phrase above into concrete actions
    throw new io.cucumber.java.PendingException();
}
">
      <![CDATA[io.cucumber.testng.UndefinedStepException: The step 'In plan type Trial' and 3 other step(s) are undefined.
You can implement these steps using the snippet(s) below:

@Given("In plan type Trial")
public void in_plan_type_trial() {
    // Write code here that turns the phrase above into concrete actions
    throw new io.cucumber.java.PendingException();
}
@When("Verify if Total Voice Calls value exist")
public void verify_if_total_voice_calls_value_exist() {
    // Write code here that turns the phrase above into concrete actions
    throw new io.cucumber.java.PendingException();
}
@When("Verify if Graph not exist when Total Voice Calls <={int}")
public void verify_if_graph_not_exist_when_total_voice_calls(Integer int1) {
    // Write code here that turns the phrase above into concrete actions
    throw new io.cucumber.java.PendingException();
}
@When("Verify if Graph exist when Total Total Voice Calls >{int}")
public void verify_if_graph_exist_when_total_total_voice_calls(Integer int1) {
    // Write code here that turns the phrase above into concrete actions
    throw new io.cucumber.java.PendingException();
}

at io.cucumber.core.runtime.TestCaseResultObserver.assertTestCasePassed(TestCaseResultObserver.java:69)
at io.cucumber.testng.TestCaseResultObserver.assertTestCasePassed(TestCaseResultObserver.java:23)
at io.cucumber.testng.TestNGCucumberRunner.lambda$runScenario$1(TestNGCucumberRunner.java:133)
at io.cucumber.core.runtime.CucumberExecutionContext.lambda$runTestCase$5(CucumberExecutionContext.java:136)
at io.cucumber.core.runtime.RethrowingThrowableCollector.executeAndThrow(RethrowingThrowableCollector.java:23)
at io.cucumber.core.runtime.CucumberExecutionContext.runTestCase(CucumberExecutionContext.java:136)
at io.cucumber.testng.TestNGCucumberRunner.runScenario(TestNGCucumberRunner.java:129)
at io.cucumber.testng.AbstractTestNGCucumberTests.runScenario(AbstractTestNGCucumberTests.java:35)
at java.base/java.util.ArrayList.forEach(ArrayList.java:1596)
... Removed 25 stack frames]]>
    </failure>
  </testcase> <!-- runScenario -->
  <testcase classname="io.cucumber.testng.AbstractTestNGCucumberTests" name="runScenario" time="0.007">
    <failure type="io.cucumber.testng.UndefinedStepException" message="The step &amp;apos;In plan type Trial&amp;apos; and 3 other step(s) are undefined.
You can implement these steps using the snippet(s) below:

@Given(&amp;quot;In plan type Trial&amp;quot;)
public void in_plan_type_trial() {
    // Write code here that turns the phrase above into concrete actions
    throw new io.cucumber.java.PendingException();
}
@When(&amp;quot;Verify if Total Video Cals value exist&amp;quot;)
public void verify_if_total_video_cals_value_exist() {
    // Write code here that turns the phrase above into concrete actions
    throw new io.cucumber.java.PendingException();
}
@When(&amp;quot;Verify if Graph not exist when Total Video Cals &amp;lt;={int}&amp;quot;)
public void verify_if_graph_not_exist_when_total_video_cals(Integer int1) {
    // Write code here that turns the phrase above into concrete actions
    throw new io.cucumber.java.PendingException();
}
@When(&amp;quot;Verify if Graph exist when Total Total Video Cals &amp;gt;{int}&amp;quot;)
public void verify_if_graph_exist_when_total_total_video_cals(Integer int1) {
    // Write code here that turns the phrase above into concrete actions
    throw new io.cucumber.java.PendingException();
}
">
      <![CDATA[io.cucumber.testng.UndefinedStepException: The step 'In plan type Trial' and 3 other step(s) are undefined.
You can implement these steps using the snippet(s) below:

@Given("In plan type Trial")
public void in_plan_type_trial() {
    // Write code here that turns the phrase above into concrete actions
    throw new io.cucumber.java.PendingException();
}
@When("Verify if Total Video Cals value exist")
public void verify_if_total_video_cals_value_exist() {
    // Write code here that turns the phrase above into concrete actions
    throw new io.cucumber.java.PendingException();
}
@When("Verify if Graph not exist when Total Video Cals <={int}")
public void verify_if_graph_not_exist_when_total_video_cals(Integer int1) {
    // Write code here that turns the phrase above into concrete actions
    throw new io.cucumber.java.PendingException();
}
@When("Verify if Graph exist when Total Total Video Cals >{int}")
public void verify_if_graph_exist_when_total_total_video_cals(Integer int1) {
    // Write code here that turns the phrase above into concrete actions
    throw new io.cucumber.java.PendingException();
}

at io.cucumber.core.runtime.TestCaseResultObserver.assertTestCasePassed(TestCaseResultObserver.java:69)
at io.cucumber.testng.TestCaseResultObserver.assertTestCasePassed(TestCaseResultObserver.java:23)
at io.cucumber.testng.TestNGCucumberRunner.lambda$runScenario$1(TestNGCucumberRunner.java:133)
at io.cucumber.core.runtime.CucumberExecutionContext.lambda$runTestCase$5(CucumberExecutionContext.java:136)
at io.cucumber.core.runtime.RethrowingThrowableCollector.executeAndThrow(RethrowingThrowableCollector.java:23)
at io.cucumber.core.runtime.CucumberExecutionContext.runTestCase(CucumberExecutionContext.java:136)
at io.cucumber.testng.TestNGCucumberRunner.runScenario(TestNGCucumberRunner.java:129)
at io.cucumber.testng.AbstractTestNGCucumberTests.runScenario(AbstractTestNGCucumberTests.java:35)
at java.base/java.util.ArrayList.forEach(ArrayList.java:1596)
... Removed 25 stack frames]]>
    </failure>
  </testcase> <!-- runScenario -->
  <testcase classname="io.cucumber.testng.AbstractTestNGCucumberTests" name="runScenario" time="0.006">
    <failure type="io.cucumber.testng.UndefinedStepException" message="The step &amp;apos;In plan type Trial&amp;apos; and 3 other step(s) are undefined.
You can implement these steps using the snippet(s) below:

@Given(&amp;quot;In plan type Trial&amp;quot;)
public void in_plan_type_trial() {
    // Write code here that turns the phrase above into concrete actions
    throw new io.cucumber.java.PendingException();
}
@When(&amp;quot;Verify if Total Messages value exist&amp;quot;)
public void verify_if_total_messages_value_exist() {
    // Write code here that turns the phrase above into concrete actions
    throw new io.cucumber.java.PendingException();
}
@When(&amp;quot;Verify if Graph not exist when Total Messages &amp;lt;={int}&amp;quot;)
public void verify_if_graph_not_exist_when_total_messages(Integer int1) {
    // Write code here that turns the phrase above into concrete actions
    throw new io.cucumber.java.PendingException();
}
@When(&amp;quot;Verify if Graph exist when Total Total Messages &amp;gt;{int}&amp;quot;)
public void verify_if_graph_exist_when_total_total_messages(Integer int1) {
    // Write code here that turns the phrase above into concrete actions
    throw new io.cucumber.java.PendingException();
}
">
      <![CDATA[io.cucumber.testng.UndefinedStepException: The step 'In plan type Trial' and 3 other step(s) are undefined.
You can implement these steps using the snippet(s) below:

@Given("In plan type Trial")
public void in_plan_type_trial() {
    // Write code here that turns the phrase above into concrete actions
    throw new io.cucumber.java.PendingException();
}
@When("Verify if Total Messages value exist")
public void verify_if_total_messages_value_exist() {
    // Write code here that turns the phrase above into concrete actions
    throw new io.cucumber.java.PendingException();
}
@When("Verify if Graph not exist when Total Messages <={int}")
public void verify_if_graph_not_exist_when_total_messages(Integer int1) {
    // Write code here that turns the phrase above into concrete actions
    throw new io.cucumber.java.PendingException();
}
@When("Verify if Graph exist when Total Total Messages >{int}")
public void verify_if_graph_exist_when_total_total_messages(Integer int1) {
    // Write code here that turns the phrase above into concrete actions
    throw new io.cucumber.java.PendingException();
}

at io.cucumber.core.runtime.TestCaseResultObserver.assertTestCasePassed(TestCaseResultObserver.java:69)
at io.cucumber.testng.TestCaseResultObserver.assertTestCasePassed(TestCaseResultObserver.java:23)
at io.cucumber.testng.TestNGCucumberRunner.lambda$runScenario$1(TestNGCucumberRunner.java:133)
at io.cucumber.core.runtime.CucumberExecutionContext.lambda$runTestCase$5(CucumberExecutionContext.java:136)
at io.cucumber.core.runtime.RethrowingThrowableCollector.executeAndThrow(RethrowingThrowableCollector.java:23)
at io.cucumber.core.runtime.CucumberExecutionContext.runTestCase(CucumberExecutionContext.java:136)
at io.cucumber.testng.TestNGCucumberRunner.runScenario(TestNGCucumberRunner.java:129)
at io.cucumber.testng.AbstractTestNGCucumberTests.runScenario(AbstractTestNGCucumberTests.java:35)
at java.base/java.util.ArrayList.forEach(ArrayList.java:1596)
... Removed 25 stack frames]]>
    </failure>
  </testcase> <!-- runScenario -->
  <testcase classname="io.cucumber.testng.AbstractTestNGCucumberTests" name="runScenario" time="0.006">
    <failure type="io.cucumber.testng.UndefinedStepException" message="The step &amp;apos;In plan type Trial&amp;apos; and 3 other step(s) are undefined.
You can implement these steps using the snippet(s) below:

@Given(&amp;quot;In plan type Trial&amp;quot;)
public void in_plan_type_trial() {
    // Write code here that turns the phrase above into concrete actions
    throw new io.cucumber.java.PendingException();
}
@When(&amp;quot;Verify if Total Voice Calls value exist&amp;quot;)
public void verify_if_total_voice_calls_value_exist() {
    // Write code here that turns the phrase above into concrete actions
    throw new io.cucumber.java.PendingException();
}
@When(&amp;quot;Verify if Graph not exist when Total Voice Calls &amp;lt;={int}&amp;quot;)
public void verify_if_graph_not_exist_when_total_voice_calls(Integer int1) {
    // Write code here that turns the phrase above into concrete actions
    throw new io.cucumber.java.PendingException();
}
@When(&amp;quot;Verify if Graph exist when Total Total Voice Calls &amp;gt;{int}&amp;quot;)
public void verify_if_graph_exist_when_total_total_voice_calls(Integer int1) {
    // Write code here that turns the phrase above into concrete actions
    throw new io.cucumber.java.PendingException();
}
">
      <![CDATA[io.cucumber.testng.UndefinedStepException: The step 'In plan type Trial' and 3 other step(s) are undefined.
You can implement these steps using the snippet(s) below:

@Given("In plan type Trial")
public void in_plan_type_trial() {
    // Write code here that turns the phrase above into concrete actions
    throw new io.cucumber.java.PendingException();
}
@When("Verify if Total Voice Calls value exist")
public void verify_if_total_voice_calls_value_exist() {
    // Write code here that turns the phrase above into concrete actions
    throw new io.cucumber.java.PendingException();
}
@When("Verify if Graph not exist when Total Voice Calls <={int}")
public void verify_if_graph_not_exist_when_total_voice_calls(Integer int1) {
    // Write code here that turns the phrase above into concrete actions
    throw new io.cucumber.java.PendingException();
}
@When("Verify if Graph exist when Total Total Voice Calls >{int}")
public void verify_if_graph_exist_when_total_total_voice_calls(Integer int1) {
    // Write code here that turns the phrase above into concrete actions
    throw new io.cucumber.java.PendingException();
}

at io.cucumber.core.runtime.TestCaseResultObserver.assertTestCasePassed(TestCaseResultObserver.java:69)
at io.cucumber.testng.TestCaseResultObserver.assertTestCasePassed(TestCaseResultObserver.java:23)
at io.cucumber.testng.TestNGCucumberRunner.lambda$runScenario$1(TestNGCucumberRunner.java:133)
at io.cucumber.core.runtime.CucumberExecutionContext.lambda$runTestCase$5(CucumberExecutionContext.java:136)
at io.cucumber.core.runtime.RethrowingThrowableCollector.executeAndThrow(RethrowingThrowableCollector.java:23)
at io.cucumber.core.runtime.CucumberExecutionContext.runTestCase(CucumberExecutionContext.java:136)
at io.cucumber.testng.TestNGCucumberRunner.runScenario(TestNGCucumberRunner.java:129)
at io.cucumber.testng.AbstractTestNGCucumberTests.runScenario(AbstractTestNGCucumberTests.java:35)
at java.base/java.util.ArrayList.forEach(ArrayList.java:1596)
... Removed 25 stack frames]]>
    </failure>
  </testcase> <!-- runScenario -->
  <testcase classname="io.cucumber.testng.AbstractTestNGCucumberTests" name="runScenario" time="0.006">
    <failure type="io.cucumber.testng.UndefinedStepException" message="The step &amp;apos;In plan type Trial&amp;apos; and 3 other step(s) are undefined.
You can implement these steps using the snippet(s) below:

@Given(&amp;quot;In plan type Trial&amp;quot;)
public void in_plan_type_trial() {
    // Write code here that turns the phrase above into concrete actions
    throw new io.cucumber.java.PendingException();
}
@When(&amp;quot;Verify if Total Video Cals value exist&amp;quot;)
public void verify_if_total_video_cals_value_exist() {
    // Write code here that turns the phrase above into concrete actions
    throw new io.cucumber.java.PendingException();
}
@When(&amp;quot;Verify if Graph not exist when Total Video Cals &amp;lt;={int}&amp;quot;)
public void verify_if_graph_not_exist_when_total_video_cals(Integer int1) {
    // Write code here that turns the phrase above into concrete actions
    throw new io.cucumber.java.PendingException();
}
@When(&amp;quot;Verify if Graph exist when Total Total Video Cals &amp;gt;{int}&amp;quot;)
public void verify_if_graph_exist_when_total_total_video_cals(Integer int1) {
    // Write code here that turns the phrase above into concrete actions
    throw new io.cucumber.java.PendingException();
}
">
      <![CDATA[io.cucumber.testng.UndefinedStepException: The step 'In plan type Trial' and 3 other step(s) are undefined.
You can implement these steps using the snippet(s) below:

@Given("In plan type Trial")
public void in_plan_type_trial() {
    // Write code here that turns the phrase above into concrete actions
    throw new io.cucumber.java.PendingException();
}
@When("Verify if Total Video Cals value exist")
public void verify_if_total_video_cals_value_exist() {
    // Write code here that turns the phrase above into concrete actions
    throw new io.cucumber.java.PendingException();
}
@When("Verify if Graph not exist when Total Video Cals <={int}")
public void verify_if_graph_not_exist_when_total_video_cals(Integer int1) {
    // Write code here that turns the phrase above into concrete actions
    throw new io.cucumber.java.PendingException();
}
@When("Verify if Graph exist when Total Total Video Cals >{int}")
public void verify_if_graph_exist_when_total_total_video_cals(Integer int1) {
    // Write code here that turns the phrase above into concrete actions
    throw new io.cucumber.java.PendingException();
}

at io.cucumber.core.runtime.TestCaseResultObserver.assertTestCasePassed(TestCaseResultObserver.java:69)
at io.cucumber.testng.TestCaseResultObserver.assertTestCasePassed(TestCaseResultObserver.java:23)
at io.cucumber.testng.TestNGCucumberRunner.lambda$runScenario$1(TestNGCucumberRunner.java:133)
at io.cucumber.core.runtime.CucumberExecutionContext.lambda$runTestCase$5(CucumberExecutionContext.java:136)
at io.cucumber.core.runtime.RethrowingThrowableCollector.executeAndThrow(RethrowingThrowableCollector.java:23)
at io.cucumber.core.runtime.CucumberExecutionContext.runTestCase(CucumberExecutionContext.java:136)
at io.cucumber.testng.TestNGCucumberRunner.runScenario(TestNGCucumberRunner.java:129)
at io.cucumber.testng.AbstractTestNGCucumberTests.runScenario(AbstractTestNGCucumberTests.java:35)
at java.base/java.util.ArrayList.forEach(ArrayList.java:1596)
... Removed 25 stack frames]]>
    </failure>
  </testcase> <!-- runScenario -->
  <testcase classname="io.cucumber.testng.AbstractTestNGCucumberTests" name="runScenario" time="0.006">
    <failure type="io.cucumber.testng.UndefinedStepException" message="The step &amp;apos;In plan type Trial&amp;apos; and 3 other step(s) are undefined.
You can implement these steps using the snippet(s) below:

@Given(&amp;quot;In plan type Trial&amp;quot;)
public void in_plan_type_trial() {
    // Write code here that turns the phrase above into concrete actions
    throw new io.cucumber.java.PendingException();
}
@When(&amp;quot;Verify if Total Messages value exist&amp;quot;)
public void verify_if_total_messages_value_exist() {
    // Write code here that turns the phrase above into concrete actions
    throw new io.cucumber.java.PendingException();
}
@When(&amp;quot;Verify if Graph not exist when Total Messages &amp;lt;={int}&amp;quot;)
public void verify_if_graph_not_exist_when_total_messages(Integer int1) {
    // Write code here that turns the phrase above into concrete actions
    throw new io.cucumber.java.PendingException();
}
@When(&amp;quot;Verify if Graph exist when Total Total Messages &amp;gt;{int}&amp;quot;)
public void verify_if_graph_exist_when_total_total_messages(Integer int1) {
    // Write code here that turns the phrase above into concrete actions
    throw new io.cucumber.java.PendingException();
}
">
      <![CDATA[io.cucumber.testng.UndefinedStepException: The step 'In plan type Trial' and 3 other step(s) are undefined.
You can implement these steps using the snippet(s) below:

@Given("In plan type Trial")
public void in_plan_type_trial() {
    // Write code here that turns the phrase above into concrete actions
    throw new io.cucumber.java.PendingException();
}
@When("Verify if Total Messages value exist")
public void verify_if_total_messages_value_exist() {
    // Write code here that turns the phrase above into concrete actions
    throw new io.cucumber.java.PendingException();
}
@When("Verify if Graph not exist when Total Messages <={int}")
public void verify_if_graph_not_exist_when_total_messages(Integer int1) {
    // Write code here that turns the phrase above into concrete actions
    throw new io.cucumber.java.PendingException();
}
@When("Verify if Graph exist when Total Total Messages >{int}")
public void verify_if_graph_exist_when_total_total_messages(Integer int1) {
    // Write code here that turns the phrase above into concrete actions
    throw new io.cucumber.java.PendingException();
}

at io.cucumber.core.runtime.TestCaseResultObserver.assertTestCasePassed(TestCaseResultObserver.java:69)
at io.cucumber.testng.TestCaseResultObserver.assertTestCasePassed(TestCaseResultObserver.java:23)
at io.cucumber.testng.TestNGCucumberRunner.lambda$runScenario$1(TestNGCucumberRunner.java:133)
at io.cucumber.core.runtime.CucumberExecutionContext.lambda$runTestCase$5(CucumberExecutionContext.java:136)
at io.cucumber.core.runtime.RethrowingThrowableCollector.executeAndThrow(RethrowingThrowableCollector.java:23)
at io.cucumber.core.runtime.CucumberExecutionContext.runTestCase(CucumberExecutionContext.java:136)
at io.cucumber.testng.TestNGCucumberRunner.runScenario(TestNGCucumberRunner.java:129)
at io.cucumber.testng.AbstractTestNGCucumberTests.runScenario(AbstractTestNGCucumberTests.java:35)
at java.base/java.util.ArrayList.forEach(ArrayList.java:1596)
... Removed 25 stack frames]]>
    </failure>
  </testcase> <!-- runScenario -->
  <testcase classname="io.cucumber.testng.AbstractTestNGCucumberTests" name="runScenario" time="0.005">
    <failure type="io.cucumber.testng.UndefinedStepException" message="The step &amp;apos;In plan type Trial&amp;apos; and 3 other step(s) are undefined.
You can implement these steps using the snippet(s) below:

@Given(&amp;quot;In plan type Trial&amp;quot;)
public void in_plan_type_trial() {
    // Write code here that turns the phrase above into concrete actions
    throw new io.cucumber.java.PendingException();
}
@When(&amp;quot;Verify if Total Voice Calls value exist&amp;quot;)
public void verify_if_total_voice_calls_value_exist() {
    // Write code here that turns the phrase above into concrete actions
    throw new io.cucumber.java.PendingException();
}
@When(&amp;quot;Verify if Graph not exist when Total Voice Calls &amp;lt;={int}&amp;quot;)
public void verify_if_graph_not_exist_when_total_voice_calls(Integer int1) {
    // Write code here that turns the phrase above into concrete actions
    throw new io.cucumber.java.PendingException();
}
@When(&amp;quot;Verify if Graph exist when Total Total Voice Calls &amp;gt;{int}&amp;quot;)
public void verify_if_graph_exist_when_total_total_voice_calls(Integer int1) {
    // Write code here that turns the phrase above into concrete actions
    throw new io.cucumber.java.PendingException();
}
">
      <![CDATA[io.cucumber.testng.UndefinedStepException: The step 'In plan type Trial' and 3 other step(s) are undefined.
You can implement these steps using the snippet(s) below:

@Given("In plan type Trial")
public void in_plan_type_trial() {
    // Write code here that turns the phrase above into concrete actions
    throw new io.cucumber.java.PendingException();
}
@When("Verify if Total Voice Calls value exist")
public void verify_if_total_voice_calls_value_exist() {
    // Write code here that turns the phrase above into concrete actions
    throw new io.cucumber.java.PendingException();
}
@When("Verify if Graph not exist when Total Voice Calls <={int}")
public void verify_if_graph_not_exist_when_total_voice_calls(Integer int1) {
    // Write code here that turns the phrase above into concrete actions
    throw new io.cucumber.java.PendingException();
}
@When("Verify if Graph exist when Total Total Voice Calls >{int}")
public void verify_if_graph_exist_when_total_total_voice_calls(Integer int1) {
    // Write code here that turns the phrase above into concrete actions
    throw new io.cucumber.java.PendingException();
}

at io.cucumber.core.runtime.TestCaseResultObserver.assertTestCasePassed(TestCaseResultObserver.java:69)
at io.cucumber.testng.TestCaseResultObserver.assertTestCasePassed(TestCaseResultObserver.java:23)
at io.cucumber.testng.TestNGCucumberRunner.lambda$runScenario$1(TestNGCucumberRunner.java:133)
at io.cucumber.core.runtime.CucumberExecutionContext.lambda$runTestCase$5(CucumberExecutionContext.java:136)
at io.cucumber.core.runtime.RethrowingThrowableCollector.executeAndThrow(RethrowingThrowableCollector.java:23)
at io.cucumber.core.runtime.CucumberExecutionContext.runTestCase(CucumberExecutionContext.java:136)
at io.cucumber.testng.TestNGCucumberRunner.runScenario(TestNGCucumberRunner.java:129)
at io.cucumber.testng.AbstractTestNGCucumberTests.runScenario(AbstractTestNGCucumberTests.java:35)
at java.base/java.util.ArrayList.forEach(ArrayList.java:1596)
... Removed 25 stack frames]]>
    </failure>
  </testcase> <!-- runScenario -->
  <testcase classname="io.cucumber.testng.AbstractTestNGCucumberTests" name="runScenario" time="0.007">
    <failure type="io.cucumber.testng.UndefinedStepException" message="The step &amp;apos;In plan type Trial&amp;apos; and 3 other step(s) are undefined.
You can implement these steps using the snippet(s) below:

@Given(&amp;quot;In plan type Trial&amp;quot;)
public void in_plan_type_trial() {
    // Write code here that turns the phrase above into concrete actions
    throw new io.cucumber.java.PendingException();
}
@When(&amp;quot;Verify if Total Video Cals value exist&amp;quot;)
public void verify_if_total_video_cals_value_exist() {
    // Write code here that turns the phrase above into concrete actions
    throw new io.cucumber.java.PendingException();
}
@When(&amp;quot;Verify if Graph not exist when Total Video Cals &amp;lt;={int}&amp;quot;)
public void verify_if_graph_not_exist_when_total_video_cals(Integer int1) {
    // Write code here that turns the phrase above into concrete actions
    throw new io.cucumber.java.PendingException();
}
@When(&amp;quot;Verify if Graph exist when Total Total Video Cals &amp;gt;{int}&amp;quot;)
public void verify_if_graph_exist_when_total_total_video_cals(Integer int1) {
    // Write code here that turns the phrase above into concrete actions
    throw new io.cucumber.java.PendingException();
}
">
      <![CDATA[io.cucumber.testng.UndefinedStepException: The step 'In plan type Trial' and 3 other step(s) are undefined.
You can implement these steps using the snippet(s) below:

@Given("In plan type Trial")
public void in_plan_type_trial() {
    // Write code here that turns the phrase above into concrete actions
    throw new io.cucumber.java.PendingException();
}
@When("Verify if Total Video Cals value exist")
public void verify_if_total_video_cals_value_exist() {
    // Write code here that turns the phrase above into concrete actions
    throw new io.cucumber.java.PendingException();
}
@When("Verify if Graph not exist when Total Video Cals <={int}")
public void verify_if_graph_not_exist_when_total_video_cals(Integer int1) {
    // Write code here that turns the phrase above into concrete actions
    throw new io.cucumber.java.PendingException();
}
@When("Verify if Graph exist when Total Total Video Cals >{int}")
public void verify_if_graph_exist_when_total_total_video_cals(Integer int1) {
    // Write code here that turns the phrase above into concrete actions
    throw new io.cucumber.java.PendingException();
}

at io.cucumber.core.runtime.TestCaseResultObserver.assertTestCasePassed(TestCaseResultObserver.java:69)
at io.cucumber.testng.TestCaseResultObserver.assertTestCasePassed(TestCaseResultObserver.java:23)
at io.cucumber.testng.TestNGCucumberRunner.lambda$runScenario$1(TestNGCucumberRunner.java:133)
at io.cucumber.core.runtime.CucumberExecutionContext.lambda$runTestCase$5(CucumberExecutionContext.java:136)
at io.cucumber.core.runtime.RethrowingThrowableCollector.executeAndThrow(RethrowingThrowableCollector.java:23)
at io.cucumber.core.runtime.CucumberExecutionContext.runTestCase(CucumberExecutionContext.java:136)
at io.cucumber.testng.TestNGCucumberRunner.runScenario(TestNGCucumberRunner.java:129)
at io.cucumber.testng.AbstractTestNGCucumberTests.runScenario(AbstractTestNGCucumberTests.java:35)
at java.base/java.util.ArrayList.forEach(ArrayList.java:1596)
... Removed 25 stack frames]]>
    </failure>
  </testcase> <!-- runScenario -->
  <testcase classname="io.cucumber.testng.AbstractTestNGCucumberTests" name="runScenario" time="0.007">
    <failure type="io.cucumber.testng.UndefinedStepException" message="The step &amp;apos;In plan type Essentials&amp;apos; and 3 other step(s) are undefined.
You can implement these steps using the snippet(s) below:

@Given(&amp;quot;In plan type Essentials&amp;quot;)
public void in_plan_type_essentials() {
    // Write code here that turns the phrase above into concrete actions
    throw new io.cucumber.java.PendingException();
}
@When(&amp;quot;Verify if Total Messages value exist&amp;quot;)
public void verify_if_total_messages_value_exist() {
    // Write code here that turns the phrase above into concrete actions
    throw new io.cucumber.java.PendingException();
}
@When(&amp;quot;Verify if Graph not exist when Total Messages &amp;lt;={int}&amp;quot;)
public void verify_if_graph_not_exist_when_total_messages(Integer int1) {
    // Write code here that turns the phrase above into concrete actions
    throw new io.cucumber.java.PendingException();
}
@When(&amp;quot;Verify if Graph exist when Total Total Messages &amp;gt;{int}&amp;quot;)
public void verify_if_graph_exist_when_total_total_messages(Integer int1) {
    // Write code here that turns the phrase above into concrete actions
    throw new io.cucumber.java.PendingException();
}
">
      <![CDATA[io.cucumber.testng.UndefinedStepException: The step 'In plan type Essentials' and 3 other step(s) are undefined.
You can implement these steps using the snippet(s) below:

@Given("In plan type Essentials")
public void in_plan_type_essentials() {
    // Write code here that turns the phrase above into concrete actions
    throw new io.cucumber.java.PendingException();
}
@When("Verify if Total Messages value exist")
public void verify_if_total_messages_value_exist() {
    // Write code here that turns the phrase above into concrete actions
    throw new io.cucumber.java.PendingException();
}
@When("Verify if Graph not exist when Total Messages <={int}")
public void verify_if_graph_not_exist_when_total_messages(Integer int1) {
    // Write code here that turns the phrase above into concrete actions
    throw new io.cucumber.java.PendingException();
}
@When("Verify if Graph exist when Total Total Messages >{int}")
public void verify_if_graph_exist_when_total_total_messages(Integer int1) {
    // Write code here that turns the phrase above into concrete actions
    throw new io.cucumber.java.PendingException();
}

at io.cucumber.core.runtime.TestCaseResultObserver.assertTestCasePassed(TestCaseResultObserver.java:69)
at io.cucumber.testng.TestCaseResultObserver.assertTestCasePassed(TestCaseResultObserver.java:23)
at io.cucumber.testng.TestNGCucumberRunner.lambda$runScenario$1(TestNGCucumberRunner.java:133)
at io.cucumber.core.runtime.CucumberExecutionContext.lambda$runTestCase$5(CucumberExecutionContext.java:136)
at io.cucumber.core.runtime.RethrowingThrowableCollector.executeAndThrow(RethrowingThrowableCollector.java:23)
at io.cucumber.core.runtime.CucumberExecutionContext.runTestCase(CucumberExecutionContext.java:136)
at io.cucumber.testng.TestNGCucumberRunner.runScenario(TestNGCucumberRunner.java:129)
at io.cucumber.testng.AbstractTestNGCucumberTests.runScenario(AbstractTestNGCucumberTests.java:35)
at java.base/java.util.ArrayList.forEach(ArrayList.java:1596)
... Removed 25 stack frames]]>
    </failure>
  </testcase> <!-- runScenario -->
  <testcase classname="io.cucumber.testng.AbstractTestNGCucumberTests" name="runScenario" time="0.007">
    <failure type="io.cucumber.testng.UndefinedStepException" message="The step &amp;apos;In plan type Essentials&amp;apos; and 3 other step(s) are undefined.
You can implement these steps using the snippet(s) below:

@Given(&amp;quot;In plan type Essentials&amp;quot;)
public void in_plan_type_essentials() {
    // Write code here that turns the phrase above into concrete actions
    throw new io.cucumber.java.PendingException();
}
@When(&amp;quot;Verify if Total Voice Calls value exist&amp;quot;)
public void verify_if_total_voice_calls_value_exist() {
    // Write code here that turns the phrase above into concrete actions
    throw new io.cucumber.java.PendingException();
}
@When(&amp;quot;Verify if Graph not exist when Total Voice Calls &amp;lt;={int}&amp;quot;)
public void verify_if_graph_not_exist_when_total_voice_calls(Integer int1) {
    // Write code here that turns the phrase above into concrete actions
    throw new io.cucumber.java.PendingException();
}
@When(&amp;quot;Verify if Graph exist when Total Total Voice Calls &amp;gt;{int}&amp;quot;)
public void verify_if_graph_exist_when_total_total_voice_calls(Integer int1) {
    // Write code here that turns the phrase above into concrete actions
    throw new io.cucumber.java.PendingException();
}
">
      <![CDATA[io.cucumber.testng.UndefinedStepException: The step 'In plan type Essentials' and 3 other step(s) are undefined.
You can implement these steps using the snippet(s) below:

@Given("In plan type Essentials")
public void in_plan_type_essentials() {
    // Write code here that turns the phrase above into concrete actions
    throw new io.cucumber.java.PendingException();
}
@When("Verify if Total Voice Calls value exist")
public void verify_if_total_voice_calls_value_exist() {
    // Write code here that turns the phrase above into concrete actions
    throw new io.cucumber.java.PendingException();
}
@When("Verify if Graph not exist when Total Voice Calls <={int}")
public void verify_if_graph_not_exist_when_total_voice_calls(Integer int1) {
    // Write code here that turns the phrase above into concrete actions
    throw new io.cucumber.java.PendingException();
}
@When("Verify if Graph exist when Total Total Voice Calls >{int}")
public void verify_if_graph_exist_when_total_total_voice_calls(Integer int1) {
    // Write code here that turns the phrase above into concrete actions
    throw new io.cucumber.java.PendingException();
}

at io.cucumber.core.runtime.TestCaseResultObserver.assertTestCasePassed(TestCaseResultObserver.java:69)
at io.cucumber.testng.TestCaseResultObserver.assertTestCasePassed(TestCaseResultObserver.java:23)
at io.cucumber.testng.TestNGCucumberRunner.lambda$runScenario$1(TestNGCucumberRunner.java:133)
at io.cucumber.core.runtime.CucumberExecutionContext.lambda$runTestCase$5(CucumberExecutionContext.java:136)
at io.cucumber.core.runtime.RethrowingThrowableCollector.executeAndThrow(RethrowingThrowableCollector.java:23)
at io.cucumber.core.runtime.CucumberExecutionContext.runTestCase(CucumberExecutionContext.java:136)
at io.cucumber.testng.TestNGCucumberRunner.runScenario(TestNGCucumberRunner.java:129)
at io.cucumber.testng.AbstractTestNGCucumberTests.runScenario(AbstractTestNGCucumberTests.java:35)
at java.base/java.util.ArrayList.forEach(ArrayList.java:1596)
... Removed 25 stack frames]]>
    </failure>
  </testcase> <!-- runScenario -->
  <testcase classname="io.cucumber.testng.AbstractTestNGCucumberTests" name="runScenario" time="0.005">
    <failure type="io.cucumber.testng.UndefinedStepException" message="The step &amp;apos;In plan type Essentials&amp;apos; and 3 other step(s) are undefined.
You can implement these steps using the snippet(s) below:

@Given(&amp;quot;In plan type Essentials&amp;quot;)
public void in_plan_type_essentials() {
    // Write code here that turns the phrase above into concrete actions
    throw new io.cucumber.java.PendingException();
}
@When(&amp;quot;Verify if Total Video Cals value exist&amp;quot;)
public void verify_if_total_video_cals_value_exist() {
    // Write code here that turns the phrase above into concrete actions
    throw new io.cucumber.java.PendingException();
}
@When(&amp;quot;Verify if Graph not exist when Total Video Cals &amp;lt;={int}&amp;quot;)
public void verify_if_graph_not_exist_when_total_video_cals(Integer int1) {
    // Write code here that turns the phrase above into concrete actions
    throw new io.cucumber.java.PendingException();
}
@When(&amp;quot;Verify if Graph exist when Total Total Video Cals &amp;gt;{int}&amp;quot;)
public void verify_if_graph_exist_when_total_total_video_cals(Integer int1) {
    // Write code here that turns the phrase above into concrete actions
    throw new io.cucumber.java.PendingException();
}
">
      <![CDATA[io.cucumber.testng.UndefinedStepException: The step 'In plan type Essentials' and 3 other step(s) are undefined.
You can implement these steps using the snippet(s) below:

@Given("In plan type Essentials")
public void in_plan_type_essentials() {
    // Write code here that turns the phrase above into concrete actions
    throw new io.cucumber.java.PendingException();
}
@When("Verify if Total Video Cals value exist")
public void verify_if_total_video_cals_value_exist() {
    // Write code here that turns the phrase above into concrete actions
    throw new io.cucumber.java.PendingException();
}
@When("Verify if Graph not exist when Total Video Cals <={int}")
public void verify_if_graph_not_exist_when_total_video_cals(Integer int1) {
    // Write code here that turns the phrase above into concrete actions
    throw new io.cucumber.java.PendingException();
}
@When("Verify if Graph exist when Total Total Video Cals >{int}")
public void verify_if_graph_exist_when_total_total_video_cals(Integer int1) {
    // Write code here that turns the phrase above into concrete actions
    throw new io.cucumber.java.PendingException();
}

at io.cucumber.core.runtime.TestCaseResultObserver.assertTestCasePassed(TestCaseResultObserver.java:69)
at io.cucumber.testng.TestCaseResultObserver.assertTestCasePassed(TestCaseResultObserver.java:23)
at io.cucumber.testng.TestNGCucumberRunner.lambda$runScenario$1(TestNGCucumberRunner.java:133)
at io.cucumber.core.runtime.CucumberExecutionContext.lambda$runTestCase$5(CucumberExecutionContext.java:136)
at io.cucumber.core.runtime.RethrowingThrowableCollector.executeAndThrow(RethrowingThrowableCollector.java:23)
at io.cucumber.core.runtime.CucumberExecutionContext.runTestCase(CucumberExecutionContext.java:136)
at io.cucumber.testng.TestNGCucumberRunner.runScenario(TestNGCucumberRunner.java:129)
at io.cucumber.testng.AbstractTestNGCucumberTests.runScenario(AbstractTestNGCucumberTests.java:35)
at java.base/java.util.ArrayList.forEach(ArrayList.java:1596)
... Removed 25 stack frames]]>
    </failure>
  </testcase> <!-- runScenario -->
  <testcase classname="io.cucumber.testng.AbstractTestNGCucumberTests" name="runScenario" time="0.007">
    <failure type="io.cucumber.testng.UndefinedStepException" message="The step &amp;apos;In plan type Essentials&amp;apos; and 3 other step(s) are undefined.
You can implement these steps using the snippet(s) below:

@Given(&amp;quot;In plan type Essentials&amp;quot;)
public void in_plan_type_essentials() {
    // Write code here that turns the phrase above into concrete actions
    throw new io.cucumber.java.PendingException();
}
@When(&amp;quot;Verify if Total Messages value exist&amp;quot;)
public void verify_if_total_messages_value_exist() {
    // Write code here that turns the phrase above into concrete actions
    throw new io.cucumber.java.PendingException();
}
@When(&amp;quot;Verify if Graph not exist when Total Messages &amp;lt;={int}&amp;quot;)
public void verify_if_graph_not_exist_when_total_messages(Integer int1) {
    // Write code here that turns the phrase above into concrete actions
    throw new io.cucumber.java.PendingException();
}
@When(&amp;quot;Verify if Graph exist when Total Total Messages &amp;gt;{int}&amp;quot;)
public void verify_if_graph_exist_when_total_total_messages(Integer int1) {
    // Write code here that turns the phrase above into concrete actions
    throw new io.cucumber.java.PendingException();
}
">
      <![CDATA[io.cucumber.testng.UndefinedStepException: The step 'In plan type Essentials' and 3 other step(s) are undefined.
You can implement these steps using the snippet(s) below:

@Given("In plan type Essentials")
public void in_plan_type_essentials() {
    // Write code here that turns the phrase above into concrete actions
    throw new io.cucumber.java.PendingException();
}
@When("Verify if Total Messages value exist")
public void verify_if_total_messages_value_exist() {
    // Write code here that turns the phrase above into concrete actions
    throw new io.cucumber.java.PendingException();
}
@When("Verify if Graph not exist when Total Messages <={int}")
public void verify_if_graph_not_exist_when_total_messages(Integer int1) {
    // Write code here that turns the phrase above into concrete actions
    throw new io.cucumber.java.PendingException();
}
@When("Verify if Graph exist when Total Total Messages >{int}")
public void verify_if_graph_exist_when_total_total_messages(Integer int1) {
    // Write code here that turns the phrase above into concrete actions
    throw new io.cucumber.java.PendingException();
}

at io.cucumber.core.runtime.TestCaseResultObserver.assertTestCasePassed(TestCaseResultObserver.java:69)
at io.cucumber.testng.TestCaseResultObserver.assertTestCasePassed(TestCaseResultObserver.java:23)
at io.cucumber.testng.TestNGCucumberRunner.lambda$runScenario$1(TestNGCucumberRunner.java:133)
at io.cucumber.core.runtime.CucumberExecutionContext.lambda$runTestCase$5(CucumberExecutionContext.java:136)
at io.cucumber.core.runtime.RethrowingThrowableCollector.executeAndThrow(RethrowingThrowableCollector.java:23)
at io.cucumber.core.runtime.CucumberExecutionContext.runTestCase(CucumberExecutionContext.java:136)
at io.cucumber.testng.TestNGCucumberRunner.runScenario(TestNGCucumberRunner.java:129)
at io.cucumber.testng.AbstractTestNGCucumberTests.runScenario(AbstractTestNGCucumberTests.java:35)
at java.base/java.util.ArrayList.forEach(ArrayList.java:1596)
... Removed 25 stack frames]]>
    </failure>
  </testcase> <!-- runScenario -->
  <testcase classname="io.cucumber.testng.AbstractTestNGCucumberTests" name="runScenario" time="0.007">
    <failure type="io.cucumber.testng.UndefinedStepException" message="The step &amp;apos;In plan type Essentials&amp;apos; and 3 other step(s) are undefined.
You can implement these steps using the snippet(s) below:

@Given(&amp;quot;In plan type Essentials&amp;quot;)
public void in_plan_type_essentials() {
    // Write code here that turns the phrase above into concrete actions
    throw new io.cucumber.java.PendingException();
}
@When(&amp;quot;Verify if Total Voice Calls value exist&amp;quot;)
public void verify_if_total_voice_calls_value_exist() {
    // Write code here that turns the phrase above into concrete actions
    throw new io.cucumber.java.PendingException();
}
@When(&amp;quot;Verify if Graph not exist when Total Voice Calls &amp;lt;={int}&amp;quot;)
public void verify_if_graph_not_exist_when_total_voice_calls(Integer int1) {
    // Write code here that turns the phrase above into concrete actions
    throw new io.cucumber.java.PendingException();
}
@When(&amp;quot;Verify if Graph exist when Total Total Voice Calls &amp;gt;{int}&amp;quot;)
public void verify_if_graph_exist_when_total_total_voice_calls(Integer int1) {
    // Write code here that turns the phrase above into concrete actions
    throw new io.cucumber.java.PendingException();
}
">
      <![CDATA[io.cucumber.testng.UndefinedStepException: The step 'In plan type Essentials' and 3 other step(s) are undefined.
You can implement these steps using the snippet(s) below:

@Given("In plan type Essentials")
public void in_plan_type_essentials() {
    // Write code here that turns the phrase above into concrete actions
    throw new io.cucumber.java.PendingException();
}
@When("Verify if Total Voice Calls value exist")
public void verify_if_total_voice_calls_value_exist() {
    // Write code here that turns the phrase above into concrete actions
    throw new io.cucumber.java.PendingException();
}
@When("Verify if Graph not exist when Total Voice Calls <={int}")
public void verify_if_graph_not_exist_when_total_voice_calls(Integer int1) {
    // Write code here that turns the phrase above into concrete actions
    throw new io.cucumber.java.PendingException();
}
@When("Verify if Graph exist when Total Total Voice Calls >{int}")
public void verify_if_graph_exist_when_total_total_voice_calls(Integer int1) {
    // Write code here that turns the phrase above into concrete actions
    throw new io.cucumber.java.PendingException();
}

at io.cucumber.core.runtime.TestCaseResultObserver.assertTestCasePassed(TestCaseResultObserver.java:69)
at io.cucumber.testng.TestCaseResultObserver.assertTestCasePassed(TestCaseResultObserver.java:23)
at io.cucumber.testng.TestNGCucumberRunner.lambda$runScenario$1(TestNGCucumberRunner.java:133)
at io.cucumber.core.runtime.CucumberExecutionContext.lambda$runTestCase$5(CucumberExecutionContext.java:136)
at io.cucumber.core.runtime.RethrowingThrowableCollector.executeAndThrow(RethrowingThrowableCollector.java:23)
at io.cucumber.core.runtime.CucumberExecutionContext.runTestCase(CucumberExecutionContext.java:136)
at io.cucumber.testng.TestNGCucumberRunner.runScenario(TestNGCucumberRunner.java:129)
at io.cucumber.testng.AbstractTestNGCucumberTests.runScenario(AbstractTestNGCucumberTests.java:35)
at java.base/java.util.ArrayList.forEach(ArrayList.java:1596)
... Removed 25 stack frames]]>
    </failure>
  </testcase> <!-- runScenario -->
  <testcase classname="io.cucumber.testng.AbstractTestNGCucumberTests" name="runScenario" time="0.008">
    <failure type="io.cucumber.testng.UndefinedStepException" message="The step &amp;apos;In plan type Essentials&amp;apos; and 3 other step(s) are undefined.
You can implement these steps using the snippet(s) below:

@Given(&amp;quot;In plan type Essentials&amp;quot;)
public void in_plan_type_essentials() {
    // Write code here that turns the phrase above into concrete actions
    throw new io.cucumber.java.PendingException();
}
[...]
Session ID: 7183365b118673b0b74d69d7f233861a">
      <![CDATA[org.openqa.selenium.NoSuchWindowException: no such window: target window already closed
from unknown error: web view not found
  (Session info: chrome=129.0.6668.59)
Build info: version: '4.24.0', revision: '748ffc9bc3'
System info: os.name: 'Windows 11', os.arch: 'amd64', os.version: '10.0', java.version: '21.0.4'
Driver info: org.openqa.selenium.chrome.ChromeDriver
Command: [7183365b118673b0b74d69d7f233861a, findElement {value=(//button[text() = 'Voice Calls'])[1], using=xpath}]
Capabilities {acceptInsecureCerts: false, browserName: chrome, browserVersion: 129.0.6668.59, chrome: {chromedriverVersion: 129.0.6668.70 (df87d5cf12b1..., userDataDir: C:\Users\guru\AppData\Local...}, fedcm:accounts: true, goog:chromeOptions: {debuggerAddress: localhost:51564}, networkConnectionEnabled: false, pageLoadStrategy: normal, platformName: windows, proxy: Proxy(), se:cdp: ws://localhost:51564/devtoo..., se:cdpVersion: 129.0.6668.59, setWindowRect: true, strictFileInteractability: false, timeouts: {implicit: 0, pageLoad: 300000, script: 30000}, unhandledPromptBehavior: dismiss and notify, webauthn:extension:credBlob: true, webauthn:extension:largeBlob: true, webauthn:extension:minPinLength: true, webauthn:extension:prf: true, webauthn:virtualAuthenticators: true}
Session ID: 7183365b118673b0b74d69d7f233861a
at org.openqa.selenium.remote.ErrorCodec.decode(ErrorCodec.java:167)
at org.openqa.selenium.remote.codec.w3c.W3CHttpResponseCodec.decode(W3CHttpResponseCodec.java:138)
at org.openqa.selenium.remote.codec.w3c.W3CHttpResponseCodec.decode(W3CHttpResponseCodec.java:50)
at org.openqa.selenium.remote.HttpCommandExecutor.execute(HttpCommandExecutor.java:190)
at org.openqa.selenium.remote.service.DriverCommandExecutor.invokeExecute(DriverCommandExecutor.java:216)
at org.openqa.selenium.remote.service.DriverCommandExecutor.execute(DriverCommandExecutor.java:174)
at org.openqa.selenium.remote.RemoteWebDriver.execute(RemoteWebDriver.java:545)
at org.openqa.selenium.remote.ElementLocation$ElementFinder$2.findElement(ElementLocation.java:165)
at org.openqa.selenium.remote.ElementLocation.findElement(ElementLocation.java:59)
at org.openqa.selenium.remote.RemoteWebDriver.findElement(RemoteWebDriver.java:368)
at org.openqa.selenium.remote.RemoteWebDriver.findElement(RemoteWebDriver.java:362)
at console_script.sanity.select_calltype(sanity.java:101)
at ✽.Select calltype "Voice Calls"(file:///C:/Users/guru/Desktop/Automation_script/QAconsole_Script/src/main/java/feature_file/sanity.feature:103)
... Removed 3 stack frames]]>
    </failure>
  </testcase> <!-- runScenario -->
  <testcase classname="io.cucumber.testng.AbstractTestNGCucumberTests" name="runScenario" time="2.018">
    <failure type="org.openqa.selenium.NoSuchWindowException" message="no such window: target window already closed
from unknown error: web view not found
  (Session info: chrome=129.0.6668.59)
Build info: version: &amp;apos;4.24.0&amp;apos;, revision: &amp;apos;748ffc9bc3&amp;apos;
System info: os.name: &amp;apos;Windows 11&amp;apos;, os.arch: &amp;apos;amd64&amp;apos;, os.version: &amp;apos;10.0&amp;apos;, java.version: &amp;apos;21.0.4&amp;apos;
Driver info: org.openqa.selenium.chrome.ChromeDriver
Command: [7183365b118673b0b74d69d7f233861a, findElement {value=(//button[text() = &amp;apos;Video Calls&amp;apos;])[1], using=xpath}]
Capabilities {acceptInsecureCerts: false, browserName: chrome, browserVersion: 129.0.6668.59, chrome: {chromedriverVersion: 129.0.6668.70 (df87d5cf12b1..., userDataDir: C:\Users\guru\AppData\Local...}, fedcm:accounts: true, goog:chromeOptions: {debuggerAddress: localhost:51564}, networkConnectionEnabled: false, pageLoadStrategy: normal, platformName: windows, proxy: Proxy(), se:cdp: ws://localhost:51564/devtoo..., se:cdpVersion: 129.0.6668.59, setWindowRect: true, strictFileInteractability: false, timeouts: {implicit: 0, pageLoad: 300000, script: 30000}, unhandledPromptBehavior: dismiss and notify, webauthn:extension:credBlob: true, webauthn:extension:largeBlob: true, webauthn:extension:minPinLength: true, webauthn:extension:prf: true, webauthn:virtualAuthenticators: true}
Session ID: 7183365b118673b0b74d69d7f233861a">
      <![CDATA[org.openqa.selenium.NoSuchWindowException: no such window: target window already closed
from unknown error: web view not found
  (Session info: chrome=129.0.6668.59)
Build info: version: '4.24.0', revision: '748ffc9bc3'
System info: os.name: 'Windows 11', os.arch: 'amd64', os.version: '10.0', java.version: '21.0.4'
Driver info: org.openqa.selenium.chrome.ChromeDriver
Command: [7183365b118673b0b74d69d7f233861a, findElement {value=(//button[text() = 'Video Calls'])[1], using=xpath}]
Capabilities {acceptInsecureCerts: false, browserName: chrome, browserVersion: 129.0.6668.59, chrome: {chromedriverVersion: 129.0.6668.70 (df87d5cf12b1..., userDataDir: C:\Users\guru\AppData\Local...}, fedcm:accounts: true, goog:chromeOptions: {debuggerAddress: localhost:51564}, networkConnectionEnabled: false, pageLoadStrategy: normal, platformName: windows, proxy: Proxy(), se:cdp: ws://localhost:51564/devtoo..., se:cdpVersion: 129.0.6668.59, setWindowRect: true, strictFileInteractability: false, timeouts: {implicit: 0, pageLoad: 300000, script: 30000}, unhandledPromptBehavior: dismiss and notify, webauthn:extension:credBlob: true, webauthn:extension:largeBlob: true, webauthn:extension:minPinLength: true, webauthn:extension:prf: true, webauthn:virtualAuthenticators: true}
Session ID: 7183365b118673b0b74d69d7f233861a
at org.openqa.selenium.remote.ErrorCodec.decode(ErrorCodec.java:167)
at org.openqa.selenium.remote.codec.w3c.W3CHttpResponseCodec.decode(W3CHttpResponseCodec.java:138)
at org.openqa.selenium.remote.codec.w3c.W3CHttpResponseCodec.decode(W3CHttpResponseCodec.java:50)
at org.openqa.selenium.remote.HttpCommandExecutor.execute(HttpCommandExecutor.java:190)
at org.openqa.selenium.remote.service.DriverCommandExecutor.invokeExecute(DriverCommandExecutor.java:216)
at org.openqa.selenium.remote.service.DriverCommandExecutor.execute(DriverCommandExecutor.java:174)
at org.openqa.selenium.remote.RemoteWebDriver.execute(RemoteWebDriver.java:545)
at org.openqa.selenium.remote.ElementLocation$ElementFinder$2.findElement(ElementLocation.java:165)
at org.openqa.selenium.remote.ElementLocation.findElement(ElementLocation.java:59)
at org.openqa.selenium.remote.RemoteWebDriver.findElement(RemoteWebDriver.java:368)
at org.openqa.selenium.remote.RemoteWebDriver.findElement(RemoteWebDriver.java:362)
at console_script.sanity.select_calltype(sanity.java:101)
at ✽.Select calltype "Video Calls"(file:///C:/Users/guru/Desktop/Automation_script/QAconsole_Script/src/main/java/feature_file/sanity.feature:103)
... Removed 3 stack frames]]>
    </failure>
  </testcase> <!-- runScenario -->
  <testcase classname="io.cucumber.testng.AbstractTestNGCucumberTests" name="runScenario" time="2.019">
    <failure type="org.openqa.selenium.NoSuchWindowException" message="no such window: target window already closed
from unknown error: web view not found
  (Session info: chrome=129.0.6668.59)
Build info: version: &amp;apos;4.24.0&amp;apos;, revision: &amp;apos;748ffc9bc3&amp;apos;
System info: os.name: &amp;apos;Windows 11&amp;apos;, os.arch: &amp;apos;amd64&amp;apos;, os.version: &amp;apos;10.0&amp;apos;, java.version: &amp;apos;21.0.4&amp;apos;
Driver info: org.openqa.selenium.chrome.ChromeDriver
Command: [7183365b118673b0b74d69d7f233861a, findElement {value=(//button[text() = &amp;apos;Total Calls&amp;apos;])[2], using=xpath}]
Capabilities {acceptInsecureCerts: false, browserName: chrome, browserVersion: 129.0.6668.59, chrome: {chromedriverVersion: 129.0.6668.70 (df87d5cf12b1..., userDataDir: C:\Users\guru\AppData\Local...}, fedcm:accounts: true, goog:chromeOptions: {debuggerAddress: localhost:51564}, networkConnectionEnabled: false, pageLoadStrategy: normal, platformName: windows, proxy: Proxy(), se:cdp: ws://localhost:51564/devtoo..., se:cdpVersion: 129.0.6668.59, setWindowRect: true, strictFileInteractability: false, timeouts: {implicit: 0, pageLoad: 300000, script: 30000}, unhandledPromptBehavior: dismiss and notify, webauthn:extension:credBlob: true, webauthn:extension:largeBlob: true, webauthn:extension:minPinLength: true, webauthn:extension:prf: true, webauthn:virtualAuthenticators: true}
Session ID: 7183365b118673b0b74d69d7f233861a">
      <![CDATA[org.openqa.selenium.NoSuchWindowException: no such window: target window already closed
from unknown error: web view not found
  (Session info: chrome=129.0.6668.59)
Build info: version: '4.24.0', revision: '748ffc9bc3'
System info: os.name: 'Windows 11', os.arch: 'amd64', os.version: '10.0', java.version: '21.0.4'
Driver info: org.openqa.selenium.chrome.ChromeDriver
Command: [7183365b118673b0b74d69d7f233861a, findElement {value=(//button[text() = 'Total Calls'])[2], using=xpath}]
Capabilities {acceptInsecureCerts: false, browserName: chrome, browserVersion: 129.0.6668.59, chrome: {chromedriverVersion: 129.0.6668.70 (df87d5cf12b1..., userDataDir: C:\Users\guru\AppData\Local...}, fedcm:accounts: true, goog:chromeOptions: {debuggerAddress: localhost:51564}, networkConnectionEnabled: false, pageLoadStrategy: normal, platformName: windows, proxy: Proxy(), se:cdp: ws://localhost:51564/devtoo..., se:cdpVersion: 129.0.6668.59, setWindowRect: true, strictFileInteractability: false, timeouts: {implicit: 0, pageLoad: 300000, script: 30000}, unhandledPromptBehavior: dismiss and notify, webauthn:extension:credBlob: true, webauthn:extension:largeBlob: true, webauthn:extension:minPinLength: true, webauthn:extension:prf: true, webauthn:virtualAuthenticators: true}
Session ID: 7183365b118673b0b74d69d7f233861a
at org.openqa.selenium.remote.ErrorCodec.decode(ErrorCodec.java:167)
at org.openqa.selenium.remote.codec.w3c.W3CHttpResponseCodec.decode(W3CHttpResponseCodec.java:138)
at org.openqa.selenium.remote.codec.w3c.W3CHttpResponseCodec.decode(W3CHttpResponseCodec.java:50)
at org.openqa.selenium.remote.HttpCommandExecutor.execute(HttpCommandExecutor.java:190)
at org.openqa.selenium.remote.service.DriverCommandExecutor.invokeExecute(DriverCommandExecutor.java:216)
at org.openqa.selenium.remote.service.DriverCommandExecutor.execute(DriverCommandExecutor.java:174)
at org.openqa.selenium.remote.RemoteWebDriver.execute(RemoteWebDriver.java:545)
at org.openqa.selenium.remote.ElementLocation$ElementFinder$2.findElement(ElementLocation.java:165)
at org.openqa.selenium.remote.ElementLocation.findElement(ElementLocation.java:59)
at org.openqa.selenium.remote.RemoteWebDriver.findElement(RemoteWebDriver.java:368)
at org.openqa.selenium.remote.RemoteWebDriver.findElement(RemoteWebDriver.java:362)
at console_script.sanity.select_call(sanity.java:120)
at ✽.Select call "Total Calls"(file:///C:/Users/guru/Desktop/Automation_script/QAconsole_Script/src/main/java/feature_file/sanity.feature:114)
... Removed 3 stack frames]]>
    </failure>
  </testcase> <!-- runScenario -->
  <testcase classname="io.cucumber.testng.AbstractTestNGCucumberTests" name="runScenario" time="2.007">
    <failure type="org.openqa.selenium.NoSuchWindowException" message="no such window: target window already closed
from unknown error: web view not found
  (Session info: chrome=129.0.6668.59)
Build info: version: &amp;apos;4.24.0&amp;apos;, revision: &amp;apos;748ffc9bc3&amp;apos;
System info: os.name: &amp;apos;Windows 11&amp;apos;, os.arch: &amp;apos;amd64&amp;apos;, os.version: &amp;apos;10.0&amp;apos;, java.version: &amp;apos;21.0.4&amp;apos;
Driver info: org.openqa.selenium.chrome.ChromeDriver
Command: [7183365b118673b0b74d69d7f233861a, findElement {value=(//button[text() = &amp;apos;Voice Calls&amp;apos;])[2], using=xpath}]
Capabilities {acceptInsecureCerts: false, browserName: chrome, browserVersion: 129.0.6668.59, chrome: {chromedriverVersion: 129.0.6668.70 (df87d5cf12b1..., userDataDir: C:\Users\guru\AppData\Local...}, fedcm:accounts: true, goog:chromeOptions: {debuggerAddress: localhost:51564}, networkConnectionEnabled: false, pageLoadStrategy: normal, platformName: windows, proxy: Proxy(), se:cdp: ws://localhost:51564/devtoo..., se:cdpVersion: 129.0.6668.59, setWindowRect: true, strictFileInteractability: false, timeouts: {implicit: 0, pageLoad: 300000, script: 30000}, unhandledPromptBehavior: dismiss and notify, webauthn:extension:credBlob: true, webauthn:extension:largeBlob: true, webauthn:extension:minPinLength: true, webauthn:extension:prf: true, webauthn:virtualAuthenticators: true}
Session ID: 7183365b118673b0b74d69d7f233861a">
      <![CDATA[org.openqa.selenium.NoSuchWindowException: no such window: target window already closed
from unknown error: web view not found
  (Session info: chrome=129.0.6668.59)
Build info: version: '4.24.0', revision: '748ffc9bc3'
System info: os.name: 'Windows 11', os.arch: 'amd64', os.version: '10.0', java.version: '21.0.4'
Driver info: org.openqa.selenium.chrome.ChromeDriver
Command: [7183365b118673b0b74d69d7f233861a, findElement {value=(//button[text() = 'Voice Calls'])[2], using=xpath}]
Capabilities {acceptInsecureCerts: false, browserName: chrome, browserVersion: 129.0.6668.59, chrome: {chromedriverVersion: 129.0.6668.70 (df87d5cf12b1..., userDataDir: C:\Users\guru\AppData\Local...}, fedcm:accounts: true, goog:chromeOptions: {debuggerAddress: localhost:51564}, networkConnectionEnabled: false, pageLoadStrategy: normal, platformName: windows, proxy: Proxy(), se:cdp: ws://localhost:51564/devtoo..., se:cdpVersion: 129.0.6668.59, setWindowRect: true, strictFileInteractability: false, timeouts: {implicit: 0, pageLoad: 300000, script: 30000}, unhandledPromptBehavior: dismiss and notify, webauthn:extension:credBlob: true, webauthn:extension:largeBlob: true, webauthn:extension:minPinLength: true, webauthn:extension:prf: true, webauthn:virtualAuthenticators: true}
Session ID: 7183365b118673b0b74d69d7f233861a
at org.openqa.selenium.remote.ErrorCodec.decode(ErrorCodec.java:167)
at org.openqa.selenium.remote.codec.w3c.W3CHttpResponseCodec.decode(W3CHttpResponseCodec.java:138)
at org.openqa.selenium.remote.codec.w3c.W3CHttpResponseCodec.decode(W3CHttpResponseCodec.java:50)
at org.openqa.selenium.remote.HttpCommandExecutor.execute(HttpCommandExecutor.java:190)
at org.openqa.selenium.remote.service.DriverCommandExecutor.invokeExecute(DriverCommandExecutor.java:216)
at org.openqa.selenium.remote.service.DriverCommandExecutor.execute(DriverCommandExecutor.java:174)
at org.openqa.selenium.remote.RemoteWebDriver.execute(RemoteWebDriver.java:545)
at org.openqa.selenium.remote.ElementLocation$ElementFinder$2.findElement(ElementLocation.java:165)
at org.openqa.selenium.remote.ElementLocation.findElement(ElementLocation.java:59)
at org.openqa.selenium.remote.RemoteWebDriver.findElement(RemoteWebDriver.java:368)
at org.openqa.selenium.remote.RemoteWebDriver.findElement(RemoteWebDriver.java:362)
at console_script.sanity.select_call(sanity.java:120)
at ✽.Select call "Voice Calls"(file:///C:/Users/guru/Desktop/Automation_script/QAconsole_Script/src/main/java/feature_file/sanity.feature:114)
... Removed 3 stack frames]]>
    </failure>
  </testcase> <!-- runScenario -->
  <testcase classname="io.cucumber.testng.AbstractTestNGCucumberTests" name="runScenario" time="2.013">
    <failure type="org.openqa.selenium.NoSuchWindowException" message="no such window: target window already closed
from unknown error: web view not found
  (Session info: chrome=129.0.6668.59)
Build info: version: &amp;apos;4.24.0&amp;apos;, revision: &amp;apos;748ffc9bc3&amp;apos;
System info: os.name: &amp;apos;Windows 11&amp;apos;, os.arch: &amp;apos;amd64&amp;apos;, os.version: &amp;apos;10.0&amp;apos;, java.version: &amp;apos;21.0.4&amp;apos;
Driver info: org.openqa.selenium.chrome.ChromeDriver
Command: [7183365b118673b0b74d69d7f233861a, findElement {value=(//button[text() = &amp;apos;Video Calls&amp;apos;])[2], using=xpath}]
Capabilities {acceptInsecureCerts: false, browserName: chrome, browserVersion: 129.0.6668.59, chrome: {chromedriverVersion: 129.0.6668.70 (df87d5cf12b1..., userDataDir: C:\Users\guru\AppData\Local...}, fedcm:accounts: true, goog:chromeOptions: {debuggerAddress: localhost:51564}, networkConnectionEnabled: false, pageLoadStrategy: normal, platformName: windows, proxy: Proxy(), se:cdp: ws://localhost:51564/devtoo..., se:cdpVersion: 129.0.6668.59, setWindowRect: true, strictFileInteractability: false, timeouts: {implicit: 0, pageLoad: 300000, script: 30000}, unhandledPromptBehavior: dismiss and notify, webauthn:extension:credBlob: true, webauthn:extension:largeBlob: true, webauthn:extension:minPinLength: true, webauthn:extension:prf: true, webauthn:virtualAuthenticators: true}
Session ID: 7183365b118673b0b74d69d7f233861a">
      <![CDATA[org.openqa.selenium.NoSuchWindowException: no such window: target window already closed
from unknown error: web view not found
  (Session info: chrome=129.0.6668.59)
Build info: version: '4.24.0', revision: '748ffc9bc3'
System info: os.name: 'Windows 11', os.arch: 'amd64', os.version: '10.0', java.version: '21.0.4'
Driver info: org.openqa.selenium.chrome.ChromeDriver
Command: [7183365b118673b0b74d69d7f233861a, findElement {value=(//button[text() = 'Video Calls'])[2], using=xpath}]
Capabilities {acceptInsecureCerts: false, browserName: chrome, browserVersion: 129.0.6668.59, chrome: {chromedriverVersion: 129.0.6668.70 (df87d5cf12b1..., userDataDir: C:\Users\guru\AppData\Local...}, fedcm:accounts: true, goog:chromeOptions: {debuggerAddress: localhost:51564}, networkConnectionEnabled: false, pageLoadStrategy: normal, platformName: windows, proxy: Proxy(), se:cdp: ws://localhost:51564/devtoo..., se:cdpVersion: 129.0.6668.59, setWindowRect: true, strictFileInteractability: false, timeouts: {implicit: 0, pageLoad: 300000, script: 30000}, unhandledPromptBehavior: dismiss and notify, webauthn:extension:credBlob: true, webauthn:extension:largeBlob: true, webauthn:extension:minPinLength: true, webauthn:extension:prf: true, webauthn:virtualAuthenticators: true}
Session ID: 7183365b118673b0b74d69d7f233861a
at org.openqa.selenium.remote.ErrorCodec.decode(ErrorCodec.java:167)
at org.openqa.selenium.remote.codec.w3c.W3CHttpResponseCodec.decode(W3CHttpResponseCodec.java:138)
at org.openqa.selenium.remote.codec.w3c.W3CHttpResponseCodec.decode(W3CHttpResponseCodec.java:50)
at org.openqa.selenium.remote.HttpCommandExecutor.execute(HttpCommandExecutor.java:190)
at org.openqa.selenium.remote.service.DriverCommandExecutor.invokeExecute(DriverCommandExecutor.java:216)
at org.openqa.selenium.remote.service.DriverCommandExecutor.execute(DriverCommandExecutor.java:174)
at org.openqa.selenium.remote.RemoteWebDriver.execute(RemoteWebDriver.java:545)
at org.openqa.selenium.remote.ElementLocation$ElementFinder$2.findElement(ElementLocation.java:165)
at org.openqa.selenium.remote.ElementLocation.findElement(ElementLocation.java:59)
at org.openqa.selenium.remote.RemoteWebDriver.findElement(RemoteWebDriver.java:368)
at org.openqa.selenium.remote.RemoteWebDriver.findElement(RemoteWebDriver.java:362)
at console_script.sanity.select_call(sanity.java:120)
at ✽.Select call "Video Calls"(file:///C:/Users/guru/Desktop/Automation_script/QAconsole_Script/src/main/java/feature_file/sanity.feature:114)
... Removed 3 stack frames]]>
    </failure>
  </testcase> <!-- runScenario -->
</testsuite> <!-- Test -->
