<?xml version="1.0" encoding="UTF-8"?>
<testng-results ignored="0" total="46" passed="44" failed="2" skipped="0">
  <reporter-output>
  </reporter-output>
  <suite started-at="2024-09-26T20:16:59 IST" name="Suite" finished-at="2024-09-26T20:17:33 IST" duration-ms="34716">
    <groups>
      <group name="cucumber">
        <method signature="AbstractTestNGCucumberTests.runScenario(io.cucumber.testng.PickleWrapper,io.cucumber.testng.FeatureWrapper)[pri:0, instance:console_script.Runner@6aeb35e6]" name="runScenario" class="io.cucumber.testng.AbstractTestNGCucumberTests"/>
      </group> <!-- cucumber -->
    </groups>
    <test started-at="2024-09-26T20:16:59 IST" name="Test" finished-at="2024-09-26T20:17:33 IST" duration-ms="34716">
      <class name="console_script.Runner">
        <test-method is-config="true" signature="setUpClass(org.testng.ITestContext)[pri:0, instance:console_script.Runner@6aeb35e6]" started-at="2024-09-26T20:16:59 IST" name="setUpClass" finished-at="2024-09-26T20:16:59 IST" duration-ms="450" status="PASS">
          <params>
            <param index="0">
              <value>
                <![CDATA[org.testng.TestRunner@68821f6]]>
              </value>
            </param>
          </params>
          <reporter-output>
          </reporter-output>
        </test-method> <!-- setUpClass -->
        <test-method is-config="true" signature="browserlaunchconfiguration()[pri:0, instance:console_script.Runner@6aeb35e6]" started-at="2024-09-26T20:16:59 IST" name="browserlaunchconfiguration" finished-at="2024-09-26T20:17:06 IST" duration-ms="7098" status="PASS">
          <reporter-output>
          </reporter-output>
        </test-method> <!-- browserlaunchconfiguration -->
        <test-method signature="runScenario(io.cucumber.testng.PickleWrapper,io.cucumber.testng.FeatureWrapper)[pri:0, instance:console_script.Runner@6aeb35e6]" started-at="2024-09-26T20:17:06 IST" name="runScenario" description="Runs Cucumber Scenarios" data-provider="scenarios" finished-at="2024-09-26T20:17:12 IST" duration-ms="5459" status="PASS">
          <params>
            <param index="0">
              <value>
                <![CDATA["login the application Admin"]]>
              </value>
            </param>
            <param index="1">
              <value>
                <![CDATA["UI sanity check on console Admin"]]>
              </value>
            </param>
          </params>
          <reporter-output>
          </reporter-output>
        </test-method> <!-- runScenario -->
        <test-method signature="runScenario(io.cucumber.testng.PickleWrapper,io.cucumber.testng.FeatureWrapper)[pri:0, instance:console_script.Runner@6aeb35e6]" started-at="2024-09-26T20:17:12 IST" name="runScenario" description="Runs Cucumber Scenarios" data-provider="scenarios" finished-at="2024-09-26T20:17:13 IST" duration-ms="1117" status="PASS">
          <params>
            <param index="0">
              <value>
                <![CDATA["Check the values and Graphs in Recent activity on analytics page"]]>
              </value>
            </param>
            <param index="1">
              <value>
                <![CDATA["UI sanity check on console Admin"]]>
              </value>
            </param>
          </params>
          <reporter-output>
          </reporter-output>
        </test-method> <!-- runScenario -->
        <test-method signature="runScenario(io.cucumber.testng.PickleWrapper,io.cucumber.testng.FeatureWrapper)[pri:0, instance:console_script.Runner@6aeb35e6]" started-at="2024-09-26T20:17:13 IST" name="runScenario" description="Runs Cucumber Scenarios" data-provider="scenarios" finished-at="2024-09-26T20:17:13 IST" duration-ms="456" status="PASS">
          <params>
            <param index="0">
              <value>
                <![CDATA["Check the values and Graphs in Recent activity on analytics page"]]>
              </value>
            </param>
            <param index="1">
              <value>
                <![CDATA["UI sanity check on console Admin"]]>
              </value>
            </param>
          </params>
          <reporter-output>
          </reporter-output>
        </test-method> <!-- runScenario -->
        <test-method signature="runScenario(io.cucumber.testng.PickleWrapper,io.cucumber.testng.FeatureWrapper)[pri:0, instance:console_script.Runner@6aeb35e6]" started-at="2024-09-26T20:17:13 IST" name="runScenario" description="Runs Cucumber Scenarios" data-provider="scenarios" finished-at="2024-09-26T20:17:14 IST" duration-ms="519" status="PASS">
          <params>
            <param index="0">
              <value>
                <![CDATA["Check the values and Graphs in Recent activity on analytics page"]]>
              </value>
            </param>
            <param index="1">
              <value>
                <![CDATA["UI sanity check on console Admin"]]>
              </value>
            </param>
          </params>
          <reporter-output>
          </reporter-output>
        </test-method> <!-- runScenario -->
        <test-method signature="runScenario(io.cucumber.testng.PickleWrapper,io.cucumber.testng.FeatureWrapper)[pri:0, instance:console_script.Runner@6aeb35e6]" started-at="2024-09-26T20:17:14 IST" name="runScenario" description="Runs Cucumber Scenarios" data-provider="scenarios" finished-at="2024-09-26T20:17:14 IST" duration-ms="504" status="PASS">
          <params>
            <param index="0">
              <value>
                <![CDATA["Check the values and Graphs in Recent activity on analytics page"]]>
              </value>
            </param>
            <param index="1">
              <value>
                <![CDATA["UI sanity check on console Admin"]]>
              </value>
            </param>
          </params>
          <reporter-output>
          </reporter-output>
        </test-method> <!-- runScenario -->
        <test-method signature="runScenario(io.cucumber.testng.PickleWrapper,io.cucumber.testng.FeatureWrapper)[pri:0, instance:console_script.Runner@6aeb35e6]" started-at="2024-09-26T20:17:14 IST" name="runScenario" description="Runs Cucumber Scenarios" data-provider="scenarios" finished-at="2024-09-26T20:17:15 IST" duration-ms="366" status="PASS">
          <params>
            <param index="0">
              <value>
                <![CDATA["Check the values and Graphs in Recent activity on analytics page"]]>
              </value>
            </param>
            <param index="1">
              <value>
                <![CDATA["UI sanity check on console Admin"]]>
              </value>
            </param>
          </params>
          <reporter-output>
          </reporter-output>
        </test-method> <!-- runScenario -->
        <test-method signature="runScenario(io.cucumber.testng.PickleWrapper,io.cucumber.testng.FeatureWrapper)[pri:0, instance:console_script.Runner@6aeb35e6]" started-at="2024-09-26T20:17:15 IST" name="runScenario" description="Runs Cucumber Scenarios" data-provider="scenarios" finished-at="2024-09-26T20:17:15 IST" duration-ms="425" status="PASS">
          <params>
            <param index="0">
              <value>
                <![CDATA["Check the values and Graphs in Recent activity on analytics page"]]>
              </value>
            </param>
            <param index="1">
              <value>
                <![CDATA["UI sanity check on console Admin"]]>
              </value>
            </param>
          </params>
          <reporter-output>
          </reporter-output>
        </test-method> <!-- runScenario -->
        <test-method signature="runScenario(io.cucumber.testng.PickleWrapper,io.cucumber.testng.FeatureWrapper)[pri:0, instance:console_script.Runner@6aeb35e6]" started-at="2024-09-26T20:17:15 IST" name="runScenario" description="Runs Cucumber Scenarios" data-provider="scenarios" finished-at="2024-09-26T20:17:16 IST" duration-ms="554" status="PASS">
          <params>
            <param index="0">
              <value>
                <![CDATA["Check the values and Graphs in Recent activity on analytics page"]]>
              </value>
            </param>
            <param index="1">
              <value>
                <![CDATA["UI sanity check on console Admin"]]>
              </value>
            </param>
          </params>
          <reporter-output>
          </reporter-output>
        </test-method> <!-- runScenario -->
        <test-method signature="runScenario(io.cucumber.testng.PickleWrapper,io.cucumber.testng.FeatureWrapper)[pri:0, instance:console_script.Runner@6aeb35e6]" started-at="2024-09-26T20:17:16 IST" name="runScenario" description="Runs Cucumber Scenarios" data-provider="scenarios" finished-at="2024-09-26T20:17:16 IST" duration-ms="301" status="PASS">
          <params>
            <param index="0">
              <value>
                <![CDATA["Check the values and Graphs in Recent activity on analytics page"]]>
              </value>
            </param>
            <param index="1">
              <value>
                <![CDATA["UI sanity check on console Admin"]]>
              </value>
            </param>
          </params>
          <reporter-output>
          </reporter-output>
        </test-method> <!-- runScenario -->
        <test-method signature="runScenario(io.cucumber.testng.PickleWrapper,io.cucumber.testng.FeatureWrapper)[pri:0, instance:console_script.Runner@6aeb35e6]" started-at="2024-09-26T20:17:16 IST" name="runScenario" description="Runs Cucumber Scenarios" data-provider="scenarios" finished-at="2024-09-26T20:17:16 IST" duration-ms="344" status="PASS">
          <params>
            <param index="0">
              <value>
                <![CDATA["Check the values and Graphs in Recent activity on analytics page"]]>
              </value>
            </param>
            <param index="1">
              <value>
                <![CDATA["UI sanity check on console Admin"]]>
              </value>
            </param>
          </params>
          <reporter-output>
          </reporter-output>
        </test-method> <!-- runScenario -->
        <test-method signature="runScenario(io.cucumber.testng.PickleWrapper,io.cucumber.testng.FeatureWrapper)[pri:0, instance:console_script.Runner@6aeb35e6]" started-at="2024-09-26T20:17:16 IST" name="runScenario" description="Runs Cucumber Scenarios" data-provider="scenarios" finished-at="2024-09-26T20:17:17 IST" duration-ms="142" status="PASS">
          <params>
            <param index="0">
              <value>
                <![CDATA["Check the values and Graphs in Total message section in Analytics Overview"]]>
              </value>
            </param>
            <param index="1">
              <value>
                <![CDATA["UI sanity check on console Admin"]]>
              </value>
            </param>
          </params>
          <reporter-output>
          </reporter-output>
        </test-method> <!-- runScenario -->
        <test-method signature="runScenario(io.cucumber.testng.PickleWrapper,io.cucumber.testng.FeatureWrapper)[pri:0, instance:console_script.Runner@6aeb35e6]" started-at="2024-09-26T20:17:17 IST" name="runScenario" description="Runs Cucumber Scenarios" data-provider="scenarios" finished-at="2024-09-26T20:17:17 IST" duration-ms="739" status="PASS">
          <params>
            <param index="0">
              <value>
                <![CDATA["Check the values and Graphs in New User section in Analytics Overview on analytics page"]]>
              </value>
            </param>
            <param index="1">
              <value>
                <![CDATA["UI sanity check on console Admin"]]>
              </value>
            </param>
          </params>
          <reporter-output>
          </reporter-output>
        </test-method> <!-- runScenario -->
        <test-method signature="runScenario(io.cucumber.testng.PickleWrapper,io.cucumber.testng.FeatureWrapper)[pri:0, instance:console_script.Runner@6aeb35e6]" started-at="2024-09-26T20:17:17 IST" name="runScenario" description="Runs Cucumber Scenarios" data-provider="scenarios" finished-at="2024-09-26T20:17:17 IST" duration-ms="219" status="PASS">
          <params>
            <param index="0">
              <value>
                <![CDATA["Check the values and Graphs in New User section in Analytics Overview on analytics page"]]>
              </value>
            </param>
            <param index="1">
              <value>
                <![CDATA["UI sanity check on console Admin"]]>
              </value>
            </param>
          </params>
          <reporter-output>
          </reporter-output>
        </test-method> <!-- runScenario -->
        <test-method signature="runScenario(io.cucumber.testng.PickleWrapper,io.cucumber.testng.FeatureWrapper)[pri:0, instance:console_script.Runner@6aeb35e6]" started-at="2024-09-26T20:17:17 IST" name="runScenario" description="Runs Cucumber Scenarios" data-provider="scenarios" finished-at="2024-09-26T20:17:18 IST" duration-ms="275" status="PASS">
          <params>
            <param index="0">
              <value>
                <![CDATA["Check the values and Graphs in New User section in Analytics Overview on analytics page"]]>
              </value>
            </param>
            <param index="1">
              <value>
                <![CDATA["UI sanity check on console Admin"]]>
              </value>
            </param>
          </params>
          <reporter-output>
          </reporter-output>
        </test-method> <!-- runScenario -->
        <test-method signature="runScenario(io.cucumber.testng.PickleWrapper,io.cucumber.testng.FeatureWrapper)[pri:0, instance:console_script.Runner@6aeb35e6]" started-at="2024-09-26T20:17:18 IST" name="runScenario" description="Runs Cucumber Scenarios" data-provider="scenarios" finished-at="2024-09-26T20:17:18 IST" duration-ms="296" status="PASS">
          <params>
            <param index="0">
              <value>
                <![CDATA["Check the values and Graphs in New User section in Analytics Overview on analytics page"]]>
              </value>
            </param>
            <param index="1">
              <value>
                <![CDATA["UI sanity check on console Admin"]]>
              </value>
            </param>
          </params>
          <reporter-output>
          </reporter-output>
        </test-method> <!-- runScenario -->
        <test-method signature="runScenario(io.cucumber.testng.PickleWrapper,io.cucumber.testng.FeatureWrapper)[pri:0, instance:console_script.Runner@6aeb35e6]" started-at="2024-09-26T20:17:18 IST" name="runScenario" description="Runs Cucumber Scenarios" data-provider="scenarios" finished-at="2024-09-26T20:17:18 IST" duration-ms="255" status="PASS">
          <params>
            <param index="0">
              <value>
                <![CDATA["Check the values and Graphs in New User section in Analytics Overview on analytics page"]]>
              </value>
            </param>
            <param index="1">
              <value>
                <![CDATA["UI sanity check on console Admin"]]>
              </value>
            </param>
          </params>
          <reporter-output>
          </reporter-output>
        </test-method> <!-- runScenario -->
        <test-method signature="runScenario(io.cucumber.testng.PickleWrapper,io.cucumber.testng.FeatureWrapper)[pri:0, instance:console_script.Runner@6aeb35e6]" started-at="2024-09-26T20:17:18 IST" name="runScenario" description="Runs Cucumber Scenarios" data-provider="scenarios" finished-at="2024-09-26T20:17:19 IST" duration-ms="226" status="PASS">
          <params>
            <param index="0">
              <value>
                <![CDATA["Check the values and Graphs in Total call Duration section in Analytics Overview on analytics page"]]>
              </value>
            </param>
            <param index="1">
              <value>
                <![CDATA["UI sanity check on console Admin"]]>
              </value>
            </param>
          </params>
          <reporter-output>
          </reporter-output>
        </test-method> <!-- runScenario -->
        <test-method signature="runScenario(io.cucumber.testng.PickleWrapper,io.cucumber.testng.FeatureWrapper)[pri:0, instance:console_script.Runner@6aeb35e6]" started-at="2024-09-26T20:17:19 IST" name="runScenario" description="Runs Cucumber Scenarios" data-provider="scenarios" finished-at="2024-09-26T20:17:19 IST" duration-ms="274" status="PASS">
          <params>
            <param index="0">
              <value>
                <![CDATA["Check the values and Graphs in Total call Duration section in Analytics Overview on analytics page"]]>
              </value>
            </param>
            <param index="1">
              <value>
                <![CDATA["UI sanity check on console Admin"]]>
              </value>
            </param>
          </params>
          <reporter-output>
          </reporter-output>
        </test-method> <!-- runScenario -->
        <test-method signature="runScenario(io.cucumber.testng.PickleWrapper,io.cucumber.testng.FeatureWrapper)[pri:0, instance:console_script.Runner@6aeb35e6]" started-at="2024-09-26T20:17:19 IST" name="runScenario" description="Runs Cucumber Scenarios" data-provider="scenarios" finished-at="2024-09-26T20:17:19 IST" duration-ms="288" status="PASS">
          <params>
            <param index="0">
              <value>
                <![CDATA["Check the values and Graphs in Total call Duration section in Analytics Overview on analytics page"]]>
              </value>
            </param>
            <param index="1">
              <value>
                <![CDATA["UI sanity check on console Admin"]]>
              </value>
            </param>
          </params>
          <reporter-output>
          </reporter-output>
        </test-method> <!-- runScenario -->
        <test-method signature="runScenario(io.cucumber.testng.PickleWrapper,io.cucumber.testng.FeatureWrapper)[pri:0, instance:console_script.Runner@6aeb35e6]" started-at="2024-09-26T20:17:19 IST" name="runScenario" description="Runs Cucumber Scenarios" data-provider="scenarios" finished-at="2024-09-26T20:17:19 IST" duration-ms="320" status="PASS">
          <params>
            <param index="0">
              <value>
                <![CDATA["Check the values and Graphs in Total calls section in Analytics Overview on analytics page"]]>
              </value>
            </param>
            <param index="1">
              <value>
                <![CDATA["UI sanity check on console Admin"]]>
              </value>
            </param>
          </params>
          <reporter-output>
          </reporter-output>
        </test-method> <!-- runScenario -->
        <test-method signature="runScenario(io.cucumber.testng.PickleWrapper,io.cucumber.testng.FeatureWrapper)[pri:0, instance:console_script.Runner@6aeb35e6]" started-at="2024-09-26T20:17:19 IST" name="runScenario" description="Runs Cucumber Scenarios" data-provider="scenarios" finished-at="2024-09-26T20:17:20 IST" duration-ms="295" status="PASS">
          <params>
            <param index="0">
              <value>
                <![CDATA["Check the values and Graphs in Total calls section in Analytics Overview on analytics page"]]>
              </value>
            </param>
            <param index="1">
              <value>
                <![CDATA["UI sanity check on console Admin"]]>
              </value>
            </param>
          </params>
          <reporter-output>
          </reporter-output>
        </test-method> <!-- runScenario -->
        <test-method signature="runScenario(io.cucumber.testng.PickleWrapper,io.cucumber.testng.FeatureWrapper)[pri:0, instance:console_script.Runner@6aeb35e6]" started-at="2024-09-26T20:17:20 IST" name="runScenario" description="Runs Cucumber Scenarios" data-provider="scenarios" finished-at="2024-09-26T20:17:20 IST" duration-ms="270" status="PASS">
          <params>
            <param index="0">
              <value>
                <![CDATA["Check the values and Graphs in Total calls section in Analytics Overview on analytics page"]]>
              </value>
            </param>
            <param index="1">
              <value>
                <![CDATA["UI sanity check on console Admin"]]>
              </value>
            </param>
          </params>
          <reporter-output>
          </reporter-output>
        </test-method> <!-- runScenario -->
        <test-method signature="runScenario(io.cucumber.testng.PickleWrapper,io.cucumber.testng.FeatureWrapper)[pri:0, instance:console_script.Runner@6aeb35e6]" started-at="2024-09-26T20:17:20 IST" name="runScenario" description="Runs Cucumber Scenarios" data-provider="scenarios" finished-at="2024-09-26T20:17:21 IST" duration-ms="812" status="FAIL">
          <params>
            <param index="0">
              <value>
                <![CDATA["logout the application"]]>
              </value>
            </param>
            <param index="1">
              <value>
                <![CDATA["UI sanity check on console Admin"]]>
              </value>
            </param>
          </params>
          <exception class="org.openqa.selenium.NoSuchElementException">
            <message>
              <![CDATA[no such element: Unable to locate element: {"method":"xpath","selector":"//*[text()='logout']"}
  (Session info: chrome=129.0.6668.59)
For documentation on this error, please visit: https://www.selenium.dev/documentation/webdriver/troubleshooting/errors#no-such-element-exception
Build info: version: '4.24.0', revision: '748ffc9bc3'
System info: os.name: 'Windows 11', os.arch: 'amd64', os.version: '10.0', java.version: '21.0.4'
Driver info: org.openqa.selenium.chrome.ChromeDriver
Command: [19d7bd5d4a664e2039a98eb1c0c78fe4, findElement {using=xpath, value=//*[text()='logout']}]
Capabilities {acceptInsecureCerts: false, browserName: chrome, browserVersion: 129.0.6668.59, chrome: {chromedriverVersion: 129.0.6668.70 (df87d5cf12b1..., userDataDir: C:\Users\guru\AppData\Local...}, fedcm:accounts: true, goog:chromeOptions: {debuggerAddress: localhost:49858}, networkConnectionEnabled: false, pageLoadStrategy: normal, platformName: windows, proxy: Proxy(), se:cdp: ws://localhost:49858/devtoo..., se:cdpVersion: 129.0.6668.59, setWindowRect: true, strictFileInteractability: false, timeouts: {implicit: 0, pageLoad: 300000, script: 30000}, unhandledPromptBehavior: dismiss and notify, webauthn:extension:credBlob: true, webauthn:extension:largeBlob: true, webauthn:extension:minPinLength: true, webauthn:extension:prf: true, webauthn:virtualAuthenticators: true}
Session ID: 19d7bd5d4a664e2039a98eb1c0c78fe4]]>
            </message>
            <full-stacktrace>
              <![CDATA[org.openqa.selenium.NoSuchElementException: no such element: Unable to locate element: {"method":"xpath","selector":"//*[text()='logout']"}
  (Session info: chrome=129.0.6668.59)
For documentation on this error, please visit: https://www.selenium.dev/documentation/webdriver/troubleshooting/errors#no-such-element-exception
Build info: version: '4.24.0', revision: '748ffc9bc3'
System info: os.name: 'Windows 11', os.arch: 'amd64', os.version: '10.0', java.version: '21.0.4'
Driver info: org.openqa.selenium.chrome.ChromeDriver
Command: [19d7bd5d4a664e2039a98eb1c0c78fe4, findElement {using=xpath, value=//*[text()='logout']}]
Capabilities {acceptInsecureCerts: false, browserName: chrome, browserVersion: 129.0.6668.59, chrome: {chromedriverVersion: 129.0.6668.70 (df87d5cf12b1..., userDataDir: C:\Users\guru\AppData\Local...}, fedcm:accounts: true, goog:chromeOptions: {debuggerAddress: localhost:49858}, networkConnectionEnabled: false, pageLoadStrategy: normal, platformName: windows, proxy: Proxy(), se:cdp: ws://localhost:49858/devtoo..., se:cdpVersion: 129.0.6668.59, setWindowRect: true, strictFileInteractability: false, timeouts: {implicit: 0, pageLoad: 300000, script: 30000}, unhandledPromptBehavior: dismiss and notify, webauthn:extension:credBlob: true, webauthn:extension:largeBlob: true, webauthn:extension:minPinLength: true, webauthn:extension:prf: true, webauthn:virtualAuthenticators: true}
Session ID: 19d7bd5d4a664e2039a98eb1c0c78fe4
at java.base/jdk.internal.reflect.DirectConstructorHandleAccessor.newInstance(DirectConstructorHandleAccessor.java:62)
at java.base/java.lang.reflect.Constructor.newInstanceWithCaller(Constructor.java:502)
at java.base/java.lang.reflect.Constructor.newInstance(Constructor.java:486)
at org.openqa.selenium.remote.ErrorCodec.decode(ErrorCodec.java:167)
at org.openqa.selenium.remote.codec.w3c.W3CHttpResponseCodec.decode(W3CHttpResponseCodec.java:138)
at org.openqa.selenium.remote.codec.w3c.W3CHttpResponseCodec.decode(W3CHttpResponseCodec.java:50)
at org.openqa.selenium.remote.HttpCommandExecutor.execute(HttpCommandExecutor.java:190)
at org.openqa.selenium.remote.service.DriverCommandExecutor.invokeExecute(DriverCommandExecutor.java:216)
at org.openqa.selenium.remote.service.DriverCommandExecutor.execute(DriverCommandExecutor.java:174)
at org.openqa.selenium.remote.RemoteWebDriver.execute(RemoteWebDriver.java:545)
at org.openqa.selenium.remote.ElementLocation$ElementFinder$2.findElement(ElementLocation.java:165)
at org.openqa.selenium.remote.ElementLocation.findElement(ElementLocation.java:59)
at org.openqa.selenium.remote.RemoteWebDriver.findElement(RemoteWebDriver.java:368)
at org.openqa.selenium.remote.RemoteWebDriver.findElement(RemoteWebDriver.java:362)
at console_script.sanity.click_on_the_logout_button(sanity.java:168)
at ✽.click on the logout button(file:///C:/Users/guru/Desktop/Automation_script/QAconsole_Script/src/main/java/feature_file/sanity_Admin.feature:109)
]]>
            </full-stacktrace>
          </exception> <!-- org.openqa.selenium.NoSuchElementException -->
          <reporter-output>
          </reporter-output>
        </test-method> <!-- runScenario -->
        <test-method signature="runScenario(io.cucumber.testng.PickleWrapper,io.cucumber.testng.FeatureWrapper)[pri:0, instance:console_script.Runner@6aeb35e6]" started-at="2024-09-26T20:17:21 IST" name="runScenario" description="Runs Cucumber Scenarios" data-provider="scenarios" finished-at="2024-09-26T20:17:25 IST" duration-ms="3814" status="PASS">
          <params>
            <param index="0">
              <value>
                <![CDATA["login the application Superadmin"]]>
              </value>
            </param>
            <param index="1">
              <value>
                <![CDATA["UI sanity check on console Superadmin"]]>
              </value>
            </param>
          </params>
          <reporter-output>
          </reporter-output>
        </test-method> <!-- runScenario -->
        <test-method signature="runScenario(io.cucumber.testng.PickleWrapper,io.cucumber.testng.FeatureWrapper)[pri:0, instance:console_script.Runner@6aeb35e6]" started-at="2024-09-26T20:17:25 IST" name="runScenario" description="Runs Cucumber Scenarios" data-provider="scenarios" finished-at="2024-09-26T20:17:25 IST" duration-ms="432" status="PASS">
          <params>
            <param index="0">
              <value>
                <![CDATA["Check the values and Graphs in Recent activity on analytics page"]]>
              </value>
            </param>
            <param index="1">
              <value>
                <![CDATA["UI sanity check on console Superadmin"]]>
              </value>
            </param>
          </params>
          <reporter-output>
          </reporter-output>
        </test-method> <!-- runScenario -->
        <test-method signature="runScenario(io.cucumber.testng.PickleWrapper,io.cucumber.testng.FeatureWrapper)[pri:0, instance:console_script.Runner@6aeb35e6]" started-at="2024-09-26T20:17:25 IST" name="runScenario" description="Runs Cucumber Scenarios" data-provider="scenarios" finished-at="2024-09-26T20:17:26 IST" duration-ms="441" status="PASS">
          <params>
            <param index="0">
              <value>
                <![CDATA["Check the values and Graphs in Recent activity on analytics page"]]>
              </value>
            </param>
            <param index="1">
              <value>
                <![CDATA["UI sanity check on console Superadmin"]]>
              </value>
            </param>
          </params>
          <reporter-output>
          </reporter-output>
        </test-method> <!-- runScenario -->
        <test-method signature="runScenario(io.cucumber.testng.PickleWrapper,io.cucumber.testng.FeatureWrapper)[pri:0, instance:console_script.Runner@6aeb35e6]" started-at="2024-09-26T20:17:26 IST" name="runScenario" description="Runs Cucumber Scenarios" data-provider="scenarios" finished-at="2024-09-26T20:17:26 IST" duration-ms="465" status="PASS">
          <params>
            <param index="0">
              <value>
                <![CDATA["Check the values and Graphs in Recent activity on analytics page"]]>
              </value>
            </param>
            <param index="1">
              <value>
                <![CDATA["UI sanity check on console Superadmin"]]>
              </value>
            </param>
          </params>
          <reporter-output>
          </reporter-output>
        </test-method> <!-- runScenario -->
        <test-method signature="runScenario(io.cucumber.testng.PickleWrapper,io.cucumber.testng.FeatureWrapper)[pri:0, instance:console_script.Runner@6aeb35e6]" started-at="2024-09-26T20:17:26 IST" name="runScenario" description="Runs Cucumber Scenarios" data-provider="scenarios" finished-at="2024-09-26T20:17:26 IST" duration-ms="502" status="PASS">
          <params>
            <param index="0">
              <value>
                <![CDATA["Check the values and Graphs in Recent activity on analytics page"]]>
              </value>
            </param>
            <param index="1">
              <value>
                <![CDATA["UI sanity check on console Superadmin"]]>
              </value>
            </param>
          </params>
          <reporter-output>
          </reporter-output>
        </test-method> <!-- runScenario -->
        <test-method signature="runScenario(io.cucumber.testng.PickleWrapper,io.cucumber.testng.FeatureWrapper)[pri:0, instance:console_script.Runner@6aeb35e6]" started-at="2024-09-26T20:17:26 IST" name="runScenario" description="Runs Cucumber Scenarios" data-provider="scenarios" finished-at="2024-09-26T20:17:27 IST" duration-ms="442" status="PASS">
          <params>
            <param index="0">
              <value>
                <![CDATA["Check the values and Graphs in Recent activity on analytics page"]]>
              </value>
            </param>
            <param index="1">
              <value>
                <![CDATA["UI sanity check on console Superadmin"]]>
              </value>
            </param>
          </params>
          <reporter-output>
          </reporter-output>
        </test-method> <!-- runScenario -->
        <test-method signature="runScenario(io.cucumber.testng.PickleWrapper,io.cucumber.testng.FeatureWrapper)[pri:0, instance:console_script.Runner@6aeb35e6]" started-at="2024-09-26T20:17:27 IST" name="runScenario" description="Runs Cucumber Scenarios" data-provider="scenarios" finished-at="2024-09-26T20:17:27 IST" duration-ms="565" status="PASS">
          <params>
            <param index="0">
              <value>
                <![CDATA["Check the values and Graphs in Recent activity on analytics page"]]>
              </value>
            </param>
            <param index="1">
              <value>
                <![CDATA["UI sanity check on console Superadmin"]]>
              </value>
            </param>
          </params>
          <reporter-output>
          </reporter-output>
        </test-method> <!-- runScenario -->
        <test-method signature="runScenario(io.cucumber.testng.PickleWrapper,io.cucumber.testng.FeatureWrapper)[pri:0, instance:console_script.Runner@6aeb35e6]" started-at="2024-09-26T20:17:27 IST" name="runScenario" description="Runs Cucumber Scenarios" data-provider="scenarios" finished-at="2024-09-26T20:17:28 IST" duration-ms="663" status="PASS">
          <params>
            <param index="0">
              <value>
                <![CDATA["Check the values and Graphs in Recent activity on analytics page"]]>
              </value>
            </param>
            <param index="1">
              <value>
                <![CDATA["UI sanity check on console Superadmin"]]>
              </value>
            </param>
          </params>
          <reporter-output>
          </reporter-output>
        </test-method> <!-- runScenario -->
        <test-method signature="runScenario(io.cucumber.testng.PickleWrapper,io.cucumber.testng.FeatureWrapper)[pri:0, instance:console_script.Runner@6aeb35e6]" started-at="2024-09-26T20:17:28 IST" name="runScenario" description="Runs Cucumber Scenarios" data-provider="scenarios" finished-at="2024-09-26T20:17:28 IST" duration-ms="287" status="PASS">
          <params>
            <param index="0">
              <value>
                <![CDATA["Check the values and Graphs in Recent activity on analytics page"]]>
              </value>
            </param>
            <param index="1">
              <value>
                <![CDATA["UI sanity check on console Superadmin"]]>
              </value>
            </param>
          </params>
          <reporter-output>
          </reporter-output>
        </test-method> <!-- runScenario -->
        <test-method signature="runScenario(io.cucumber.testng.PickleWrapper,io.cucumber.testng.FeatureWrapper)[pri:0, instance:console_script.Runner@6aeb35e6]" started-at="2024-09-26T20:17:28 IST" name="runScenario" description="Runs Cucumber Scenarios" data-provider="scenarios" finished-at="2024-09-26T20:17:29 IST" duration-ms="312" status="PASS">
          <params>
            <param index="0">
              <value>
                <![CDATA["Check the values and Graphs in Recent activity on analytics page"]]>
              </value>
            </param>
            <param index="1">
              <value>
                <![CDATA["UI sanity check on console Superadmin"]]>
              </value>
            </param>
          </params>
          <reporter-output>
          </reporter-output>
        </test-method> <!-- runScenario -->
        <test-method signature="runScenario(io.cucumber.testng.PickleWrapper,io.cucumber.testng.FeatureWrapper)[pri:0, instance:console_script.Runner@6aeb35e6]" started-at="2024-09-26T20:17:29 IST" name="runScenario" description="Runs Cucumber Scenarios" data-provider="scenarios" finished-at="2024-09-26T20:17:29 IST" duration-ms="147" status="PASS">
          <params>
            <param index="0">
              <value>
                <![CDATA["Check the values and Graphs in Total message section in Analytics Overview"]]>
              </value>
            </param>
            <param index="1">
              <value>
                <![CDATA["UI sanity check on console Superadmin"]]>
              </value>
            </param>
          </params>
          <reporter-output>
          </reporter-output>
        </test-method> <!-- runScenario -->
        <test-method signature="runScenario(io.cucumber.testng.PickleWrapper,io.cucumber.testng.FeatureWrapper)[pri:0, instance:console_script.Runner@6aeb35e6]" started-at="2024-09-26T20:17:29 IST" name="runScenario" description="Runs Cucumber Scenarios" data-provider="scenarios" finished-at="2024-09-26T20:17:30 IST" duration-ms="722" status="PASS">
          <params>
            <param index="0">
              <value>
                <![CDATA["Check the values and Graphs in New User section in Analytics Overview on analytics page"]]>
              </value>
            </param>
            <param index="1">
              <value>
                <![CDATA["UI sanity check on console Superadmin"]]>
              </value>
            </param>
          </params>
          <reporter-output>
          </reporter-output>
        </test-method> <!-- runScenario -->
        <test-method signature="runScenario(io.cucumber.testng.PickleWrapper,io.cucumber.testng.FeatureWrapper)[pri:0, instance:console_script.Runner@6aeb35e6]" started-at="2024-09-26T20:17:30 IST" name="runScenario" description="Runs Cucumber Scenarios" data-provider="scenarios" finished-at="2024-09-26T20:17:30 IST" duration-ms="235" status="PASS">
          <params>
            <param index="0">
              <value>
                <![CDATA["Check the values and Graphs in New User section in Analytics Overview on analytics page"]]>
              </value>
            </param>
            <param index="1">
              <value>
                <![CDATA["UI sanity check on console Superadmin"]]>
              </value>
            </param>
          </params>
          <reporter-output>
          </reporter-output>
        </test-method> <!-- runScenario -->
        <test-method signature="runScenario(io.cucumber.testng.PickleWrapper,io.cucumber.testng.FeatureWrapper)[pri:0, instance:console_script.Runner@6aeb35e6]" started-at="2024-09-26T20:17:30 IST" name="runScenario" description="Runs Cucumber Scenarios" data-provider="scenarios" finished-at="2024-09-26T20:17:30 IST" duration-ms="220" status="PASS">
          <params>
            <param index="0">
              <value>
                <![CDATA["Check the values and Graphs in New User section in Analytics Overview on analytics page"]]>
              </value>
            </param>
            <param index="1">
              <value>
                <![CDATA["UI sanity check on console Superadmin"]]>
              </value>
            </param>
          </params>
          <reporter-output>
          </reporter-output>
        </test-method> <!-- runScenario -->
        <test-method signature="runScenario(io.cucumber.testng.PickleWrapper,io.cucumber.testng.FeatureWrapper)[pri:0, instance:console_script.Runner@6aeb35e6]" started-at="2024-09-26T20:17:30 IST" name="runScenario" description="Runs Cucumber Scenarios" data-provider="scenarios" finished-at="2024-09-26T20:17:30 IST" duration-ms="208" status="PASS">
          <params>
            <param index="0">
              <value>
                <![CDATA["Check the values and Graphs in New User section in Analytics Overview on analytics page"]]>
              </value>
            </param>
            <param index="1">
              <value>
                <![CDATA["UI sanity check on console Superadmin"]]>
              </value>
            </param>
          </params>
          <reporter-output>
          </reporter-output>
        </test-method> <!-- runScenario -->
        <test-method signature="runScenario(io.cucumber.testng.PickleWrapper,io.cucumber.testng.FeatureWrapper)[pri:0, instance:console_script.Runner@6aeb35e6]" started-at="2024-09-26T20:17:30 IST" name="runScenario" description="Runs Cucumber Scenarios" data-provider="scenarios" finished-at="2024-09-26T20:17:30 IST" duration-ms="194" status="PASS">
          <params>
            <param index="0">
              <value>
                <![CDATA["Check the values and Graphs in New User section in Analytics Overview on analytics page"]]>
              </value>
            </param>
            <param index="1">
              <value>
                <![CDATA["UI sanity check on console Superadmin"]]>
              </value>
            </param>
          </params>
          <reporter-output>
          </reporter-output>
        </test-method> <!-- runScenario -->
        <test-method signature="runScenario(io.cucumber.testng.PickleWrapper,io.cucumber.testng.FeatureWrapper)[pri:0, instance:console_script.Runner@6aeb35e6]" started-at="2024-09-26T20:17:30 IST" name="runScenario" description="Runs Cucumber Scenarios" data-provider="scenarios" finished-at="2024-09-26T20:17:31 IST" duration-ms="153" status="PASS">
          <params>
            <param index="0">
              <value>
                <![CDATA["Check the values and Graphs in Total call Duration section in Analytics Overview on analytics page"]]>
              </value>
            </param>
            <param index="1">
              <value>
                <![CDATA["UI sanity check on console Superadmin"]]>
              </value>
            </param>
          </params>
          <reporter-output>
          </reporter-output>
        </test-method> <!-- runScenario -->
        <test-method signature="runScenario(io.cucumber.testng.PickleWrapper,io.cucumber.testng.FeatureWrapper)[pri:0, instance:console_script.Runner@6aeb35e6]" started-at="2024-09-26T20:17:31 IST" name="runScenario" description="Runs Cucumber Scenarios" data-provider="scenarios" finished-at="2024-09-26T20:17:31 IST" duration-ms="326" status="PASS">
          <params>
            <param index="0">
              <value>
                <![CDATA["Check the values and Graphs in Total call Duration section in Analytics Overview on analytics page"]]>
              </value>
            </param>
            <param index="1">
              <value>
                <![CDATA["UI sanity check on console Superadmin"]]>
              </value>
            </param>
          </params>
          <reporter-output>
          </reporter-output>
        </test-method> <!-- runScenario -->
        <test-method signature="runScenario(io.cucumber.testng.PickleWrapper,io.cucumber.testng.FeatureWrapper)[pri:0, instance:console_script.Runner@6aeb35e6]" started-at="2024-09-26T20:17:31 IST" name="runScenario" description="Runs Cucumber Scenarios" data-provider="scenarios" finished-at="2024-09-26T20:17:31 IST" duration-ms="280" status="PASS">
          <params>
            <param index="0">
              <value>
                <![CDATA["Check the values and Graphs in Total call Duration section in Analytics Overview on analytics page"]]>
              </value>
            </param>
            <param index="1">
              <value>
                <![CDATA["UI sanity check on console Superadmin"]]>
              </value>
            </param>
          </params>
          <reporter-output>
          </reporter-output>
        </test-method> <!-- runScenario -->
        <test-method signature="runScenario(io.cucumber.testng.PickleWrapper,io.cucumber.testng.FeatureWrapper)[pri:0, instance:console_script.Runner@6aeb35e6]" started-at="2024-09-26T20:17:31 IST" name="runScenario" description="Runs Cucumber Scenarios" data-provider="scenarios" finished-at="2024-09-26T20:17:32 IST" duration-ms="312" status="PASS">
          <params>
            <param index="0">
              <value>
                <![CDATA["Check the values and Graphs in Total calls section in Analytics Overview on analytics page"]]>
              </value>
            </param>
            <param index="1">
              <value>
                <![CDATA["UI sanity check on console Superadmin"]]>
              </value>
            </param>
          </params>
          <reporter-output>
          </reporter-output>
        </test-method> <!-- runScenario -->
        <test-method signature="runScenario(io.cucumber.testng.PickleWrapper,io.cucumber.testng.FeatureWrapper)[pri:0, instance:console_script.Runner@6aeb35e6]" started-at="2024-09-26T20:17:32 IST" name="runScenario" description="Runs Cucumber Scenarios" data-provider="scenarios" finished-at="2024-09-26T20:17:32 IST" duration-ms="410" status="PASS">
          <params>
            <param index="0">
              <value>
                <![CDATA["Check the values and Graphs in Total calls section in Analytics Overview on analytics page"]]>
              </value>
            </param>
            <param index="1">
              <value>
                <![CDATA["UI sanity check on console Superadmin"]]>
              </value>
            </param>
          </params>
          <reporter-output>
          </reporter-output>
        </test-method> <!-- runScenario -->
        <test-method signature="runScenario(io.cucumber.testng.PickleWrapper,io.cucumber.testng.FeatureWrapper)[pri:0, instance:console_script.Runner@6aeb35e6]" started-at="2024-09-26T20:17:32 IST" name="runScenario" description="Runs Cucumber Scenarios" data-provider="scenarios" finished-at="2024-09-26T20:17:32 IST" duration-ms="347" status="PASS">
          <params>
            <param index="0">
              <value>
                <![CDATA["Check the values and Graphs in Total calls section in Analytics Overview on analytics page"]]>
              </value>
            </param>
            <param index="1">
              <value>
                <![CDATA["UI sanity check on console Superadmin"]]>
              </value>
            </param>
          </params>
          <reporter-output>
          </reporter-output>
        </test-method> <!-- runScenario -->
        <test-method signature="runScenario(io.cucumber.testng.PickleWrapper,io.cucumber.testng.FeatureWrapper)[pri:0, instance:console_script.Runner@6aeb35e6]" started-at="2024-09-26T20:17:32 IST" name="runScenario" description="Runs Cucumber Scenarios" data-provider="scenarios" finished-at="2024-09-26T20:17:33 IST" duration-ms="496" status="FAIL">
          <params>
            <param index="0">
              <value>
                <![CDATA["logout the application"]]>
              </value>
            </param>
            <param index="1">
              <value>
                <![CDATA["UI sanity check on console Superadmin"]]>
              </value>
            </param>
          </params>
          <exception class="org.openqa.selenium.NoSuchElementException">
            <message>
              <![CDATA[no such element: Unable to locate element: {"method":"xpath","selector":"//*[text()='logout']"}
  (Session info: chrome=129.0.6668.59)
For documentation on this error, please visit: https://www.selenium.dev/documentation/webdriver/troubleshooting/errors#no-such-element-exception
Build info: version: '4.24.0', revision: '748ffc9bc3'
System info: os.name: 'Windows 11', os.arch: 'amd64', os.version: '10.0', java.version: '21.0.4'
Driver info: org.openqa.selenium.chrome.ChromeDriver
Command: [19d7bd5d4a664e2039a98eb1c0c78fe4, findElement {using=xpath, value=//*[text()='logout']}]
Capabilities {acceptInsecureCerts: false, browserName: chrome, browserVersion: 129.0.6668.59, chrome: {chromedriverVersion: 129.0.6668.70 (df87d5cf12b1..., userDataDir: C:\Users\guru\AppData\Local...}, fedcm:accounts: true, goog:chromeOptions: {debuggerAddress: localhost:49858}, networkConnectionEnabled: false, pageLoadStrategy: normal, platformName: windows, proxy: Proxy(), se:cdp: ws://localhost:49858/devtoo..., se:cdpVersion: 129.0.6668.59, setWindowRect: true, strictFileInteractability: false, timeouts: {implicit: 0, pageLoad: 300000, script: 30000}, unhandledPromptBehavior: dismiss and notify, webauthn:extension:credBlob: true, webauthn:extension:largeBlob: true, webauthn:extension:minPinLength: true, webauthn:extension:prf: true, webauthn:virtualAuthenticators: true}
Session ID: 19d7bd5d4a664e2039a98eb1c0c78fe4]]>
            </message>
            <full-stacktrace>
              <![CDATA[org.openqa.selenium.NoSuchElementException: no such element: Unable to locate element: {"method":"xpath","selector":"//*[text()='logout']"}
  (Session info: chrome=129.0.6668.59)
For documentation on this error, please visit: https://www.selenium.dev/documentation/webdriver/troubleshooting/errors#no-such-element-exception
Build info: version: '4.24.0', revision: '748ffc9bc3'
System info: os.name: 'Windows 11', os.arch: 'amd64', os.version: '10.0', java.version: '21.0.4'
Driver info: org.openqa.selenium.chrome.ChromeDriver
Command: [19d7bd5d4a664e2039a98eb1c0c78fe4, findElement {using=xpath, value=//*[text()='logout']}]
Capabilities {acceptInsecureCerts: false, browserName: chrome, browserVersion: 129.0.6668.59, chrome: {chromedriverVersion: 129.0.6668.70 (df87d5cf12b1..., userDataDir: C:\Users\guru\AppData\Local...}, fedcm:accounts: true, goog:chromeOptions: {debuggerAddress: localhost:49858}, networkConnectionEnabled: false, pageLoadStrategy: normal, platformName: windows, proxy: Proxy(), se:cdp: ws://localhost:49858/devtoo..., se:cdpVersion: 129.0.6668.59, setWindowRect: true, strictFileInteractability: false, timeouts: {implicit: 0, pageLoad: 300000, script: 30000}, unhandledPromptBehavior: dismiss and notify, webauthn:extension:credBlob: true, webauthn:extension:largeBlob: true, webauthn:extension:minPinLength: true, webauthn:extension:prf: true, webauthn:virtualAuthenticators: true}
Session ID: 19d7bd5d4a664e2039a98eb1c0c78fe4
at java.base/jdk.internal.reflect.DirectConstructorHandleAccessor.newInstance(DirectConstructorHandleAccessor.java:62)
at java.base/java.lang.reflect.Constructor.newInstanceWithCaller(Constructor.java:502)
at java.base/java.lang.reflect.Constructor.newInstance(Constructor.java:486)
at org.openqa.selenium.remote.ErrorCodec.decode(ErrorCodec.java:167)
at org.openqa.selenium.remote.codec.w3c.W3CHttpResponseCodec.decode(W3CHttpResponseCodec.java:138)
at org.openqa.selenium.remote.codec.w3c.W3CHttpResponseCodec.decode(W3CHttpResponseCodec.java:50)
at org.openqa.selenium.remote.HttpCommandExecutor.execute(HttpCommandExecutor.java:190)
at org.openqa.selenium.remote.service.DriverCommandExecutor.invokeExecute(DriverCommandExecutor.java:216)
at org.openqa.selenium.remote.service.DriverCommandExecutor.execute(DriverCommandExecutor.java:174)
at org.openqa.selenium.remote.RemoteWebDriver.execute(RemoteWebDriver.java:545)
at org.openqa.selenium.remote.ElementLocation$ElementFinder$2.findElement(ElementLocation.java:165)
at org.openqa.selenium.remote.ElementLocation.findElement(ElementLocation.java:59)
at org.openqa.selenium.remote.RemoteWebDriver.findElement(RemoteWebDriver.java:368)
at org.openqa.selenium.remote.RemoteWebDriver.findElement(RemoteWebDriver.java:362)
at console_script.sanity.click_on_the_logout_button(sanity.java:168)
at ✽.click on the logout button(file:///C:/Users/guru/Desktop/Automation_script/QAconsole_Script/src/main/java/feature_file/sanity_SA.feature:109)
]]>
            </full-stacktrace>
          </exception> <!-- org.openqa.selenium.NoSuchElementException -->
          <reporter-output>
          </reporter-output>
        </test-method> <!-- runScenario -->
        <test-method is-config="true" signature="browserQuitconfiguration()[pri:0, instance:console_script.Runner@6aeb35e6]" started-at="2024-09-26T20:17:33 IST" name="browserQuitconfiguration" finished-at="2024-09-26T20:17:33 IST" duration-ms="591" status="PASS">
          <reporter-output>
          </reporter-output>
        </test-method> <!-- browserQuitconfiguration -->
        <test-method is-config="true" signature="tearDownClass()[pri:0, instance:console_script.Runner@6aeb35e6]" started-at="2024-09-26T20:17:33 IST" name="tearDownClass" finished-at="2024-09-26T20:17:33 IST" duration-ms="68" status="PASS">
          <reporter-output>
          </reporter-output>
        </test-method> <!-- tearDownClass -->
      </class> <!-- console_script.Runner -->
    </test> <!-- Test -->
  </suite> <!-- Suite -->
</testng-results>
