<?xml version="1.0" encoding="UTF-8"?>
<testng-results ignored="0" total="54" passed="54" failed="0" skipped="0">
  <reporter-output>
  </reporter-output>
  <suite started-at="2024-10-28T10:33:21 IST" name="Suite" finished-at="2024-10-28T10:34:30 IST" duration-ms="69159">
    <groups>
      <group name="cucumber">
        <method signature="AbstractTestNGCucumberTests.runScenario(io.cucumber.testng.PickleWrapper,io.cucumber.testng.FeatureWrapper)[pri:0, instance:console_script.Runner@73a1e9a9]" name="runScenario" class="io.cucumber.testng.AbstractTestNGCucumberTests"/>
      </group> <!-- cucumber -->
    </groups>
    <test started-at="2024-10-28T10:33:21 IST" name="Test" finished-at="2024-10-28T10:34:30 IST" duration-ms="69159">
      <class name="console_script.Runner">
        <test-method is-config="true" signature="setUpClass(org.testng.ITestContext)[pri:0, instance:console_script.Runner@73a1e9a9]" started-at="2024-10-28T10:33:21 IST" name="setUpClass" finished-at="2024-10-28T10:33:22 IST" duration-ms="966" status="PASS">
          <params>
            <param index="0">
              <value>
                <![CDATA[org.testng.TestRunner@453a30f8]]>
              </value>
            </param>
          </params>
          <reporter-output>
          </reporter-output>
        </test-method> <!-- setUpClass -->
        <test-method is-config="true" signature="browserlaunchconfiguration(java.lang.String,java.lang.String)[pri:0, instance:console_script.Runner@73a1e9a9]" started-at="2024-10-28T10:33:22 IST" name="browserlaunchconfiguration" finished-at="2024-10-28T10:33:35 IST" duration-ms="13336" status="PASS">
          <params>
            <param index="0">
              <value>
                <![CDATA[Chrome]]>
              </value>
            </param>
            <param index="1">
              <value>
                <![CDATA[Live]]>
              </value>
            </param>
          </params>
          <reporter-output>
          </reporter-output>
        </test-method> <!-- browserlaunchconfiguration -->
        <test-method signature="runScenario(io.cucumber.testng.PickleWrapper,io.cucumber.testng.FeatureWrapper)[pri:0, instance:console_script.Runner@73a1e9a9]" started-at="2024-10-28T10:33:35 IST" name="runScenario" description="Runs Cucumber Scenarios" data-provider="scenarios" finished-at="2024-10-28T10:33:36 IST" duration-ms="611" status="PASS">
          <params>
            <param index="0">
              <value>
                <![CDATA["login the application Admin"]]>
              </value>
            </param>
            <param index="1">
              <value>
                <![CDATA["UI sanity check on console Admin"]]>
              </value>
            </param>
          </params>
          <reporter-output>
          </reporter-output>
        </test-method> <!-- runScenario -->
        <test-method signature="runScenario(io.cucumber.testng.PickleWrapper,io.cucumber.testng.FeatureWrapper)[pri:0, instance:console_script.Runner@73a1e9a9]" started-at="2024-10-28T10:33:36 IST" name="runScenario" description="Runs Cucumber Scenarios" data-provider="scenarios" finished-at="2024-10-28T10:33:40 IST" duration-ms="4244" status="PASS">
          <params>
            <param index="0">
              <value>
                <![CDATA["Check the values and Graphs in Recent activity on analytics page"]]>
              </value>
            </param>
            <param index="1">
              <value>
                <![CDATA["UI sanity check on console Admin"]]>
              </value>
            </param>
          </params>
          <reporter-output>
          </reporter-output>
        </test-method> <!-- runScenario -->
        <test-method signature="runScenario(io.cucumber.testng.PickleWrapper,io.cucumber.testng.FeatureWrapper)[pri:0, instance:console_script.Runner@73a1e9a9]" started-at="2024-10-28T10:33:40 IST" name="runScenario" description="Runs Cucumber Scenarios" data-provider="scenarios" finished-at="2024-10-28T10:33:41 IST" duration-ms="1045" status="PASS">
          <params>
            <param index="0">
              <value>
                <![CDATA["Check the values and Graphs in Recent activity on analytics page"]]>
              </value>
            </param>
            <param index="1">
              <value>
                <![CDATA["UI sanity check on console Admin"]]>
              </value>
            </param>
          </params>
          <reporter-output>
          </reporter-output>
        </test-method> <!-- runScenario -->
        <test-method signature="runScenario(io.cucumber.testng.PickleWrapper,io.cucumber.testng.FeatureWrapper)[pri:0, instance:console_script.Runner@73a1e9a9]" started-at="2024-10-28T10:33:41 IST" name="runScenario" description="Runs Cucumber Scenarios" data-provider="scenarios" finished-at="2024-10-28T10:33:42 IST" duration-ms="1319" status="PASS">
          <params>
            <param index="0">
              <value>
                <![CDATA["Check the values and Graphs in Recent activity on analytics page"]]>
              </value>
            </param>
            <param index="1">
              <value>
                <![CDATA["UI sanity check on console Admin"]]>
              </value>
            </param>
          </params>
          <reporter-output>
          </reporter-output>
        </test-method> <!-- runScenario -->
        <test-method signature="runScenario(io.cucumber.testng.PickleWrapper,io.cucumber.testng.FeatureWrapper)[pri:0, instance:console_script.Runner@73a1e9a9]" started-at="2024-10-28T10:33:42 IST" name="runScenario" description="Runs Cucumber Scenarios" data-provider="scenarios" finished-at="2024-10-28T10:33:44 IST" duration-ms="1194" status="PASS">
          <params>
            <param index="0">
              <value>
                <![CDATA["Check the values and Graphs in Recent activity on analytics page"]]>
              </value>
            </param>
            <param index="1">
              <value>
                <![CDATA["UI sanity check on console Admin"]]>
              </value>
            </param>
          </params>
          <reporter-output>
          </reporter-output>
        </test-method> <!-- runScenario -->
        <test-method signature="runScenario(io.cucumber.testng.PickleWrapper,io.cucumber.testng.FeatureWrapper)[pri:0, instance:console_script.Runner@73a1e9a9]" started-at="2024-10-28T10:33:44 IST" name="runScenario" description="Runs Cucumber Scenarios" data-provider="scenarios" finished-at="2024-10-28T10:33:45 IST" duration-ms="1111" status="PASS">
          <params>
            <param index="0">
              <value>
                <![CDATA["Check the values and Graphs in Recent activity on analytics page"]]>
              </value>
            </param>
            <param index="1">
              <value>
                <![CDATA["UI sanity check on console Admin"]]>
              </value>
            </param>
          </params>
          <reporter-output>
          </reporter-output>
        </test-method> <!-- runScenario -->
        <test-method signature="runScenario(io.cucumber.testng.PickleWrapper,io.cucumber.testng.FeatureWrapper)[pri:0, instance:console_script.Runner@73a1e9a9]" started-at="2024-10-28T10:33:45 IST" name="runScenario" description="Runs Cucumber Scenarios" data-provider="scenarios" finished-at="2024-10-28T10:33:45 IST" duration-ms="658" status="PASS">
          <params>
            <param index="0">
              <value>
                <![CDATA["Check the values and Graphs in Recent activity on analytics page"]]>
              </value>
            </param>
            <param index="1">
              <value>
                <![CDATA["UI sanity check on console Admin"]]>
              </value>
            </param>
          </params>
          <reporter-output>
          </reporter-output>
        </test-method> <!-- runScenario -->
        <test-method signature="runScenario(io.cucumber.testng.PickleWrapper,io.cucumber.testng.FeatureWrapper)[pri:0, instance:console_script.Runner@73a1e9a9]" started-at="2024-10-28T10:33:45 IST" name="runScenario" description="Runs Cucumber Scenarios" data-provider="scenarios" finished-at="2024-10-28T10:33:46 IST" duration-ms="1054" status="PASS">
          <params>
            <param index="0">
              <value>
                <![CDATA["Check the values and Graphs in Recent activity on analytics page"]]>
              </value>
            </param>
            <param index="1">
              <value>
                <![CDATA["UI sanity check on console Admin"]]>
              </value>
            </param>
          </params>
          <reporter-output>
          </reporter-output>
        </test-method> <!-- runScenario -->
        <test-method signature="runScenario(io.cucumber.testng.PickleWrapper,io.cucumber.testng.FeatureWrapper)[pri:0, instance:console_script.Runner@73a1e9a9]" started-at="2024-10-28T10:33:46 IST" name="runScenario" description="Runs Cucumber Scenarios" data-provider="scenarios" finished-at="2024-10-28T10:33:47 IST" duration-ms="726" status="PASS">
          <params>
            <param index="0">
              <value>
                <![CDATA["Check the values and Graphs in Recent activity on analytics page"]]>
              </value>
            </param>
            <param index="1">
              <value>
                <![CDATA["UI sanity check on console Admin"]]>
              </value>
            </param>
          </params>
          <reporter-output>
          </reporter-output>
        </test-method> <!-- runScenario -->
        <test-method signature="runScenario(io.cucumber.testng.PickleWrapper,io.cucumber.testng.FeatureWrapper)[pri:0, instance:console_script.Runner@73a1e9a9]" started-at="2024-10-28T10:33:47 IST" name="runScenario" description="Runs Cucumber Scenarios" data-provider="scenarios" finished-at="2024-10-28T10:33:48 IST" duration-ms="801" status="PASS">
          <params>
            <param index="0">
              <value>
                <![CDATA["Check the values and Graphs in Recent activity on analytics page"]]>
              </value>
            </param>
            <param index="1">
              <value>
                <![CDATA["UI sanity check on console Admin"]]>
              </value>
            </param>
          </params>
          <reporter-output>
          </reporter-output>
        </test-method> <!-- runScenario -->
        <test-method signature="runScenario(io.cucumber.testng.PickleWrapper,io.cucumber.testng.FeatureWrapper)[pri:0, instance:console_script.Runner@73a1e9a9]" started-at="2024-10-28T10:33:48 IST" name="runScenario" description="Runs Cucumber Scenarios" data-provider="scenarios" finished-at="2024-10-28T10:33:48 IST" duration-ms="365" status="PASS">
          <params>
            <param index="0">
              <value>
                <![CDATA["Check the values and Graphs in Total message section in Analytics Overview"]]>
              </value>
            </param>
            <param index="1">
              <value>
                <![CDATA["UI sanity check on console Admin"]]>
              </value>
            </param>
          </params>
          <reporter-output>
          </reporter-output>
        </test-method> <!-- runScenario -->
        <test-method signature="runScenario(io.cucumber.testng.PickleWrapper,io.cucumber.testng.FeatureWrapper)[pri:0, instance:console_script.Runner@73a1e9a9]" started-at="2024-10-28T10:33:48 IST" name="runScenario" description="Runs Cucumber Scenarios" data-provider="scenarios" finished-at="2024-10-28T10:33:49 IST" duration-ms="442" status="PASS">
          <params>
            <param index="0">
              <value>
                <![CDATA["Check the values and Graphs in New User section in Analytics Overview on analytics page"]]>
              </value>
            </param>
            <param index="1">
              <value>
                <![CDATA["UI sanity check on console Admin"]]>
              </value>
            </param>
          </params>
          <reporter-output>
          </reporter-output>
        </test-method> <!-- runScenario -->
        <test-method signature="runScenario(io.cucumber.testng.PickleWrapper,io.cucumber.testng.FeatureWrapper)[pri:0, instance:console_script.Runner@73a1e9a9]" started-at="2024-10-28T10:33:49 IST" name="runScenario" description="Runs Cucumber Scenarios" data-provider="scenarios" finished-at="2024-10-28T10:33:49 IST" duration-ms="468" status="PASS">
          <params>
            <param index="0">
              <value>
                <![CDATA["Check the values and Graphs in New User section in Analytics Overview on analytics page"]]>
              </value>
            </param>
            <param index="1">
              <value>
                <![CDATA["UI sanity check on console Admin"]]>
              </value>
            </param>
          </params>
          <reporter-output>
          </reporter-output>
        </test-method> <!-- runScenario -->
        <test-method signature="runScenario(io.cucumber.testng.PickleWrapper,io.cucumber.testng.FeatureWrapper)[pri:0, instance:console_script.Runner@73a1e9a9]" started-at="2024-10-28T10:33:49 IST" name="runScenario" description="Runs Cucumber Scenarios" data-provider="scenarios" finished-at="2024-10-28T10:33:50 IST" duration-ms="450" status="PASS">
          <params>
            <param index="0">
              <value>
                <![CDATA["Check the values and Graphs in New User section in Analytics Overview on analytics page"]]>
              </value>
            </param>
            <param index="1">
              <value>
                <![CDATA["UI sanity check on console Admin"]]>
              </value>
            </param>
          </params>
          <reporter-output>
          </reporter-output>
        </test-method> <!-- runScenario -->
        <test-method signature="runScenario(io.cucumber.testng.PickleWrapper,io.cucumber.testng.FeatureWrapper)[pri:0, instance:console_script.Runner@73a1e9a9]" started-at="2024-10-28T10:33:50 IST" name="runScenario" description="Runs Cucumber Scenarios" data-provider="scenarios" finished-at="2024-10-28T10:33:50 IST" duration-ms="369" status="PASS">
          <params>
            <param index="0">
              <value>
                <![CDATA["Check the values and Graphs in New User section in Analytics Overview on analytics page"]]>
              </value>
            </param>
            <param index="1">
              <value>
                <![CDATA["UI sanity check on console Admin"]]>
              </value>
            </param>
          </params>
          <reporter-output>
          </reporter-output>
        </test-method> <!-- runScenario -->
        <test-method signature="runScenario(io.cucumber.testng.PickleWrapper,io.cucumber.testng.FeatureWrapper)[pri:0, instance:console_script.Runner@73a1e9a9]" started-at="2024-10-28T10:33:50 IST" name="runScenario" description="Runs Cucumber Scenarios" data-provider="scenarios" finished-at="2024-10-28T10:33:50 IST" duration-ms="360" status="PASS">
          <params>
            <param index="0">
              <value>
                <![CDATA["Check the values and Graphs in New User section in Analytics Overview on analytics page"]]>
              </value>
            </param>
            <param index="1">
              <value>
                <![CDATA["UI sanity check on console Admin"]]>
              </value>
            </param>
          </params>
          <reporter-output>
          </reporter-output>
        </test-method> <!-- runScenario -->
        <test-method signature="runScenario(io.cucumber.testng.PickleWrapper,io.cucumber.testng.FeatureWrapper)[pri:0, instance:console_script.Runner@73a1e9a9]" started-at="2024-10-28T10:33:50 IST" name="runScenario" description="Runs Cucumber Scenarios" data-provider="scenarios" finished-at="2024-10-28T10:33:51 IST" duration-ms="385" status="PASS">
          <params>
            <param index="0">
              <value>
                <![CDATA["Check the values and Graphs in Total call Duration section in Analytics Overview on analytics page"]]>
              </value>
            </param>
            <param index="1">
              <value>
                <![CDATA["UI sanity check on console Admin"]]>
              </value>
            </param>
          </params>
          <reporter-output>
          </reporter-output>
        </test-method> <!-- runScenario -->
        <test-method signature="runScenario(io.cucumber.testng.PickleWrapper,io.cucumber.testng.FeatureWrapper)[pri:0, instance:console_script.Runner@73a1e9a9]" started-at="2024-10-28T10:33:51 IST" name="runScenario" description="Runs Cucumber Scenarios" data-provider="scenarios" finished-at="2024-10-28T10:33:51 IST" duration-ms="533" status="PASS">
          <params>
            <param index="0">
              <value>
                <![CDATA["Check the values and Graphs in Total call Duration section in Analytics Overview on analytics page"]]>
              </value>
            </param>
            <param index="1">
              <value>
                <![CDATA["UI sanity check on console Admin"]]>
              </value>
            </param>
          </params>
          <reporter-output>
          </reporter-output>
        </test-method> <!-- runScenario -->
        <test-method signature="runScenario(io.cucumber.testng.PickleWrapper,io.cucumber.testng.FeatureWrapper)[pri:0, instance:console_script.Runner@73a1e9a9]" started-at="2024-10-28T10:33:51 IST" name="runScenario" description="Runs Cucumber Scenarios" data-provider="scenarios" finished-at="2024-10-28T10:33:52 IST" duration-ms="429" status="PASS">
          <params>
            <param index="0">
              <value>
                <![CDATA["Check the values and Graphs in Total call Duration section in Analytics Overview on analytics page"]]>
              </value>
            </param>
            <param index="1">
              <value>
                <![CDATA["UI sanity check on console Admin"]]>
              </value>
            </param>
          </params>
          <reporter-output>
          </reporter-output>
        </test-method> <!-- runScenario -->
        <test-method signature="runScenario(io.cucumber.testng.PickleWrapper,io.cucumber.testng.FeatureWrapper)[pri:0, instance:console_script.Runner@73a1e9a9]" started-at="2024-10-28T10:33:52 IST" name="runScenario" description="Runs Cucumber Scenarios" data-provider="scenarios" finished-at="2024-10-28T10:33:52 IST" duration-ms="401" status="PASS">
          <params>
            <param index="0">
              <value>
                <![CDATA["Check the values and Graphs in Total calls section in Analytics Overview on analytics page"]]>
              </value>
            </param>
            <param index="1">
              <value>
                <![CDATA["UI sanity check on console Admin"]]>
              </value>
            </param>
          </params>
          <reporter-output>
          </reporter-output>
        </test-method> <!-- runScenario -->
        <test-method signature="runScenario(io.cucumber.testng.PickleWrapper,io.cucumber.testng.FeatureWrapper)[pri:0, instance:console_script.Runner@73a1e9a9]" started-at="2024-10-28T10:33:52 IST" name="runScenario" description="Runs Cucumber Scenarios" data-provider="scenarios" finished-at="2024-10-28T10:33:53 IST" duration-ms="372" status="PASS">
          <params>
            <param index="0">
              <value>
                <![CDATA["Check the values and Graphs in Total calls section in Analytics Overview on analytics page"]]>
              </value>
            </param>
            <param index="1">
              <value>
                <![CDATA["UI sanity check on console Admin"]]>
              </value>
            </param>
          </params>
          <reporter-output>
          </reporter-output>
        </test-method> <!-- runScenario -->
        <test-method signature="runScenario(io.cucumber.testng.PickleWrapper,io.cucumber.testng.FeatureWrapper)[pri:0, instance:console_script.Runner@73a1e9a9]" started-at="2024-10-28T10:33:53 IST" name="runScenario" description="Runs Cucumber Scenarios" data-provider="scenarios" finished-at="2024-10-28T10:33:53 IST" duration-ms="463" status="PASS">
          <params>
            <param index="0">
              <value>
                <![CDATA["Check the values and Graphs in Total calls section in Analytics Overview on analytics page"]]>
              </value>
            </param>
            <param index="1">
              <value>
                <![CDATA["UI sanity check on console Admin"]]>
              </value>
            </param>
          </params>
          <reporter-output>
          </reporter-output>
        </test-method> <!-- runScenario -->
        <test-method signature="runScenario(io.cucumber.testng.PickleWrapper,io.cucumber.testng.FeatureWrapper)[pri:0, instance:console_script.Runner@73a1e9a9]" started-at="2024-10-28T10:33:53 IST" name="runScenario" description="Runs Cucumber Scenarios" data-provider="scenarios" finished-at="2024-10-28T10:33:55 IST" duration-ms="1869" status="PASS">
          <params>
            <param index="0">
              <value>
                <![CDATA["verify the total customers values on Quick over view dashboard and total customer values on the filtered view is equal"]]>
              </value>
            </param>
            <param index="1">
              <value>
                <![CDATA["UI sanity check on console Admin"]]>
              </value>
            </param>
          </params>
          <reporter-output>
          </reporter-output>
        </test-method> <!-- runScenario -->
        <test-method signature="runScenario(io.cucumber.testng.PickleWrapper,io.cucumber.testng.FeatureWrapper)[pri:0, instance:console_script.Runner@73a1e9a9]" started-at="2024-10-28T10:33:55 IST" name="runScenario" description="Runs Cucumber Scenarios" data-provider="scenarios" finished-at="2024-10-28T10:33:57 IST" duration-ms="2528" status="PASS">
          <params>
            <param index="0">
              <value>
                <![CDATA["verify the Active Customers values on Quick over view dashboard and Active Customers values on the filtered view is equal"]]>
              </value>
            </param>
            <param index="1">
              <value>
                <![CDATA["UI sanity check on console Admin"]]>
              </value>
            </param>
          </params>
          <reporter-output>
          </reporter-output>
        </test-method> <!-- runScenario -->
        <test-method signature="runScenario(io.cucumber.testng.PickleWrapper,io.cucumber.testng.FeatureWrapper)[pri:0, instance:console_script.Runner@73a1e9a9]" started-at="2024-10-28T10:33:57 IST" name="runScenario" description="Runs Cucumber Scenarios" data-provider="scenarios" finished-at="2024-10-28T10:34:00 IST" duration-ms="2484" status="PASS">
          <params>
            <param index="0">
              <value>
                <![CDATA["verify the Trial Customers values on Quick over view dashboard and Trial Customers values on the filtered view is equal"]]>
              </value>
            </param>
            <param index="1">
              <value>
                <![CDATA["UI sanity check on console Admin"]]>
              </value>
            </param>
          </params>
          <reporter-output>
          </reporter-output>
        </test-method> <!-- runScenario -->
        <test-method signature="runScenario(io.cucumber.testng.PickleWrapper,io.cucumber.testng.FeatureWrapper)[pri:0, instance:console_script.Runner@73a1e9a9]" started-at="2024-10-28T10:34:00 IST" name="runScenario" description="Runs Cucumber Scenarios" data-provider="scenarios" finished-at="2024-10-28T10:34:02 IST" duration-ms="1993" status="PASS">
          <params>
            <param index="0">
              <value>
                <![CDATA["verify the Total Paid Customers values on Quick over view dashboard and Total Paid Customers values on the filtered view is equal"]]>
              </value>
            </param>
            <param index="1">
              <value>
                <![CDATA["UI sanity check on console Admin"]]>
              </value>
            </param>
          </params>
          <reporter-output>
          </reporter-output>
        </test-method> <!-- runScenario -->
        <test-method signature="runScenario(io.cucumber.testng.PickleWrapper,io.cucumber.testng.FeatureWrapper)[pri:0, instance:console_script.Runner@73a1e9a9]" started-at="2024-10-28T10:34:02 IST" name="runScenario" description="Runs Cucumber Scenarios" data-provider="scenarios" finished-at="2024-10-28T10:34:04 IST" duration-ms="2476" status="PASS">
          <params>
            <param index="0">
              <value>
                <![CDATA["logout the application"]]>
              </value>
            </param>
            <param index="1">
              <value>
                <![CDATA["UI sanity check on console Admin"]]>
              </value>
            </param>
          </params>
          <reporter-output>
          </reporter-output>
        </test-method> <!-- runScenario -->
        <test-method signature="runScenario(io.cucumber.testng.PickleWrapper,io.cucumber.testng.FeatureWrapper)[pri:0, instance:console_script.Runner@73a1e9a9]" started-at="2024-10-28T10:34:04 IST" name="runScenario" description="Runs Cucumber Scenarios" data-provider="scenarios" finished-at="2024-10-28T10:34:05 IST" duration-ms="572" status="PASS">
          <params>
            <param index="0">
              <value>
                <![CDATA["login the application Superadmin"]]>
              </value>
            </param>
            <param index="1">
              <value>
                <![CDATA["UI sanity check on console Superadmin"]]>
              </value>
            </param>
          </params>
          <reporter-output>
          </reporter-output>
        </test-method> <!-- runScenario -->
        <test-method signature="runScenario(io.cucumber.testng.PickleWrapper,io.cucumber.testng.FeatureWrapper)[pri:0, instance:console_script.Runner@73a1e9a9]" started-at="2024-10-28T10:34:05 IST" name="runScenario" description="Runs Cucumber Scenarios" data-provider="scenarios" finished-at="2024-10-28T10:34:08 IST" duration-ms="3370" status="PASS">
          <params>
            <param index="0">
              <value>
                <![CDATA["Check the values and Graphs in Recent activity on analytics page"]]>
              </value>
            </param>
            <param index="1">
              <value>
                <![CDATA["UI sanity check on console Superadmin"]]>
              </value>
            </param>
          </params>
          <reporter-output>
          </reporter-output>
        </test-method> <!-- runScenario -->
        <test-method signature="runScenario(io.cucumber.testng.PickleWrapper,io.cucumber.testng.FeatureWrapper)[pri:0, instance:console_script.Runner@73a1e9a9]" started-at="2024-10-28T10:34:08 IST" name="runScenario" description="Runs Cucumber Scenarios" data-provider="scenarios" finished-at="2024-10-28T10:34:09 IST" duration-ms="748" status="PASS">
          <params>
            <param index="0">
              <value>
                <![CDATA["Check the values and Graphs in Recent activity on analytics page"]]>
              </value>
            </param>
            <param index="1">
              <value>
                <![CDATA["UI sanity check on console Superadmin"]]>
              </value>
            </param>
          </params>
          <reporter-output>
          </reporter-output>
        </test-method> <!-- runScenario -->
        <test-method signature="runScenario(io.cucumber.testng.PickleWrapper,io.cucumber.testng.FeatureWrapper)[pri:0, instance:console_script.Runner@73a1e9a9]" started-at="2024-10-28T10:34:09 IST" name="runScenario" description="Runs Cucumber Scenarios" data-provider="scenarios" finished-at="2024-10-28T10:34:10 IST" duration-ms="874" status="PASS">
          <params>
            <param index="0">
              <value>
                <![CDATA["Check the values and Graphs in Recent activity on analytics page"]]>
              </value>
            </param>
            <param index="1">
              <value>
                <![CDATA["UI sanity check on console Superadmin"]]>
              </value>
            </param>
          </params>
          <reporter-output>
          </reporter-output>
        </test-method> <!-- runScenario -->
        <test-method signature="runScenario(io.cucumber.testng.PickleWrapper,io.cucumber.testng.FeatureWrapper)[pri:0, instance:console_script.Runner@73a1e9a9]" started-at="2024-10-28T10:34:10 IST" name="runScenario" description="Runs Cucumber Scenarios" data-provider="scenarios" finished-at="2024-10-28T10:34:11 IST" duration-ms="818" status="PASS">
          <params>
            <param index="0">
              <value>
                <![CDATA["Check the values and Graphs in Recent activity on analytics page"]]>
              </value>
            </param>
            <param index="1">
              <value>
                <![CDATA["UI sanity check on console Superadmin"]]>
              </value>
            </param>
          </params>
          <reporter-output>
          </reporter-output>
        </test-method> <!-- runScenario -->
        <test-method signature="runScenario(io.cucumber.testng.PickleWrapper,io.cucumber.testng.FeatureWrapper)[pri:0, instance:console_script.Runner@73a1e9a9]" started-at="2024-10-28T10:34:11 IST" name="runScenario" description="Runs Cucumber Scenarios" data-provider="scenarios" finished-at="2024-10-28T10:34:12 IST" duration-ms="825" status="PASS">
          <params>
            <param index="0">
              <value>
                <![CDATA["Check the values and Graphs in Recent activity on analytics page"]]>
              </value>
            </param>
            <param index="1">
              <value>
                <![CDATA["UI sanity check on console Superadmin"]]>
              </value>
            </param>
          </params>
          <reporter-output>
          </reporter-output>
        </test-method> <!-- runScenario -->
        <test-method signature="runScenario(io.cucumber.testng.PickleWrapper,io.cucumber.testng.FeatureWrapper)[pri:0, instance:console_script.Runner@73a1e9a9]" started-at="2024-10-28T10:34:12 IST" name="runScenario" description="Runs Cucumber Scenarios" data-provider="scenarios" finished-at="2024-10-28T10:34:12 IST" duration-ms="646" status="PASS">
          <params>
            <param index="0">
              <value>
                <![CDATA["Check the values and Graphs in Recent activity on analytics page"]]>
              </value>
            </param>
            <param index="1">
              <value>
                <![CDATA["UI sanity check on console Superadmin"]]>
              </value>
            </param>
          </params>
          <reporter-output>
          </reporter-output>
        </test-method> <!-- runScenario -->
        <test-method signature="runScenario(io.cucumber.testng.PickleWrapper,io.cucumber.testng.FeatureWrapper)[pri:0, instance:console_script.Runner@73a1e9a9]" started-at="2024-10-28T10:34:12 IST" name="runScenario" description="Runs Cucumber Scenarios" data-provider="scenarios" finished-at="2024-10-28T10:34:13 IST" duration-ms="995" status="PASS">
          <params>
            <param index="0">
              <value>
                <![CDATA["Check the values and Graphs in Recent activity on analytics page"]]>
              </value>
            </param>
            <param index="1">
              <value>
                <![CDATA["UI sanity check on console Superadmin"]]>
              </value>
            </param>
          </params>
          <reporter-output>
          </reporter-output>
        </test-method> <!-- runScenario -->
        <test-method signature="runScenario(io.cucumber.testng.PickleWrapper,io.cucumber.testng.FeatureWrapper)[pri:0, instance:console_script.Runner@73a1e9a9]" started-at="2024-10-28T10:34:13 IST" name="runScenario" description="Runs Cucumber Scenarios" data-provider="scenarios" finished-at="2024-10-28T10:34:14 IST" duration-ms="782" status="PASS">
          <params>
            <param index="0">
              <value>
                <![CDATA["Check the values and Graphs in Recent activity on analytics page"]]>
              </value>
            </param>
            <param index="1">
              <value>
                <![CDATA["UI sanity check on console Superadmin"]]>
              </value>
            </param>
          </params>
          <reporter-output>
          </reporter-output>
        </test-method> <!-- runScenario -->
        <test-method signature="runScenario(io.cucumber.testng.PickleWrapper,io.cucumber.testng.FeatureWrapper)[pri:0, instance:console_script.Runner@73a1e9a9]" started-at="2024-10-28T10:34:14 IST" name="runScenario" description="Runs Cucumber Scenarios" data-provider="scenarios" finished-at="2024-10-28T10:34:15 IST" duration-ms="848" status="PASS">
          <params>
            <param index="0">
              <value>
                <![CDATA["Check the values and Graphs in Recent activity on analytics page"]]>
              </value>
            </param>
            <param index="1">
              <value>
                <![CDATA["UI sanity check on console Superadmin"]]>
              </value>
            </param>
          </params>
          <reporter-output>
          </reporter-output>
        </test-method> <!-- runScenario -->
        <test-method signature="runScenario(io.cucumber.testng.PickleWrapper,io.cucumber.testng.FeatureWrapper)[pri:0, instance:console_script.Runner@73a1e9a9]" started-at="2024-10-28T10:34:15 IST" name="runScenario" description="Runs Cucumber Scenarios" data-provider="scenarios" finished-at="2024-10-28T10:34:15 IST" duration-ms="285" status="PASS">
          <params>
            <param index="0">
              <value>
                <![CDATA["Check the values and Graphs in Total message section in Analytics Overview"]]>
              </value>
            </param>
            <param index="1">
              <value>
                <![CDATA["UI sanity check on console Superadmin"]]>
              </value>
            </param>
          </params>
          <reporter-output>
          </reporter-output>
        </test-method> <!-- runScenario -->
        <test-method signature="runScenario(io.cucumber.testng.PickleWrapper,io.cucumber.testng.FeatureWrapper)[pri:0, instance:console_script.Runner@73a1e9a9]" started-at="2024-10-28T10:34:15 IST" name="runScenario" description="Runs Cucumber Scenarios" data-provider="scenarios" finished-at="2024-10-28T10:34:16 IST" duration-ms="454" status="PASS">
          <params>
            <param index="0">
              <value>
                <![CDATA["Check the values and Graphs in New User section in Analytics Overview on analytics page"]]>
              </value>
            </param>
            <param index="1">
              <value>
                <![CDATA["UI sanity check on console Superadmin"]]>
              </value>
            </param>
          </params>
          <reporter-output>
          </reporter-output>
        </test-method> <!-- runScenario -->
        <test-method signature="runScenario(io.cucumber.testng.PickleWrapper,io.cucumber.testng.FeatureWrapper)[pri:0, instance:console_script.Runner@73a1e9a9]" started-at="2024-10-28T10:34:16 IST" name="runScenario" description="Runs Cucumber Scenarios" data-provider="scenarios" finished-at="2024-10-28T10:34:16 IST" duration-ms="445" status="PASS">
          <params>
            <param index="0">
              <value>
                <![CDATA["Check the values and Graphs in New User section in Analytics Overview on analytics page"]]>
              </value>
            </param>
            <param index="1">
              <value>
                <![CDATA["UI sanity check on console Superadmin"]]>
              </value>
            </param>
          </params>
          <reporter-output>
          </reporter-output>
        </test-method> <!-- runScenario -->
        <test-method signature="runScenario(io.cucumber.testng.PickleWrapper,io.cucumber.testng.FeatureWrapper)[pri:0, instance:console_script.Runner@73a1e9a9]" started-at="2024-10-28T10:34:16 IST" name="runScenario" description="Runs Cucumber Scenarios" data-provider="scenarios" finished-at="2024-10-28T10:34:16 IST" duration-ms="361" status="PASS">
          <params>
            <param index="0">
              <value>
                <![CDATA["Check the values and Graphs in New User section in Analytics Overview on analytics page"]]>
              </value>
            </param>
            <param index="1">
              <value>
                <![CDATA["UI sanity check on console Superadmin"]]>
              </value>
            </param>
          </params>
          <reporter-output>
          </reporter-output>
        </test-method> <!-- runScenario -->
        <test-method signature="runScenario(io.cucumber.testng.PickleWrapper,io.cucumber.testng.FeatureWrapper)[pri:0, instance:console_script.Runner@73a1e9a9]" started-at="2024-10-28T10:34:16 IST" name="runScenario" description="Runs Cucumber Scenarios" data-provider="scenarios" finished-at="2024-10-28T10:34:17 IST" duration-ms="400" status="PASS">
          <params>
            <param index="0">
              <value>
                <![CDATA["Check the values and Graphs in New User section in Analytics Overview on analytics page"]]>
              </value>
            </param>
            <param index="1">
              <value>
                <![CDATA["UI sanity check on console Superadmin"]]>
              </value>
            </param>
          </params>
          <reporter-output>
          </reporter-output>
        </test-method> <!-- runScenario -->
        <test-method signature="runScenario(io.cucumber.testng.PickleWrapper,io.cucumber.testng.FeatureWrapper)[pri:0, instance:console_script.Runner@73a1e9a9]" started-at="2024-10-28T10:34:17 IST" name="runScenario" description="Runs Cucumber Scenarios" data-provider="scenarios" finished-at="2024-10-28T10:34:17 IST" duration-ms="318" status="PASS">
          <params>
            <param index="0">
              <value>
                <![CDATA["Check the values and Graphs in New User section in Analytics Overview on analytics page"]]>
              </value>
            </param>
            <param index="1">
              <value>
                <![CDATA["UI sanity check on console Superadmin"]]>
              </value>
            </param>
          </params>
          <reporter-output>
          </reporter-output>
        </test-method> <!-- runScenario -->
        <test-method signature="runScenario(io.cucumber.testng.PickleWrapper,io.cucumber.testng.FeatureWrapper)[pri:0, instance:console_script.Runner@73a1e9a9]" started-at="2024-10-28T10:34:17 IST" name="runScenario" description="Runs Cucumber Scenarios" data-provider="scenarios" finished-at="2024-10-28T10:34:17 IST" duration-ms="291" status="PASS">
          <params>
            <param index="0">
              <value>
                <![CDATA["Check the values and Graphs in Total call Duration section in Analytics Overview on analytics page"]]>
              </value>
            </param>
            <param index="1">
              <value>
                <![CDATA["UI sanity check on console Superadmin"]]>
              </value>
            </param>
          </params>
          <reporter-output>
          </reporter-output>
        </test-method> <!-- runScenario -->
        <test-method signature="runScenario(io.cucumber.testng.PickleWrapper,io.cucumber.testng.FeatureWrapper)[pri:0, instance:console_script.Runner@73a1e9a9]" started-at="2024-10-28T10:34:17 IST" name="runScenario" description="Runs Cucumber Scenarios" data-provider="scenarios" finished-at="2024-10-28T10:34:18 IST" duration-ms="312" status="PASS">
          <params>
            <param index="0">
              <value>
                <![CDATA["Check the values and Graphs in Total call Duration section in Analytics Overview on analytics page"]]>
              </value>
            </param>
            <param index="1">
              <value>
                <![CDATA["UI sanity check on console Superadmin"]]>
              </value>
            </param>
          </params>
          <reporter-output>
          </reporter-output>
        </test-method> <!-- runScenario -->
        <test-method signature="runScenario(io.cucumber.testng.PickleWrapper,io.cucumber.testng.FeatureWrapper)[pri:0, instance:console_script.Runner@73a1e9a9]" started-at="2024-10-28T10:34:18 IST" name="runScenario" description="Runs Cucumber Scenarios" data-provider="scenarios" finished-at="2024-10-28T10:34:18 IST" duration-ms="319" status="PASS">
          <params>
            <param index="0">
              <value>
                <![CDATA["Check the values and Graphs in Total call Duration section in Analytics Overview on analytics page"]]>
              </value>
            </param>
            <param index="1">
              <value>
                <![CDATA["UI sanity check on console Superadmin"]]>
              </value>
            </param>
          </params>
          <reporter-output>
          </reporter-output>
        </test-method> <!-- runScenario -->
        <test-method signature="runScenario(io.cucumber.testng.PickleWrapper,io.cucumber.testng.FeatureWrapper)[pri:0, instance:console_script.Runner@73a1e9a9]" started-at="2024-10-28T10:34:18 IST" name="runScenario" description="Runs Cucumber Scenarios" data-provider="scenarios" finished-at="2024-10-28T10:34:18 IST" duration-ms="384" status="PASS">
          <params>
            <param index="0">
              <value>
                <![CDATA["Check the values and Graphs in Total calls section in Analytics Overview on analytics page"]]>
              </value>
            </param>
            <param index="1">
              <value>
                <![CDATA["UI sanity check on console Superadmin"]]>
              </value>
            </param>
          </params>
          <reporter-output>
          </reporter-output>
        </test-method> <!-- runScenario -->
        <test-method signature="runScenario(io.cucumber.testng.PickleWrapper,io.cucumber.testng.FeatureWrapper)[pri:0, instance:console_script.Runner@73a1e9a9]" started-at="2024-10-28T10:34:18 IST" name="runScenario" description="Runs Cucumber Scenarios" data-provider="scenarios" finished-at="2024-10-28T10:34:19 IST" duration-ms="353" status="PASS">
          <params>
            <param index="0">
              <value>
                <![CDATA["Check the values and Graphs in Total calls section in Analytics Overview on analytics page"]]>
              </value>
            </param>
            <param index="1">
              <value>
                <![CDATA["UI sanity check on console Superadmin"]]>
              </value>
            </param>
          </params>
          <reporter-output>
          </reporter-output>
        </test-method> <!-- runScenario -->
        <test-method signature="runScenario(io.cucumber.testng.PickleWrapper,io.cucumber.testng.FeatureWrapper)[pri:0, instance:console_script.Runner@73a1e9a9]" started-at="2024-10-28T10:34:19 IST" name="runScenario" description="Runs Cucumber Scenarios" data-provider="scenarios" finished-at="2024-10-28T10:34:19 IST" duration-ms="332" status="PASS">
          <params>
            <param index="0">
              <value>
                <![CDATA["Check the values and Graphs in Total calls section in Analytics Overview on analytics page"]]>
              </value>
            </param>
            <param index="1">
              <value>
                <![CDATA["UI sanity check on console Superadmin"]]>
              </value>
            </param>
          </params>
          <reporter-output>
          </reporter-output>
        </test-method> <!-- runScenario -->
        <test-method signature="runScenario(io.cucumber.testng.PickleWrapper,io.cucumber.testng.FeatureWrapper)[pri:0, instance:console_script.Runner@73a1e9a9]" started-at="2024-10-28T10:34:19 IST" name="runScenario" description="Runs Cucumber Scenarios" data-provider="scenarios" finished-at="2024-10-28T10:34:20 IST" duration-ms="1099" status="PASS">
          <params>
            <param index="0">
              <value>
                <![CDATA["verify the total customers values on Quick over view dashboard and total customer values on the filtered view is equal"]]>
              </value>
            </param>
            <param index="1">
              <value>
                <![CDATA["UI sanity check on console Superadmin"]]>
              </value>
            </param>
          </params>
          <reporter-output>
          </reporter-output>
        </test-method> <!-- runScenario -->
        <test-method signature="runScenario(io.cucumber.testng.PickleWrapper,io.cucumber.testng.FeatureWrapper)[pri:0, instance:console_script.Runner@73a1e9a9]" started-at="2024-10-28T10:34:20 IST" name="runScenario" description="Runs Cucumber Scenarios" data-provider="scenarios" finished-at="2024-10-28T10:34:22 IST" duration-ms="2195" status="PASS">
          <params>
            <param index="0">
              <value>
                <![CDATA["verify the Active Customers values on Quick over view dashboard and Active Customers values on the filtered view is equal"]]>
              </value>
            </param>
            <param index="1">
              <value>
                <![CDATA["UI sanity check on console Superadmin"]]>
              </value>
            </param>
          </params>
          <reporter-output>
          </reporter-output>
        </test-method> <!-- runScenario -->
        <test-method signature="runScenario(io.cucumber.testng.PickleWrapper,io.cucumber.testng.FeatureWrapper)[pri:0, instance:console_script.Runner@73a1e9a9]" started-at="2024-10-28T10:34:22 IST" name="runScenario" description="Runs Cucumber Scenarios" data-provider="scenarios" finished-at="2024-10-28T10:34:25 IST" duration-ms="2794" status="PASS">
          <params>
            <param index="0">
              <value>
                <![CDATA["verify the Trial Customers values on Quick over view dashboard and Trial Customers values on the filtered view is equal"]]>
              </value>
            </param>
            <param index="1">
              <value>
                <![CDATA["UI sanity check on console Superadmin"]]>
              </value>
            </param>
          </params>
          <reporter-output>
          </reporter-output>
        </test-method> <!-- runScenario -->
        <test-method signature="runScenario(io.cucumber.testng.PickleWrapper,io.cucumber.testng.FeatureWrapper)[pri:0, instance:console_script.Runner@73a1e9a9]" started-at="2024-10-28T10:34:25 IST" name="runScenario" description="Runs Cucumber Scenarios" data-provider="scenarios" finished-at="2024-10-28T10:34:28 IST" duration-ms="2248" status="PASS">
          <params>
            <param index="0">
              <value>
                <![CDATA["verify the Total Paid Customers values on Quick over view dashboard and Total Paid Customers values on the filtered view is equal"]]>
              </value>
            </param>
            <param index="1">
              <value>
                <![CDATA["UI sanity check on console Superadmin"]]>
              </value>
            </param>
          </params>
          <reporter-output>
          </reporter-output>
        </test-method> <!-- runScenario -->
        <test-method signature="runScenario(io.cucumber.testng.PickleWrapper,io.cucumber.testng.FeatureWrapper)[pri:0, instance:console_script.Runner@73a1e9a9]" started-at="2024-10-28T10:34:28 IST" name="runScenario" description="Runs Cucumber Scenarios" data-provider="scenarios" finished-at="2024-10-28T10:34:29 IST" duration-ms="1672" status="PASS">
          <params>
            <param index="0">
              <value>
                <![CDATA["logout the application"]]>
              </value>
            </param>
            <param index="1">
              <value>
                <![CDATA["UI sanity check on console Superadmin"]]>
              </value>
            </param>
          </params>
          <reporter-output>
          </reporter-output>
        </test-method> <!-- runScenario -->
        <test-method is-config="true" signature="browserQuitconfiguration()[pri:0, instance:console_script.Runner@73a1e9a9]" started-at="2024-10-28T10:34:29 IST" name="browserQuitconfiguration" finished-at="2024-10-28T10:34:30 IST" duration-ms="523" status="PASS">
          <reporter-output>
          </reporter-output>
        </test-method> <!-- browserQuitconfiguration -->
        <test-method is-config="true" signature="tearDownClass()[pri:0, instance:console_script.Runner@73a1e9a9]" started-at="2024-10-28T10:34:30 IST" name="tearDownClass" finished-at="2024-10-28T10:34:30 IST" duration-ms="223" status="PASS">
          <reporter-output>
          </reporter-output>
        </test-method> <!-- tearDownClass -->
      </class> <!-- console_script.Runner -->
    </test> <!-- Test -->
  </suite> <!-- Suite -->
</testng-results>
