<?xml version="1.0" encoding="UTF-8"?>
<!-- Generated by org.testng.reporters.JUnitReportReporter -->
<testsuite hostname="LAPTOP-IF2LQPSQ" failures="0" tests="46" name="console_script.Runner" time="26.429" errors="2" timestamp="2024-09-26T20:17:34 IST" skipped="0">
  <testcase classname="console_script.Runner" name="runScenario" time="0.270"/>
  <system-out/>
  <testcase classname="console_script.Runner" name="runScenario" time="3.814"/>
  <system-out/>
  <testcase classname="console_script.Runner" name="runScenario" time="0.565"/>
  <system-out/>
  <testcase classname="console_script.Runner" name="runScenario" time="0.347"/>
  <system-out/>
  <testcase classname="console_script.Runner" name="runScenario" time="0.274"/>
  <system-out/>
  <testcase classname="console_script.Runner" name="runScenario" time="0.554"/>
  <system-out/>
  <testcase classname="console_script.Runner" name="runScenario" time="0.432"/>
  <system-out/>
  <testcase classname="console_script.Runner" name="runScenario" time="0.219"/>
  <system-out/>
  <testcase classname="console_script.Runner" name="runScenario" time="0.425"/>
  <system-out/>
  <testcase classname="console_script.Runner" name="runScenario" time="0.226"/>
  <system-out/>
  <testcase classname="console_script.Runner" name="runScenario" time="0.312"/>
  <system-out/>
  <testcase classname="console_script.Runner" name="runScenario" time="0.663"/>
  <system-out/>
  <testcase classname="console_script.Runner" name="runScenario" time="0.301"/>
  <system-out/>
  <testcase classname="console_script.Runner" name="runScenario" time="0.519"/>
  <system-out/>
  <testcase classname="console_script.Runner" name="runScenario" time="0.441"/>
  <system-out/>
  <testcase classname="console_script.Runner" name="runScenario" time="0.722"/>
  <system-out/>
  <testcase classname="console_script.Runner" name="runScenario" time="0.504"/>
  <system-out/>
  <testcase classname="console_script.Runner" name="runScenario" time="0.147"/>
  <system-out/>
  <testcase classname="console_script.Runner" name="runScenario" time="0.194"/>
  <system-out/>
  <testcase classname="console_script.Runner" name="runScenario" time="0.280"/>
  <system-out/>
  <testcase classname="console_script.Runner" name="runScenario" time="0.312"/>
  <system-out/>
  <testcase classname="console_script.Runner" name="runScenario" time="0.442"/>
  <system-out/>
  <testcase classname="console_script.Runner" name="runScenario" time="0.235"/>
  <system-out/>
  <testcase classname="console_script.Runner" name="runScenario" time="0.142"/>
  <system-out/>
  <testcase classname="console_script.Runner" name="runScenario" time="0.287"/>
  <system-out/>
  <testcase classname="console_script.Runner" name="runScenario" time="0.296"/>
  <system-out/>
  <testcase classname="console_script.Runner" name="runScenario" time="0.465"/>
  <system-out/>
  <testcase classname="console_script.Runner" name="runScenario" time="0.456"/>
  <system-out/>
  <testcase classname="console_script.Runner" name="runScenario" time="0.255"/>
  <system-out/>
  <testcase classname="console_script.Runner" name="runScenario" time="0.288"/>
  <system-out/>
  <testcase classname="console_script.Runner" name="runScenario" time="0.153"/>
  <system-out/>
  <testcase classname="console_script.Runner" name="runScenario" time="0.739"/>
  <system-out/>
  <testcase classname="console_script.Runner" name="runScenario" time="0.496">
    <error message="no such element: Unable to locate element: {&quot;method&quot;:&quot;xpath&quot;,&quot;selector&quot;:&quot;//*[text()=&#039;logout&#039;]&quot;}
  (Session info: chrome=129.0.6668.59)
For documentation on this error, please visit: https://www.selenium.dev/documentation/webdriver/troubleshooting/errors#no-such-element-exception
Build info: version: &#039;4.24.0&#039;, revision: &#039;748ffc9bc3&#039;
System info: os.name: &#039;Windows 11&#039;, os.arch: &#039;amd64&#039;, os.version: &#039;10.0&#039;, java.version: &#039;21.0.4&#039;
Driver info: org.openqa.selenium.chrome.ChromeDriver
Command: [19d7bd5d4a664e2039a98eb1c0c78fe4, findElement {using=xpath, value=//*[text()=&#039;logout&#039;]}]
Capabilities {acceptInsecureCerts: false, browserName: chrome, browserVersion: 129.0.6668.59, chrome: {chromedriverVersion: 129.0.6668.70 (df87d5cf12b1..., userDataDir: C:\Users\guru\AppData\Local...}, fedcm:accounts: true, goog:chromeOptions: {debuggerAddress: localhost:49858}, networkConnectionEnabled: false, pageLoadStrategy: normal, platformName: windows, proxy: Proxy(), se:cdp: ws://localhost:49858/devtoo..., se:cdpVersion: 129.0.6668.59, setWindowRect: true, strictFileInteractability: false, timeouts: {implicit: 0, pageLoad: 300000, script: 30000}, unhandledPromptBehavior: dismiss and notify, webauthn:extension:credBlob: true, webauthn:extension:largeBlob: true, webauthn:extension:minPinLength: true, webauthn:extension:prf: true, webauthn:virtualAuthenticators: true}
Session ID: 19d7bd5d4a664e2039a98eb1c0c78fe4" type="org.openqa.selenium.NoSuchElementException">
      <![CDATA[org.openqa.selenium.NoSuchElementException: no such element: Unable to locate element: {"method":"xpath","selector":"//*[text()='logout']"}
  (Session info: chrome=129.0.6668.59)
For documentation on this error, please visit: https://www.selenium.dev/documentation/webdriver/troubleshooting/errors#no-such-element-exception
Build info: version: '4.24.0', revision: '748ffc9bc3'
System info: os.name: 'Windows 11', os.arch: 'amd64', os.version: '10.0', java.version: '21.0.4'
Driver info: org.openqa.selenium.chrome.ChromeDriver
Command: [19d7bd5d4a664e2039a98eb1c0c78fe4, findElement {using=xpath, value=//*[text()='logout']}]
Capabilities {acceptInsecureCerts: false, browserName: chrome, browserVersion: 129.0.6668.59, chrome: {chromedriverVersion: 129.0.6668.70 (df87d5cf12b1..., userDataDir: C:\Users\guru\AppData\Local...}, fedcm:accounts: true, goog:chromeOptions: {debuggerAddress: localhost:49858}, networkConnectionEnabled: false, pageLoadStrategy: normal, platformName: windows, proxy: Proxy(), se:cdp: ws://localhost:49858/devtoo..., se:cdpVersion: 129.0.6668.59, setWindowRect: true, strictFileInteractability: false, timeouts: {implicit: 0, pageLoad: 300000, script: 30000}, unhandledPromptBehavior: dismiss and notify, webauthn:extension:credBlob: true, webauthn:extension:largeBlob: true, webauthn:extension:minPinLength: true, webauthn:extension:prf: true, webauthn:virtualAuthenticators: true}
Session ID: 19d7bd5d4a664e2039a98eb1c0c78fe4
at java.base/jdk.internal.reflect.DirectConstructorHandleAccessor.newInstance(DirectConstructorHandleAccessor.java:62)
at java.base/java.lang.reflect.Constructor.newInstanceWithCaller(Constructor.java:502)
at java.base/java.lang.reflect.Constructor.newInstance(Constructor.java:486)
at org.openqa.selenium.remote.ErrorCodec.decode(ErrorCodec.java:167)
at org.openqa.selenium.remote.codec.w3c.W3CHttpResponseCodec.decode(W3CHttpResponseCodec.java:138)
at org.openqa.selenium.remote.codec.w3c.W3CHttpResponseCodec.decode(W3CHttpResponseCodec.java:50)
at org.openqa.selenium.remote.HttpCommandExecutor.execute(HttpCommandExecutor.java:190)
at org.openqa.selenium.remote.service.DriverCommandExecutor.invokeExecute(DriverCommandExecutor.java:216)
at org.openqa.selenium.remote.service.DriverCommandExecutor.execute(DriverCommandExecutor.java:174)
at org.openqa.selenium.remote.RemoteWebDriver.execute(RemoteWebDriver.java:545)
at org.openqa.selenium.remote.ElementLocation$ElementFinder$2.findElement(ElementLocation.java:165)
at org.openqa.selenium.remote.ElementLocation.findElement(ElementLocation.java:59)
at org.openqa.selenium.remote.RemoteWebDriver.findElement(RemoteWebDriver.java:368)
at org.openqa.selenium.remote.RemoteWebDriver.findElement(RemoteWebDriver.java:362)
at console_script.sanity.click_on_the_logout_button(sanity.java:168)
at ✽.click on the logout button(file:///C:/Users/guru/Desktop/Automation_script/QAconsole_Script/src/main/java/feature_file/sanity_SA.feature:109)
]]>
    </error>
  </testcase> <!-- runScenario -->
  <system-out/>
  <testcase classname="console_script.Runner" name="runScenario" time="0.366"/>
  <system-out/>
  <testcase classname="console_script.Runner" name="runScenario" time="0.208"/>
  <system-out/>
  <testcase classname="console_script.Runner" name="runScenario" time="0.410"/>
  <system-out/>
  <testcase classname="console_script.Runner" name="runScenario" time="0.812">
    <error message="no such element: Unable to locate element: {&quot;method&quot;:&quot;xpath&quot;,&quot;selector&quot;:&quot;//*[text()=&#039;logout&#039;]&quot;}
  (Session info: chrome=129.0.6668.59)
For documentation on this error, please visit: https://www.selenium.dev/documentation/webdriver/troubleshooting/errors#no-such-element-exception
Build info: version: &#039;4.24.0&#039;, revision: &#039;748ffc9bc3&#039;
System info: os.name: &#039;Windows 11&#039;, os.arch: &#039;amd64&#039;, os.version: &#039;10.0&#039;, java.version: &#039;21.0.4&#039;
Driver info: org.openqa.selenium.chrome.ChromeDriver
Command: [19d7bd5d4a664e2039a98eb1c0c78fe4, findElement {using=xpath, value=//*[text()=&#039;logout&#039;]}]
Capabilities {acceptInsecureCerts: false, browserName: chrome, browserVersion: 129.0.6668.59, chrome: {chromedriverVersion: 129.0.6668.70 (df87d5cf12b1..., userDataDir: C:\Users\guru\AppData\Local...}, fedcm:accounts: true, goog:chromeOptions: {debuggerAddress: localhost:49858}, networkConnectionEnabled: false, pageLoadStrategy: normal, platformName: windows, proxy: Proxy(), se:cdp: ws://localhost:49858/devtoo..., se:cdpVersion: 129.0.6668.59, setWindowRect: true, strictFileInteractability: false, timeouts: {implicit: 0, pageLoad: 300000, script: 30000}, unhandledPromptBehavior: dismiss and notify, webauthn:extension:credBlob: true, webauthn:extension:largeBlob: true, webauthn:extension:minPinLength: true, webauthn:extension:prf: true, webauthn:virtualAuthenticators: true}
Session ID: 19d7bd5d4a664e2039a98eb1c0c78fe4" type="org.openqa.selenium.NoSuchElementException">
      <![CDATA[org.openqa.selenium.NoSuchElementException: no such element: Unable to locate element: {"method":"xpath","selector":"//*[text()='logout']"}
  (Session info: chrome=129.0.6668.59)
For documentation on this error, please visit: https://www.selenium.dev/documentation/webdriver/troubleshooting/errors#no-such-element-exception
Build info: version: '4.24.0', revision: '748ffc9bc3'
System info: os.name: 'Windows 11', os.arch: 'amd64', os.version: '10.0', java.version: '21.0.4'
Driver info: org.openqa.selenium.chrome.ChromeDriver
Command: [19d7bd5d4a664e2039a98eb1c0c78fe4, findElement {using=xpath, value=//*[text()='logout']}]
Capabilities {acceptInsecureCerts: false, browserName: chrome, browserVersion: 129.0.6668.59, chrome: {chromedriverVersion: 129.0.6668.70 (df87d5cf12b1..., userDataDir: C:\Users\guru\AppData\Local...}, fedcm:accounts: true, goog:chromeOptions: {debuggerAddress: localhost:49858}, networkConnectionEnabled: false, pageLoadStrategy: normal, platformName: windows, proxy: Proxy(), se:cdp: ws://localhost:49858/devtoo..., se:cdpVersion: 129.0.6668.59, setWindowRect: true, strictFileInteractability: false, timeouts: {implicit: 0, pageLoad: 300000, script: 30000}, unhandledPromptBehavior: dismiss and notify, webauthn:extension:credBlob: true, webauthn:extension:largeBlob: true, webauthn:extension:minPinLength: true, webauthn:extension:prf: true, webauthn:virtualAuthenticators: true}
Session ID: 19d7bd5d4a664e2039a98eb1c0c78fe4
at java.base/jdk.internal.reflect.DirectConstructorHandleAccessor.newInstance(DirectConstructorHandleAccessor.java:62)
at java.base/java.lang.reflect.Constructor.newInstanceWithCaller(Constructor.java:502)
at java.base/java.lang.reflect.Constructor.newInstance(Constructor.java:486)
at org.openqa.selenium.remote.ErrorCodec.decode(ErrorCodec.java:167)
at org.openqa.selenium.remote.codec.w3c.W3CHttpResponseCodec.decode(W3CHttpResponseCodec.java:138)
at org.openqa.selenium.remote.codec.w3c.W3CHttpResponseCodec.decode(W3CHttpResponseCodec.java:50)
at org.openqa.selenium.remote.HttpCommandExecutor.execute(HttpCommandExecutor.java:190)
at org.openqa.selenium.remote.service.DriverCommandExecutor.invokeExecute(DriverCommandExecutor.java:216)
at org.openqa.selenium.remote.service.DriverCommandExecutor.execute(DriverCommandExecutor.java:174)
at org.openqa.selenium.remote.RemoteWebDriver.execute(RemoteWebDriver.java:545)
at org.openqa.selenium.remote.ElementLocation$ElementFinder$2.findElement(ElementLocation.java:165)
at org.openqa.selenium.remote.ElementLocation.findElement(ElementLocation.java:59)
at org.openqa.selenium.remote.RemoteWebDriver.findElement(RemoteWebDriver.java:368)
at org.openqa.selenium.remote.RemoteWebDriver.findElement(RemoteWebDriver.java:362)
at console_script.sanity.click_on_the_logout_button(sanity.java:168)
at ✽.click on the logout button(file:///C:/Users/guru/Desktop/Automation_script/QAconsole_Script/src/main/java/feature_file/sanity_Admin.feature:109)
]]>
    </error>
  </testcase> <!-- runScenario -->
  <system-out/>
  <testcase classname="console_script.Runner" name="runScenario" time="5.459"/>
  <system-out/>
  <testcase classname="console_script.Runner" name="runScenario" time="0.502"/>
  <system-out/>
  <testcase classname="console_script.Runner" name="runScenario" time="1.117"/>
  <system-out/>
  <testcase classname="console_script.Runner" name="runScenario" time="0.275"/>
  <system-out/>
  <testcase classname="console_script.Runner" name="runScenario" time="0.295"/>
  <system-out/>
  <testcase classname="console_script.Runner" name="runScenario" time="0.320"/>
  <system-out/>
  <testcase classname="console_script.Runner" name="runScenario" time="0.220"/>
  <system-out/>
  <testcase classname="console_script.Runner" name="runScenario" time="0.344"/>
  <system-out/>
  <testcase classname="console_script.Runner" name="runScenario" time="0.326"/>
  <system-out/>
</testsuite> <!-- console_script.Runner -->
